TpTrace Verbose: 0 : 23148, 1, 2024/05/28, 23:38:55.369, 3970587926861, vstest.console.dll, Version: 17.9.0-release-24072-02 Current process architecture: X64
TpTrace Verbose: 0 : 23148, 1, 2024/05/28, 23:38:55.374, 3970587976612, vstest.console.dll, Runtime location: C:\Program Files\dotnet\shared\Microsoft.NETCore.App\8.0.3
TpTrace Verbose: 0 : 23148, 1, 2024/05/28, 23:38:55.377, 3970588007901, vstest.console.dll, ArtifactProcessingPostProcessModeProcessorExecutor.Initialize: ArtifactProcessingMode.Collect
TpTrace Verbose: 0 : 23148, 1, 2024/05/28, 23:38:55.377, 3970588009593, vstest.console.dll, TestSessionCorrelationIdProcessorModeProcessorExecutor.Initialize: TestSessionCorrelationId '15716_7ccab015-5dcf-49c4-9b60-53956c4f0b08'
TpTrace Information: 0 : 23148, 1, 2024/05/28, 23:38:55.386, 3970588096190, vstest.console.dll, FilePatternParser: The given file C:\Users\vc\Desktop\Mini Project\ShoppingAppSolution\ShoppingAppTest\bin\Debug\net6.0\fine-code-coverage\build-output\ShoppingAppTest.dll is a full path.
TpTrace Verbose: 0 : 23148, 1, 2024/05/28, 23:38:55.389, 3970588128737, vstest.console.dll, TestPluginCache.DiscoverTestExtensions: finding test extensions in assemblies ends with: RuntimeProvider.dll TPluginInfo: Microsoft.VisualStudio.TestPlatform.Common.ExtensionFramework.Utilities.TestRuntimePluginInformation TExtension: Microsoft.VisualStudio.TestPlatform.ObjectModel.Host.ITestRuntimeProvider
TpTrace Verbose: 0 : 23148, 1, 2024/05/28, 23:38:55.389, 3970588131487, vstest.console.dll, TestPluginCache.GetExtensionPaths: Filtered extension paths: 
TpTrace Verbose: 0 : 23148, 1, 2024/05/28, 23:38:55.390, 3970588132178, vstest.console.dll, TestPluginCache.GetExtensionPaths: Added default extension paths: C:\Program Files\dotnet\sdk\8.0.202\Extensions\Microsoft.Diagnostics.NETCore.Client.dll
C:\Program Files\dotnet\sdk\8.0.202\Extensions\Microsoft.TestPlatform.Extensions.BlameDataCollector.dll
C:\Program Files\dotnet\sdk\8.0.202\Extensions\Microsoft.TestPlatform.Extensions.EventLogCollector.dll
C:\Program Files\dotnet\sdk\8.0.202\Extensions\Microsoft.TestPlatform.TestHostRuntimeProvider.dll
C:\Program Files\dotnet\sdk\8.0.202\Extensions\Microsoft.VisualStudio.TestPlatform.Extensions.Html.TestLogger.dll
C:\Program Files\dotnet\sdk\8.0.202\Extensions\Microsoft.VisualStudio.TestPlatform.Extensions.Trx.TestLogger.dll
TpTrace Verbose: 0 : 23148, 1, 2024/05/28, 23:38:55.390, 3970588132448, vstest.console.dll, TestPluginCache.GetExtensionPaths: Added unfilterableExtensionPaths: 
TpTrace Information: 0 : 23148, 1, 2024/05/28, 23:38:55.390, 3970588136055, vstest.console.dll, AssemblyResolver.ctor: Creating AssemblyResolver with searchDirectories C:\Program Files\dotnet\sdk\8.0.202\Extensions,C:\Program Files\dotnet\sdk\8.0.202
TpTrace Verbose: 0 : 23148, 1, 2024/05/28, 23:38:55.391, 3970588146519, vstest.console.dll, TestPluginCache.DiscoverTestExtensions: Discovering the extensions using extension path.
TpTrace Verbose: 0 : 23148, 1, 2024/05/28, 23:38:55.391, 3970588147497, vstest.console.dll, TestPluginCache.GetExtensionPaths: Filtered extension paths: 
TpTrace Verbose: 0 : 23148, 1, 2024/05/28, 23:38:55.391, 3970588147870, vstest.console.dll, TestPluginCache.GetExtensionPaths: Added default extension paths: C:\Program Files\dotnet\sdk\8.0.202\Extensions\Microsoft.Diagnostics.NETCore.Client.dll
C:\Program Files\dotnet\sdk\8.0.202\Extensions\Microsoft.TestPlatform.Extensions.BlameDataCollector.dll
C:\Program Files\dotnet\sdk\8.0.202\Extensions\Microsoft.TestPlatform.Extensions.EventLogCollector.dll
C:\Program Files\dotnet\sdk\8.0.202\Extensions\Microsoft.TestPlatform.TestHostRuntimeProvider.dll
C:\Program Files\dotnet\sdk\8.0.202\Extensions\Microsoft.VisualStudio.TestPlatform.Extensions.Html.TestLogger.dll
C:\Program Files\dotnet\sdk\8.0.202\Extensions\Microsoft.VisualStudio.TestPlatform.Extensions.Trx.TestLogger.dll
TpTrace Verbose: 0 : 23148, 1, 2024/05/28, 23:38:55.391, 3970588148102, vstest.console.dll, TestPluginCache.GetExtensionPaths: Added unfilterableExtensionPaths: 
TpTrace Verbose: 0 : 23148, 1, 2024/05/28, 23:38:55.391, 3970588148539, vstest.console.dll, TestPluginCache.DiscoverTestExtensions: Discovering the extensions using allExtensionPaths: C:\Program Files\dotnet\sdk\8.0.202\Extensions\Microsoft.Diagnostics.NETCore.Client.dll
C:\Program Files\dotnet\sdk\8.0.202\Extensions\Microsoft.TestPlatform.Extensions.BlameDataCollector.dll
C:\Program Files\dotnet\sdk\8.0.202\Extensions\Microsoft.TestPlatform.Extensions.EventLogCollector.dll
C:\Program Files\dotnet\sdk\8.0.202\Extensions\Microsoft.TestPlatform.TestHostRuntimeProvider.dll
C:\Program Files\dotnet\sdk\8.0.202\Extensions\Microsoft.VisualStudio.TestPlatform.Extensions.Html.TestLogger.dll
C:\Program Files\dotnet\sdk\8.0.202\Extensions\Microsoft.VisualStudio.TestPlatform.Extensions.Trx.TestLogger.dll
TpTrace Information: 0 : 23148, 1, 2024/05/28, 23:38:55.391, 3970588149723, vstest.console.dll, AssemblyResolver.AddSearchDirectories: Adding more searchDirectories C:\Program Files\dotnet\sdk\8.0.202\Extensions,C:\Program Files\dotnet\sdk\8.0.202
TpTrace Information: 0 : 23148, 1, 2024/05/28, 23:38:55.391, 3970588150135, vstest.console.dll, AssemblyResolver.AddSearchDirectories: Adding more searchDirectories C:\Program Files\dotnet\sdk\8.0.202\Extensions,C:\Program Files\dotnet\sdk\8.0.202
TpTrace Information: 0 : 23148, 1, 2024/05/28, 23:38:55.391, 3970588150410, vstest.console.dll, AssemblyResolver.AddSearchDirectories: Adding more searchDirectories C:\Program Files\dotnet\sdk\8.0.202\Extensions,C:\Program Files\dotnet\sdk\8.0.202
TpTrace Information: 0 : 23148, 1, 2024/05/28, 23:38:55.391, 3970588150625, vstest.console.dll, AssemblyResolver.AddSearchDirectories: Adding more searchDirectories C:\Program Files\dotnet\sdk\8.0.202\Extensions,C:\Program Files\dotnet\sdk\8.0.202
TpTrace Information: 0 : 23148, 1, 2024/05/28, 23:38:55.391, 3970588150837, vstest.console.dll, AssemblyResolver.AddSearchDirectories: Adding more searchDirectories C:\Program Files\dotnet\sdk\8.0.202\Extensions,C:\Program Files\dotnet\sdk\8.0.202
TpTrace Information: 0 : 23148, 1, 2024/05/28, 23:38:55.391, 3970588151086, vstest.console.dll, AssemblyResolver.AddSearchDirectories: Adding more searchDirectories C:\Program Files\dotnet\sdk\8.0.202\Extensions,C:\Program Files\dotnet\sdk\8.0.202
TpTrace Information: 0 : 23148, 1, 2024/05/28, 23:38:55.392, 3970588154587, vstest.console.dll, AssemblyResolver.OnResolve: Microsoft.Diagnostics.NETCore.Client: Resolving assembly.
TpTrace Information: 0 : 23148, 1, 2024/05/28, 23:38:55.392, 3970588155163, vstest.console.dll, AssemblyResolver.OnResolve: Microsoft.Diagnostics.NETCore.Client: Searching in: 'C:\Program Files\dotnet\sdk\8.0.202\Extensions'.
TpTrace Information: 0 : 23148, 1, 2024/05/28, 23:38:55.398, 3970588219309, vstest.console.dll, AssemblyResolver.OnResolve: Microsoft.Diagnostics.NETCore.Client: Loading assembly 'C:\Program Files\dotnet\sdk\8.0.202\Extensions\Microsoft.Diagnostics.NETCore.Client.dll'.
TpTrace Information: 0 : 23148, 1, 2024/05/28, 23:38:55.399, 3970588227986, vstest.console.dll, AssemblyResolver.OnResolve: Resolved assembly: Microsoft.Diagnostics.NETCore.Client, from path: C:\Program Files\dotnet\sdk\8.0.202\Extensions\Microsoft.Diagnostics.NETCore.Client.dll
TpTrace Verbose: 0 : 23148, 1, 2024/05/28, 23:38:55.403, 3970588267412, vstest.console.dll, MetadataReaderExtensionsHelper: Discovering extensions inside assembly 'Microsoft.Diagnostics.NETCore.Client, Version=0.2.9.2401, Culture=neutral, PublicKeyToken=31bf3856ad364e35' file path 'C:\Program Files\dotnet\sdk\8.0.202\Extensions\Microsoft.Diagnostics.NETCore.Client.dll'
TpTrace Information: 0 : 23148, 1, 2024/05/28, 23:38:55.406, 3970588296432, vstest.console.dll, AssemblyResolver.OnResolve: Microsoft.Bcl.AsyncInterfaces: Resolving assembly.
TpTrace Information: 0 : 23148, 1, 2024/05/28, 23:38:55.406, 3970588297069, vstest.console.dll, AssemblyResolver.OnResolve: Microsoft.Bcl.AsyncInterfaces: Searching in: 'C:\Program Files\dotnet\sdk\8.0.202\Extensions'.
TpTrace Information: 0 : 23148, 1, 2024/05/28, 23:38:55.406, 3970588297688, vstest.console.dll, AssemblyResolver.OnResolve: Microsoft.Bcl.AsyncInterfaces: Assembly path does not exist: 'C:\Program Files\dotnet\sdk\8.0.202\Extensions\Microsoft.Bcl.AsyncInterfaces.dll', returning.
TpTrace Information: 0 : 23148, 1, 2024/05/28, 23:38:55.406, 3970588298484, vstest.console.dll, AssemblyResolver.OnResolve: Microsoft.Bcl.AsyncInterfaces: Assembly path does not exist: 'C:\Program Files\dotnet\sdk\8.0.202\Extensions\Microsoft.Bcl.AsyncInterfaces.exe', returning.
TpTrace Information: 0 : 23148, 1, 2024/05/28, 23:38:55.406, 3970588298770, vstest.console.dll, AssemblyResolver.OnResolve: Microsoft.Bcl.AsyncInterfaces: Searching in: 'C:\Program Files\dotnet\sdk\8.0.202'.
TpTrace Information: 0 : 23148, 1, 2024/05/28, 23:38:55.406, 3970588299188, vstest.console.dll, AssemblyResolver.OnResolve: Microsoft.Bcl.AsyncInterfaces: Assembly path does not exist: 'C:\Program Files\dotnet\sdk\8.0.202\Microsoft.Bcl.AsyncInterfaces.dll', returning.
TpTrace Information: 0 : 23148, 1, 2024/05/28, 23:38:55.406, 3970588299579, vstest.console.dll, AssemblyResolver.OnResolve: Microsoft.Bcl.AsyncInterfaces: Assembly path does not exist: 'C:\Program Files\dotnet\sdk\8.0.202\Microsoft.Bcl.AsyncInterfaces.exe', returning.
TpTrace Information: 0 : 23148, 1, 2024/05/28, 23:38:55.406, 3970588299787, vstest.console.dll, AssemblyResolver.OnResolve: Microsoft.Bcl.AsyncInterfaces: Failed to load assembly.
TpTrace Verbose: 0 : 23148, 1, 2024/05/28, 23:38:55.406, 3970588300119, vstest.console.dll, CurrentDomainAssemblyResolve: Resolving assembly 'Microsoft.Bcl.AsyncInterfaces'.
TpTrace Information: 0 : 23148, 1, 2024/05/28, 23:38:55.406, 3970588300506, vstest.console.dll, AssemblyResolver.OnResolve: Microsoft.Bcl.AsyncInterfaces: Resolving assembly.
TpTrace Information: 0 : 23148, 1, 2024/05/28, 23:38:55.406, 3970588300764, vstest.console.dll, AssemblyResolver.OnResolve: Microsoft.Bcl.AsyncInterfaces: Resolved from cache.
TpTrace Verbose: 0 : 23148, 1, 2024/05/28, 23:38:55.406, 3970588300972, vstest.console.dll, CurrentDomainAssemblyResolve: Resolving assembly 'Microsoft.Bcl.AsyncInterfaces'.
TpTrace Verbose: 0 : 23148, 1, 2024/05/28, 23:38:55.406, 3970588301209, vstest.console.dll, CurrentDomainAssemblyResolve: Failed to resolve assembly 'Microsoft.Bcl.AsyncInterfaces'.
TpTrace Verbose: 0 : 23148, 1, 2024/05/28, 23:38:55.407, 3970588305713, vstest.console.dll, CurrentDomainAssemblyResolve: Failed to resolve assembly 'Microsoft.Bcl.AsyncInterfaces'.
TpTrace Warning: 0 : 23148, 1, 2024/05/28, 23:38:55.416, 3970588396381, vstest.console.dll, TestPluginDiscoverer: Failed to get types from assembly 'Microsoft.Diagnostics.NETCore.Client, Version=0.2.9.2401, Culture=neutral, PublicKeyToken=31bf3856ad364e35'. Error: System.Reflection.ReflectionTypeLoadException: Unable to load one or more of the requested types.
Could not load file or assembly 'Microsoft.Bcl.AsyncInterfaces, Version=6.0.0.0, Culture=neutral, PublicKeyToken=cc7b13ffcd2ddd51'. The system cannot find the file specified.
   at System.Reflection.RuntimeModule.GetTypes(RuntimeModule module)
   at System.Reflection.RuntimeModule.GetTypes()
   at Microsoft.VisualStudio.TestPlatform.Common.ExtensionFramework.TestPluginDiscoverer.GetTestExtensionsFromAssembly[TPluginInfo,TExtension](Assembly assembly, Dictionary`2 pluginInfos, String filePath) in /_/src/Microsoft.TestPlatform.Common/ExtensionFramework/TestPluginDiscoverer.cs:line 158
System.IO.FileNotFoundException: Could not load file or assembly 'Microsoft.Bcl.AsyncInterfaces, Version=6.0.0.0, Culture=neutral, PublicKeyToken=cc7b13ffcd2ddd51'. The system cannot find the file specified.
File name: 'Microsoft.Bcl.AsyncInterfaces, Version=6.0.0.0, Culture=neutral, PublicKeyToken=cc7b13ffcd2ddd51'
 ---> System.IO.FileNotFoundException: Could not load file or assembly 'Microsoft.Bcl.AsyncInterfaces, Culture=neutral, PublicKeyToken=null'. The system cannot find the file specified.
File name: 'Microsoft.Bcl.AsyncInterfaces, Culture=neutral, PublicKeyToken=null'
   at System.Reflection.RuntimeAssembly.InternalLoad(AssemblyName assemblyName, StackCrawlMark& stackMark, AssemblyLoadContext assemblyLoadContext, RuntimeAssembly requestingAssembly, Boolean throwOnFileNotFound)
   at System.Reflection.Assembly.Load(AssemblyName assemblyRef)
   at Microsoft.VisualStudio.TestPlatform.Common.ExtensionFramework.TestPluginCache.CurrentDomainAssemblyResolve(Object sender, AssemblyResolveEventArgs args) in /_/src/Microsoft.TestPlatform.Common/ExtensionFramework/TestPluginCache.cs:line 513
   at System.Runtime.Loader.AssemblyLoadContext.GetFirstResolvedAssemblyFromResolvingEvent(AssemblyName assemblyName)
   at System.Runtime.Loader.AssemblyLoadContext.ResolveUsingEvent(AssemblyName assemblyName)
   at System.Runtime.Loader.AssemblyLoadContext.ResolveUsingResolvingEvent(IntPtr gchManagedAssemblyLoadContext, AssemblyName assemblyName)
TpTrace Warning: 0 : 23148, 1, 2024/05/28, 23:38:55.416, 3970588399419, vstest.console.dll, LoaderExceptions: System.IO.FileNotFoundException: Could not load file or assembly 'Microsoft.Bcl.AsyncInterfaces, Version=6.0.0.0, Culture=neutral, PublicKeyToken=cc7b13ffcd2ddd51'. The system cannot find the file specified.
File name: 'Microsoft.Bcl.AsyncInterfaces, Version=6.0.0.0, Culture=neutral, PublicKeyToken=cc7b13ffcd2ddd51'
 ---> System.IO.FileNotFoundException: Could not load file or assembly 'Microsoft.Bcl.AsyncInterfaces, Culture=neutral, PublicKeyToken=null'. The system cannot find the file specified.
File name: 'Microsoft.Bcl.AsyncInterfaces, Culture=neutral, PublicKeyToken=null'
   at System.Reflection.RuntimeAssembly.InternalLoad(AssemblyName assemblyName, StackCrawlMark& stackMark, AssemblyLoadContext assemblyLoadContext, RuntimeAssembly requestingAssembly, Boolean throwOnFileNotFound)
   at System.Reflection.Assembly.Load(AssemblyName assemblyRef)
   at Microsoft.VisualStudio.TestPlatform.Common.ExtensionFramework.TestPluginCache.CurrentDomainAssemblyResolve(Object sender, AssemblyResolveEventArgs args) in /_/src/Microsoft.TestPlatform.Common/ExtensionFramework/TestPluginCache.cs:line 513
   at System.Runtime.Loader.AssemblyLoadContext.GetFirstResolvedAssemblyFromResolvingEvent(AssemblyName assemblyName)
   at System.Runtime.Loader.AssemblyLoadContext.ResolveUsingEvent(AssemblyName assemblyName)
   at System.Runtime.Loader.AssemblyLoadContext.ResolveUsingResolvingEvent(IntPtr gchManagedAssemblyLoadContext, AssemblyName assemblyName)
TpTrace Information: 0 : 23148, 1, 2024/05/28, 23:38:55.416, 3970588400872, vstest.console.dll, AssemblyResolver.OnResolve: Microsoft.TestPlatform.Extensions.BlameDataCollector: Resolving assembly.
TpTrace Information: 0 : 23148, 1, 2024/05/28, 23:38:55.416, 3970588401249, vstest.console.dll, AssemblyResolver.OnResolve: Microsoft.TestPlatform.Extensions.BlameDataCollector: Searching in: 'C:\Program Files\dotnet\sdk\8.0.202\Extensions'.
TpTrace Information: 0 : 23148, 1, 2024/05/28, 23:38:55.417, 3970588403856, vstest.console.dll, AssemblyResolver.OnResolve: Microsoft.TestPlatform.Extensions.BlameDataCollector: Loading assembly 'C:\Program Files\dotnet\sdk\8.0.202\Extensions\Microsoft.TestPlatform.Extensions.BlameDataCollector.dll'.
TpTrace Information: 0 : 23148, 1, 2024/05/28, 23:38:55.417, 3970588409571, vstest.console.dll, AssemblyResolver.OnResolve: Resolved assembly: Microsoft.TestPlatform.Extensions.BlameDataCollector, from path: C:\Program Files\dotnet\sdk\8.0.202\Extensions\Microsoft.TestPlatform.Extensions.BlameDataCollector.dll
TpTrace Verbose: 0 : 23148, 1, 2024/05/28, 23:38:55.417, 3970588410254, vstest.console.dll, MetadataReaderExtensionsHelper: Discovering extensions inside assembly 'Microsoft.TestPlatform.Extensions.BlameDataCollector, Version=15.0.0.0, Culture=neutral, PublicKeyToken=b03f5f7f11d50a3a' file path 'C:\Program Files\dotnet\sdk\8.0.202\Extensions\Microsoft.TestPlatform.Extensions.BlameDataCollector.dll'
TpTrace Information: 0 : 23148, 1, 2024/05/28, 23:38:55.418, 3970588421525, vstest.console.dll, AssemblyResolver.OnResolve: Microsoft.TestPlatform.Extensions.EventLogCollector: Resolving assembly.
TpTrace Information: 0 : 23148, 1, 2024/05/28, 23:38:55.419, 3970588422028, vstest.console.dll, AssemblyResolver.OnResolve: Microsoft.TestPlatform.Extensions.EventLogCollector: Searching in: 'C:\Program Files\dotnet\sdk\8.0.202\Extensions'.
TpTrace Information: 0 : 23148, 1, 2024/05/28, 23:38:55.419, 3970588424389, vstest.console.dll, AssemblyResolver.OnResolve: Microsoft.TestPlatform.Extensions.EventLogCollector: Loading assembly 'C:\Program Files\dotnet\sdk\8.0.202\Extensions\Microsoft.TestPlatform.Extensions.EventLogCollector.dll'.
TpTrace Information: 0 : 23148, 1, 2024/05/28, 23:38:55.419, 3970588427846, vstest.console.dll, AssemblyResolver.OnResolve: Resolved assembly: Microsoft.TestPlatform.Extensions.EventLogCollector, from path: C:\Program Files\dotnet\sdk\8.0.202\Extensions\Microsoft.TestPlatform.Extensions.EventLogCollector.dll
TpTrace Verbose: 0 : 23148, 1, 2024/05/28, 23:38:55.419, 3970588428379, vstest.console.dll, MetadataReaderExtensionsHelper: Discovering extensions inside assembly 'Microsoft.TestPlatform.Extensions.EventLogCollector, Version=15.0.0.0, Culture=neutral, PublicKeyToken=b03f5f7f11d50a3a' file path 'C:\Program Files\dotnet\sdk\8.0.202\Extensions\Microsoft.TestPlatform.Extensions.EventLogCollector.dll'
TpTrace Information: 0 : 23148, 1, 2024/05/28, 23:38:55.421, 3970588443443, vstest.console.dll, AssemblyResolver.OnResolve: Microsoft.TestPlatform.TestHostRuntimeProvider: Resolving assembly.
TpTrace Information: 0 : 23148, 1, 2024/05/28, 23:38:55.421, 3970588443961, vstest.console.dll, AssemblyResolver.OnResolve: Microsoft.TestPlatform.TestHostRuntimeProvider: Searching in: 'C:\Program Files\dotnet\sdk\8.0.202\Extensions'.
TpTrace Information: 0 : 23148, 1, 2024/05/28, 23:38:55.421, 3970588445651, vstest.console.dll, AssemblyResolver.OnResolve: Microsoft.TestPlatform.TestHostRuntimeProvider: Loading assembly 'C:\Program Files\dotnet\sdk\8.0.202\Extensions\Microsoft.TestPlatform.TestHostRuntimeProvider.dll'.
TpTrace Information: 0 : 23148, 1, 2024/05/28, 23:38:55.421, 3970588449054, vstest.console.dll, AssemblyResolver.OnResolve: Resolved assembly: Microsoft.TestPlatform.TestHostRuntimeProvider, from path: C:\Program Files\dotnet\sdk\8.0.202\Extensions\Microsoft.TestPlatform.TestHostRuntimeProvider.dll
TpTrace Verbose: 0 : 23148, 1, 2024/05/28, 23:38:55.421, 3970588449523, vstest.console.dll, MetadataReaderExtensionsHelper: Discovering extensions inside assembly 'Microsoft.TestPlatform.TestHostRuntimeProvider, Version=15.0.0.0, Culture=neutral, PublicKeyToken=b03f5f7f11d50a3a' file path 'C:\Program Files\dotnet\sdk\8.0.202\Extensions\Microsoft.TestPlatform.TestHostRuntimeProvider.dll'
TpTrace Information: 0 : 23148, 1, 2024/05/28, 23:38:55.422, 3970588459032, vstest.console.dll, GetTestExtensionFromType: Register extension with identifier data 'HostProvider://DefaultTestHost' and type 'Microsoft.VisualStudio.TestPlatform.CrossPlatEngine.Hosting.DefaultTestHostManager, Microsoft.TestPlatform.TestHostRuntimeProvider, Version=15.0.0.0, Culture=neutral, PublicKeyToken=b03f5f7f11d50a3a' inside file 'C:\Program Files\dotnet\sdk\8.0.202\Extensions\Microsoft.TestPlatform.TestHostRuntimeProvider.dll'
TpTrace Information: 0 : 23148, 1, 2024/05/28, 23:38:55.422, 3970588460874, vstest.console.dll, GetTestExtensionFromType: Register extension with identifier data 'HostProvider://DotnetTestHost' and type 'Microsoft.VisualStudio.TestPlatform.CrossPlatEngine.Hosting.DotnetTestHostManager, Microsoft.TestPlatform.TestHostRuntimeProvider, Version=15.0.0.0, Culture=neutral, PublicKeyToken=b03f5f7f11d50a3a' inside file 'C:\Program Files\dotnet\sdk\8.0.202\Extensions\Microsoft.TestPlatform.TestHostRuntimeProvider.dll'
TpTrace Information: 0 : 23148, 1, 2024/05/28, 23:38:55.422, 3970588461465, vstest.console.dll, AssemblyResolver.OnResolve: Microsoft.VisualStudio.TestPlatform.Extensions.Html.TestLogger: Resolving assembly.
TpTrace Information: 0 : 23148, 1, 2024/05/28, 23:38:55.422, 3970588461733, vstest.console.dll, AssemblyResolver.OnResolve: Microsoft.VisualStudio.TestPlatform.Extensions.Html.TestLogger: Searching in: 'C:\Program Files\dotnet\sdk\8.0.202\Extensions'.
TpTrace Information: 0 : 23148, 1, 2024/05/28, 23:38:55.423, 3970588463514, vstest.console.dll, AssemblyResolver.OnResolve: Microsoft.VisualStudio.TestPlatform.Extensions.Html.TestLogger: Loading assembly 'C:\Program Files\dotnet\sdk\8.0.202\Extensions\Microsoft.VisualStudio.TestPlatform.Extensions.Html.TestLogger.dll'.
TpTrace Information: 0 : 23148, 1, 2024/05/28, 23:38:55.423, 3970588467125, vstest.console.dll, AssemblyResolver.OnResolve: Resolved assembly: Microsoft.VisualStudio.TestPlatform.Extensions.Html.TestLogger, from path: C:\Program Files\dotnet\sdk\8.0.202\Extensions\Microsoft.VisualStudio.TestPlatform.Extensions.Html.TestLogger.dll
TpTrace Verbose: 0 : 23148, 1, 2024/05/28, 23:38:55.423, 3970588467664, vstest.console.dll, MetadataReaderExtensionsHelper: Discovering extensions inside assembly 'Microsoft.VisualStudio.TestPlatform.Extensions.Html.TestLogger, Version=15.0.0.0, Culture=neutral, PublicKeyToken=b03f5f7f11d50a3a' file path 'C:\Program Files\dotnet\sdk\8.0.202\Extensions\Microsoft.VisualStudio.TestPlatform.Extensions.Html.TestLogger.dll'
TpTrace Information: 0 : 23148, 1, 2024/05/28, 23:38:55.424, 3970588472130, vstest.console.dll, AssemblyResolver.OnResolve: Microsoft.VisualStudio.TestPlatform.Extensions.Trx.TestLogger: Resolving assembly.
TpTrace Information: 0 : 23148, 1, 2024/05/28, 23:38:55.424, 3970588472569, vstest.console.dll, AssemblyResolver.OnResolve: Microsoft.VisualStudio.TestPlatform.Extensions.Trx.TestLogger: Searching in: 'C:\Program Files\dotnet\sdk\8.0.202\Extensions'.
TpTrace Information: 0 : 23148, 1, 2024/05/28, 23:38:55.424, 3970588474213, vstest.console.dll, AssemblyResolver.OnResolve: Microsoft.VisualStudio.TestPlatform.Extensions.Trx.TestLogger: Loading assembly 'C:\Program Files\dotnet\sdk\8.0.202\Extensions\Microsoft.VisualStudio.TestPlatform.Extensions.Trx.TestLogger.dll'.
TpTrace Information: 0 : 23148, 1, 2024/05/28, 23:38:55.424, 3970588479117, vstest.console.dll, AssemblyResolver.OnResolve: Resolved assembly: Microsoft.VisualStudio.TestPlatform.Extensions.Trx.TestLogger, from path: C:\Program Files\dotnet\sdk\8.0.202\Extensions\Microsoft.VisualStudio.TestPlatform.Extensions.Trx.TestLogger.dll
TpTrace Verbose: 0 : 23148, 1, 2024/05/28, 23:38:55.424, 3970588479625, vstest.console.dll, MetadataReaderExtensionsHelper: Discovering extensions inside assembly 'Microsoft.VisualStudio.TestPlatform.Extensions.Trx.TestLogger, Version=15.0.0.0, Culture=neutral, PublicKeyToken=b03f5f7f11d50a3a' file path 'C:\Program Files\dotnet\sdk\8.0.202\Extensions\Microsoft.VisualStudio.TestPlatform.Extensions.Trx.TestLogger.dll'
TpTrace Verbose: 0 : 23148, 1, 2024/05/28, 23:38:55.425, 3970588488480, vstest.console.dll, TestPluginCache: Discovered the extensions using extension path ''.
TpTrace Verbose: 0 : 23148, 1, 2024/05/28, 23:38:55.425, 3970588489304, vstest.console.dll, TestPluginCache: Discoverers are ''.
TpTrace Verbose: 0 : 23148, 1, 2024/05/28, 23:38:55.425, 3970588489535, vstest.console.dll, TestPluginCache: Executors are ''.
TpTrace Verbose: 0 : 23148, 1, 2024/05/28, 23:38:55.425, 3970588489729, vstest.console.dll, TestPluginCache: Executors2 are ''.
TpTrace Verbose: 0 : 23148, 1, 2024/05/28, 23:38:55.425, 3970588489920, vstest.console.dll, TestPluginCache: Setting providers are ''.
TpTrace Verbose: 0 : 23148, 1, 2024/05/28, 23:38:55.425, 3970588490111, vstest.console.dll, TestPluginCache: Loggers are ''.
TpTrace Verbose: 0 : 23148, 1, 2024/05/28, 23:38:55.425, 3970588491390, vstest.console.dll, TestPluginCache: TestHosts are 'HostProvider://DefaultTestHost,HostProvider://DotnetTestHost'.
TpTrace Verbose: 0 : 23148, 1, 2024/05/28, 23:38:55.425, 3970588491673, vstest.console.dll, TestPluginCache: DataCollectors are ''.
TpTrace Information: 0 : 23148, 1, 2024/05/28, 23:38:55.439, 3970588627342, vstest.console.dll, RunTestsArgumentProcessor:Execute: Test run is starting.
TpTrace Verbose: 0 : 23148, 1, 2024/05/28, 23:38:55.439, 3970588628277, vstest.console.dll, RunTestsArgumentProcessor:Execute: Queuing Test run.
TpTrace Information: 0 : 23148, 1, 2024/05/28, 23:38:55.439, 3970588631118, vstest.console.dll, TestRequestManager.RunTests: run tests started.
TpTrace Information: 0 : 23148, 1, 2024/05/28, 23:38:55.441, 3970588645595, vstest.console.dll, AssemblyMetadataProvider.GetFrameworkName: Determined framework:'.NETCoreApp,Version=v6.0' for source: 'C:\Users\vc\Desktop\Mini Project\ShoppingAppSolution\ShoppingAppTest\bin\Debug\net6.0\fine-code-coverage\build-output\ShoppingAppTest.dll'
TpTrace Information: 0 : 23148, 1, 2024/05/28, 23:38:55.441, 3970588647230, vstest.console.dll, Determined framework for all sources: .NETCoreApp,Version=v6.0
TpTrace Verbose: 0 : 23148, 1, 2024/05/28, 23:38:55.441, 3970588650025, vstest.console.dll, TestRequestManager.UpdateRunSettingsIfRequired: Default architecture: X64 IsDefaultTargetArchitecture: True, Current process architecture: X64 OperatingSystem: Windows.
TpTrace Information: 0 : 23148, 1, 2024/05/28, 23:38:55.443, 3970588662111, vstest.console.dll, AssemblyMetadataProvider.GetArchitecture: Determined architecture:AnyCPU info for assembly: C:\Users\vc\Desktop\Mini Project\ShoppingAppSolution\ShoppingAppTest\bin\Debug\net6.0\fine-code-coverage\build-output\ShoppingAppTest.dll
TpTrace Information: 0 : 23148, 1, 2024/05/28, 23:38:55.443, 3970588662602, vstest.console.dll, Determined platform for source 'C:\Users\vc\Desktop\Mini Project\ShoppingAppSolution\ShoppingAppTest\bin\Debug\net6.0\fine-code-coverage\build-output\ShoppingAppTest.dll' was AnyCPU and it will use the default plaform X64.
TpTrace Information: 0 : 23148, 1, 2024/05/28, 23:38:55.443, 3970588662819, vstest.console.dll, None of the sources provided any runnable platform, using the default platform: X64
TpTrace Information: 0 : 23148, 1, 2024/05/28, 23:38:55.443, 3970588663511, vstest.console.dll, Platform was updated to 'X64'.
TpTrace Information: 0 : 23148, 1, 2024/05/28, 23:38:55.446, 3970588692962, vstest.console.dll, InferRunSettingsHelper.IsTestSettingsEnabled: Unable to navigate to RunSettings/MSTest. Current node: RunSettings
TpTrace Information: 0 : 23148, 1, 2024/05/28, 23:38:55.446, 3970588698201, vstest.console.dll, AssemblyResolver.OnResolve: Microsoft.VisualStudio.TestPlatform.Fakes: Resolving assembly.
TpTrace Information: 0 : 23148, 1, 2024/05/28, 23:38:55.446, 3970588698875, vstest.console.dll, AssemblyResolver.OnResolve: Microsoft.VisualStudio.TestPlatform.Fakes: Searching in: 'C:\Program Files\dotnet\sdk\8.0.202\Extensions'.
TpTrace Information: 0 : 23148, 1, 2024/05/28, 23:38:55.446, 3970588699791, vstest.console.dll, AssemblyResolver.OnResolve: Microsoft.VisualStudio.TestPlatform.Fakes: Assembly path does not exist: 'C:\Program Files\dotnet\sdk\8.0.202\Extensions\Microsoft.VisualStudio.TestPlatform.Fakes.dll', returning.
TpTrace Information: 0 : 23148, 1, 2024/05/28, 23:38:55.446, 3970588700265, vstest.console.dll, AssemblyResolver.OnResolve: Microsoft.VisualStudio.TestPlatform.Fakes: Assembly path does not exist: 'C:\Program Files\dotnet\sdk\8.0.202\Extensions\Microsoft.VisualStudio.TestPlatform.Fakes.exe', returning.
TpTrace Information: 0 : 23148, 1, 2024/05/28, 23:38:55.446, 3970588700563, vstest.console.dll, AssemblyResolver.OnResolve: Microsoft.VisualStudio.TestPlatform.Fakes: Searching in: 'C:\Program Files\dotnet\sdk\8.0.202'.
TpTrace Information: 0 : 23148, 1, 2024/05/28, 23:38:55.446, 3970588701000, vstest.console.dll, AssemblyResolver.OnResolve: Microsoft.VisualStudio.TestPlatform.Fakes: Assembly path does not exist: 'C:\Program Files\dotnet\sdk\8.0.202\Microsoft.VisualStudio.TestPlatform.Fakes.dll', returning.
TpTrace Information: 0 : 23148, 1, 2024/05/28, 23:38:55.446, 3970588701368, vstest.console.dll, AssemblyResolver.OnResolve: Microsoft.VisualStudio.TestPlatform.Fakes: Assembly path does not exist: 'C:\Program Files\dotnet\sdk\8.0.202\Microsoft.VisualStudio.TestPlatform.Fakes.exe', returning.
TpTrace Information: 0 : 23148, 1, 2024/05/28, 23:38:55.446, 3970588701608, vstest.console.dll, AssemblyResolver.OnResolve: Microsoft.VisualStudio.TestPlatform.Fakes: Failed to load assembly.
TpTrace Information: 0 : 23148, 1, 2024/05/28, 23:38:55.447, 3970588703782, vstest.console.dll, Failed to load assembly Microsoft.VisualStudio.TestPlatform.Fakes, Version=17.0.0.0, Culture=neutral. Reason:System.IO.FileNotFoundException: Could not load file or assembly 'Microsoft.VisualStudio.TestPlatform.Fakes, Version=17.0.0.0, Culture=neutral, PublicKeyToken=null'. The system cannot find the file specified.
File name: 'Microsoft.VisualStudio.TestPlatform.Fakes, Version=17.0.0.0, Culture=neutral, PublicKeyToken=null'
   at System.Reflection.RuntimeAssembly.InternalLoad(AssemblyName assemblyName, StackCrawlMark& stackMark, AssemblyLoadContext assemblyLoadContext, RuntimeAssembly requestingAssembly, Boolean throwOnFileNotFound)
   at System.Reflection.Assembly.Load(AssemblyName assemblyRef)
   at Microsoft.VisualStudio.TestPlatform.Common.Utilities.FakesUtilities.LoadTestPlatformAssembly() in /_/src/Microsoft.TestPlatform.Common/Utilities/FakesUtilities.cs:line 272
TpTrace Verbose: 0 : 23148, 1, 2024/05/28, 23:38:55.449, 3970588730827, vstest.console.dll, TestPluginCache.DiscoverTestExtensions: finding test extensions in assemblies ends with: TestLogger.dll TPluginInfo: Microsoft.VisualStudio.TestPlatform.Common.ExtensionFramework.Utilities.TestLoggerPluginInformation TExtension: Microsoft.VisualStudio.TestPlatform.ObjectModel.Client.ITestLogger
TpTrace Verbose: 0 : 23148, 1, 2024/05/28, 23:38:55.449, 3970588731765, vstest.console.dll, TestPluginCache.GetExtensionPaths: Filtered extension paths: 
TpTrace Verbose: 0 : 23148, 1, 2024/05/28, 23:38:55.450, 3970588732091, vstest.console.dll, TestPluginCache.GetExtensionPaths: Added default extension paths: C:\Program Files\dotnet\sdk\8.0.202\Extensions\Microsoft.Diagnostics.NETCore.Client.dll
C:\Program Files\dotnet\sdk\8.0.202\Extensions\Microsoft.TestPlatform.Extensions.BlameDataCollector.dll
C:\Program Files\dotnet\sdk\8.0.202\Extensions\Microsoft.TestPlatform.Extensions.EventLogCollector.dll
C:\Program Files\dotnet\sdk\8.0.202\Extensions\Microsoft.TestPlatform.TestHostRuntimeProvider.dll
C:\Program Files\dotnet\sdk\8.0.202\Extensions\Microsoft.VisualStudio.TestPlatform.Extensions.Html.TestLogger.dll
C:\Program Files\dotnet\sdk\8.0.202\Extensions\Microsoft.VisualStudio.TestPlatform.Extensions.Trx.TestLogger.dll
TpTrace Verbose: 0 : 23148, 1, 2024/05/28, 23:38:55.450, 3970588732318, vstest.console.dll, TestPluginCache.GetExtensionPaths: Added unfilterableExtensionPaths: 
TpTrace Information: 0 : 23148, 1, 2024/05/28, 23:38:55.450, 3970588733436, vstest.console.dll, AssemblyResolver.AddSearchDirectories: Adding more searchDirectories C:\Program Files\dotnet\sdk\8.0.202\Extensions,C:\Program Files\dotnet\sdk\8.0.202
TpTrace Verbose: 0 : 23148, 1, 2024/05/28, 23:38:55.450, 3970588733768, vstest.console.dll, TestPluginCache.DiscoverTestExtensions: Discovering the extensions using extension path.
TpTrace Verbose: 0 : 23148, 1, 2024/05/28, 23:38:55.450, 3970588734087, vstest.console.dll, TestPluginCache.GetExtensionPaths: Filtered extension paths: 
TpTrace Verbose: 0 : 23148, 1, 2024/05/28, 23:38:55.450, 3970588734363, vstest.console.dll, TestPluginCache.GetExtensionPaths: Added default extension paths: C:\Program Files\dotnet\sdk\8.0.202\Extensions\Microsoft.Diagnostics.NETCore.Client.dll
C:\Program Files\dotnet\sdk\8.0.202\Extensions\Microsoft.TestPlatform.Extensions.BlameDataCollector.dll
C:\Program Files\dotnet\sdk\8.0.202\Extensions\Microsoft.TestPlatform.Extensions.EventLogCollector.dll
C:\Program Files\dotnet\sdk\8.0.202\Extensions\Microsoft.TestPlatform.TestHostRuntimeProvider.dll
C:\Program Files\dotnet\sdk\8.0.202\Extensions\Microsoft.VisualStudio.TestPlatform.Extensions.Html.TestLogger.dll
C:\Program Files\dotnet\sdk\8.0.202\Extensions\Microsoft.VisualStudio.TestPlatform.Extensions.Trx.TestLogger.dll
TpTrace Verbose: 0 : 23148, 1, 2024/05/28, 23:38:55.450, 3970588734587, vstest.console.dll, TestPluginCache.GetExtensionPaths: Added unfilterableExtensionPaths: 
TpTrace Verbose: 0 : 23148, 1, 2024/05/28, 23:38:55.450, 3970588734846, vstest.console.dll, TestPluginCache.DiscoverTestExtensions: Discovering the extensions using allExtensionPaths: C:\Program Files\dotnet\sdk\8.0.202\Extensions\Microsoft.Diagnostics.NETCore.Client.dll
C:\Program Files\dotnet\sdk\8.0.202\Extensions\Microsoft.TestPlatform.Extensions.BlameDataCollector.dll
C:\Program Files\dotnet\sdk\8.0.202\Extensions\Microsoft.TestPlatform.Extensions.EventLogCollector.dll
C:\Program Files\dotnet\sdk\8.0.202\Extensions\Microsoft.TestPlatform.TestHostRuntimeProvider.dll
C:\Program Files\dotnet\sdk\8.0.202\Extensions\Microsoft.VisualStudio.TestPlatform.Extensions.Html.TestLogger.dll
C:\Program Files\dotnet\sdk\8.0.202\Extensions\Microsoft.VisualStudio.TestPlatform.Extensions.Trx.TestLogger.dll
TpTrace Information: 0 : 23148, 1, 2024/05/28, 23:38:55.450, 3970588735669, vstest.console.dll, AssemblyResolver.AddSearchDirectories: Adding more searchDirectories C:\Program Files\dotnet\sdk\8.0.202\Extensions,C:\Program Files\dotnet\sdk\8.0.202
TpTrace Information: 0 : 23148, 1, 2024/05/28, 23:38:55.450, 3970588735982, vstest.console.dll, AssemblyResolver.AddSearchDirectories: Adding more searchDirectories C:\Program Files\dotnet\sdk\8.0.202\Extensions,C:\Program Files\dotnet\sdk\8.0.202
TpTrace Information: 0 : 23148, 1, 2024/05/28, 23:38:55.450, 3970588736201, vstest.console.dll, AssemblyResolver.AddSearchDirectories: Adding more searchDirectories C:\Program Files\dotnet\sdk\8.0.202\Extensions,C:\Program Files\dotnet\sdk\8.0.202
TpTrace Information: 0 : 23148, 1, 2024/05/28, 23:38:55.450, 3970588736413, vstest.console.dll, AssemblyResolver.AddSearchDirectories: Adding more searchDirectories C:\Program Files\dotnet\sdk\8.0.202\Extensions,C:\Program Files\dotnet\sdk\8.0.202
TpTrace Information: 0 : 23148, 1, 2024/05/28, 23:38:55.450, 3970588736624, vstest.console.dll, AssemblyResolver.AddSearchDirectories: Adding more searchDirectories C:\Program Files\dotnet\sdk\8.0.202\Extensions,C:\Program Files\dotnet\sdk\8.0.202
TpTrace Information: 0 : 23148, 1, 2024/05/28, 23:38:55.450, 3970588736874, vstest.console.dll, AssemblyResolver.AddSearchDirectories: Adding more searchDirectories C:\Program Files\dotnet\sdk\8.0.202\Extensions,C:\Program Files\dotnet\sdk\8.0.202
TpTrace Verbose: 0 : 23148, 1, 2024/05/28, 23:38:55.450, 3970588737688, vstest.console.dll, MetadataReaderExtensionsHelper: Discovering extensions inside assembly 'Microsoft.Diagnostics.NETCore.Client, Version=0.2.9.2401, Culture=neutral, PublicKeyToken=31bf3856ad364e35' file path 'C:\Program Files\dotnet\sdk\8.0.202\Extensions\Microsoft.Diagnostics.NETCore.Client.dll'
TpTrace Information: 0 : 23148, 1, 2024/05/28, 23:38:55.451, 3970588743849, vstest.console.dll, AssemblyResolver.OnResolve: Microsoft.Bcl.AsyncInterfaces: Resolving assembly.
TpTrace Information: 0 : 23148, 1, 2024/05/28, 23:38:55.451, 3970588744372, vstest.console.dll, AssemblyResolver.OnResolve: Microsoft.Bcl.AsyncInterfaces: Resolved from cache.
TpTrace Verbose: 0 : 23148, 1, 2024/05/28, 23:38:55.451, 3970588744743, vstest.console.dll, CurrentDomainAssemblyResolve: Resolving assembly 'Microsoft.Bcl.AsyncInterfaces'.
TpTrace Information: 0 : 23148, 1, 2024/05/28, 23:38:55.451, 3970588745127, vstest.console.dll, AssemblyResolver.OnResolve: Microsoft.Bcl.AsyncInterfaces: Resolving assembly.
TpTrace Information: 0 : 23148, 1, 2024/05/28, 23:38:55.451, 3970588745344, vstest.console.dll, AssemblyResolver.OnResolve: Microsoft.Bcl.AsyncInterfaces: Resolved from cache.
TpTrace Verbose: 0 : 23148, 1, 2024/05/28, 23:38:55.451, 3970588745603, vstest.console.dll, CurrentDomainAssemblyResolve: Resolving assembly 'Microsoft.Bcl.AsyncInterfaces'.
TpTrace Verbose: 0 : 23148, 1, 2024/05/28, 23:38:55.451, 3970588745863, vstest.console.dll, CurrentDomainAssemblyResolve: Failed to resolve assembly 'Microsoft.Bcl.AsyncInterfaces'.
TpTrace Verbose: 0 : 23148, 1, 2024/05/28, 23:38:55.451, 3970588747475, vstest.console.dll, CurrentDomainAssemblyResolve: Failed to resolve assembly 'Microsoft.Bcl.AsyncInterfaces'.
TpTrace Warning: 0 : 23148, 1, 2024/05/28, 23:38:55.451, 3970588750220, vstest.console.dll, TestPluginDiscoverer: Failed to get types from assembly 'Microsoft.Diagnostics.NETCore.Client, Version=0.2.9.2401, Culture=neutral, PublicKeyToken=31bf3856ad364e35'. Error: System.Reflection.ReflectionTypeLoadException: Unable to load one or more of the requested types.
Could not load file or assembly 'Microsoft.Bcl.AsyncInterfaces, Version=6.0.0.0, Culture=neutral, PublicKeyToken=cc7b13ffcd2ddd51'. The system cannot find the file specified.
   at System.Reflection.RuntimeModule.GetTypes(RuntimeModule module)
   at System.Reflection.RuntimeModule.GetTypes()
   at Microsoft.VisualStudio.TestPlatform.Common.ExtensionFramework.TestPluginDiscoverer.GetTestExtensionsFromAssembly[TPluginInfo,TExtension](Assembly assembly, Dictionary`2 pluginInfos, String filePath) in /_/src/Microsoft.TestPlatform.Common/ExtensionFramework/TestPluginDiscoverer.cs:line 158
System.IO.FileNotFoundException: Could not load file or assembly 'Microsoft.Bcl.AsyncInterfaces, Version=6.0.0.0, Culture=neutral, PublicKeyToken=cc7b13ffcd2ddd51'. The system cannot find the file specified.
File name: 'Microsoft.Bcl.AsyncInterfaces, Version=6.0.0.0, Culture=neutral, PublicKeyToken=cc7b13ffcd2ddd51'
 ---> System.IO.FileNotFoundException: Could not load file or assembly 'Microsoft.Bcl.AsyncInterfaces, Culture=neutral, PublicKeyToken=null'. The system cannot find the file specified.
File name: 'Microsoft.Bcl.AsyncInterfaces, Culture=neutral, PublicKeyToken=null'
   at System.Reflection.RuntimeAssembly.InternalLoad(AssemblyName assemblyName, StackCrawlMark& stackMark, AssemblyLoadContext assemblyLoadContext, RuntimeAssembly requestingAssembly, Boolean throwOnFileNotFound)
   at System.Reflection.Assembly.Load(AssemblyName assemblyRef)
   at Microsoft.VisualStudio.TestPlatform.Common.ExtensionFramework.TestPluginCache.CurrentDomainAssemblyResolve(Object sender, AssemblyResolveEventArgs args) in /_/src/Microsoft.TestPlatform.Common/ExtensionFramework/TestPluginCache.cs:line 513
   at System.Runtime.Loader.AssemblyLoadContext.GetFirstResolvedAssemblyFromResolvingEvent(AssemblyName assemblyName)
   at System.Runtime.Loader.AssemblyLoadContext.ResolveUsingEvent(AssemblyName assemblyName)
   at System.Runtime.Loader.AssemblyLoadContext.ResolveUsingResolvingEvent(IntPtr gchManagedAssemblyLoadContext, AssemblyName assemblyName)
TpTrace Warning: 0 : 23148, 1, 2024/05/28, 23:38:55.451, 3970588751586, vstest.console.dll, LoaderExceptions: System.IO.FileNotFoundException: Could not load file or assembly 'Microsoft.Bcl.AsyncInterfaces, Version=6.0.0.0, Culture=neutral, PublicKeyToken=cc7b13ffcd2ddd51'. The system cannot find the file specified.
File name: 'Microsoft.Bcl.AsyncInterfaces, Version=6.0.0.0, Culture=neutral, PublicKeyToken=cc7b13ffcd2ddd51'
 ---> System.IO.FileNotFoundException: Could not load file or assembly 'Microsoft.Bcl.AsyncInterfaces, Culture=neutral, PublicKeyToken=null'. The system cannot find the file specified.
File name: 'Microsoft.Bcl.AsyncInterfaces, Culture=neutral, PublicKeyToken=null'
   at System.Reflection.RuntimeAssembly.InternalLoad(AssemblyName assemblyName, StackCrawlMark& stackMark, AssemblyLoadContext assemblyLoadContext, RuntimeAssembly requestingAssembly, Boolean throwOnFileNotFound)
   at System.Reflection.Assembly.Load(AssemblyName assemblyRef)
   at Microsoft.VisualStudio.TestPlatform.Common.ExtensionFramework.TestPluginCache.CurrentDomainAssemblyResolve(Object sender, AssemblyResolveEventArgs args) in /_/src/Microsoft.TestPlatform.Common/ExtensionFramework/TestPluginCache.cs:line 513
   at System.Runtime.Loader.AssemblyLoadContext.GetFirstResolvedAssemblyFromResolvingEvent(AssemblyName assemblyName)
   at System.Runtime.Loader.AssemblyLoadContext.ResolveUsingEvent(AssemblyName assemblyName)
   at System.Runtime.Loader.AssemblyLoadContext.ResolveUsingResolvingEvent(IntPtr gchManagedAssemblyLoadContext, AssemblyName assemblyName)
TpTrace Verbose: 0 : 23148, 1, 2024/05/28, 23:38:55.452, 3970588752181, vstest.console.dll, MetadataReaderExtensionsHelper: Discovering extensions inside assembly 'Microsoft.TestPlatform.Extensions.BlameDataCollector, Version=15.0.0.0, Culture=neutral, PublicKeyToken=b03f5f7f11d50a3a' file path 'C:\Program Files\dotnet\sdk\8.0.202\Extensions\Microsoft.TestPlatform.Extensions.BlameDataCollector.dll'
TpTrace Information: 0 : 23148, 1, 2024/05/28, 23:38:55.452, 3970588755348, vstest.console.dll, GetTestExtensionFromType: Register extension with identifier data 'logger://Microsoft/TestPlatform/Extensions/Blame/v1' and type 'Microsoft.TestPlatform.Extensions.BlameDataCollector.BlameLogger, Microsoft.TestPlatform.Extensions.BlameDataCollector, Version=15.0.0.0, Culture=neutral, PublicKeyToken=b03f5f7f11d50a3a' inside file 'C:\Program Files\dotnet\sdk\8.0.202\Extensions\Microsoft.TestPlatform.Extensions.BlameDataCollector.dll'
TpTrace Verbose: 0 : 23148, 1, 2024/05/28, 23:38:55.452, 3970588755929, vstest.console.dll, MetadataReaderExtensionsHelper: Discovering extensions inside assembly 'Microsoft.TestPlatform.Extensions.EventLogCollector, Version=15.0.0.0, Culture=neutral, PublicKeyToken=b03f5f7f11d50a3a' file path 'C:\Program Files\dotnet\sdk\8.0.202\Extensions\Microsoft.TestPlatform.Extensions.EventLogCollector.dll'
TpTrace Verbose: 0 : 23148, 1, 2024/05/28, 23:38:55.452, 3970588757944, vstest.console.dll, MetadataReaderExtensionsHelper: Discovering extensions inside assembly 'Microsoft.TestPlatform.TestHostRuntimeProvider, Version=15.0.0.0, Culture=neutral, PublicKeyToken=b03f5f7f11d50a3a' file path 'C:\Program Files\dotnet\sdk\8.0.202\Extensions\Microsoft.TestPlatform.TestHostRuntimeProvider.dll'
TpTrace Verbose: 0 : 23148, 1, 2024/05/28, 23:38:55.452, 3970588759956, vstest.console.dll, MetadataReaderExtensionsHelper: Discovering extensions inside assembly 'Microsoft.VisualStudio.TestPlatform.Extensions.Html.TestLogger, Version=15.0.0.0, Culture=neutral, PublicKeyToken=b03f5f7f11d50a3a' file path 'C:\Program Files\dotnet\sdk\8.0.202\Extensions\Microsoft.VisualStudio.TestPlatform.Extensions.Html.TestLogger.dll'
TpTrace Information: 0 : 23148, 1, 2024/05/28, 23:38:55.453, 3970588763494, vstest.console.dll, GetTestExtensionFromType: Register extension with identifier data 'logger://Microsoft/TestPlatform/HtmlLogger/v1' and type 'Microsoft.VisualStudio.TestPlatform.Extensions.HtmlLogger.HtmlLogger, Microsoft.VisualStudio.TestPlatform.Extensions.Html.TestLogger, Version=15.0.0.0, Culture=neutral, PublicKeyToken=b03f5f7f11d50a3a' inside file 'C:\Program Files\dotnet\sdk\8.0.202\Extensions\Microsoft.VisualStudio.TestPlatform.Extensions.Html.TestLogger.dll'
TpTrace Verbose: 0 : 23148, 1, 2024/05/28, 23:38:55.453, 3970588763969, vstest.console.dll, MetadataReaderExtensionsHelper: Discovering extensions inside assembly 'Microsoft.VisualStudio.TestPlatform.Extensions.Trx.TestLogger, Version=15.0.0.0, Culture=neutral, PublicKeyToken=b03f5f7f11d50a3a' file path 'C:\Program Files\dotnet\sdk\8.0.202\Extensions\Microsoft.VisualStudio.TestPlatform.Extensions.Trx.TestLogger.dll'
TpTrace Information: 0 : 23148, 1, 2024/05/28, 23:38:55.453, 3970588766265, vstest.console.dll, GetTestExtensionFromType: Register extension with identifier data 'logger://Microsoft/TestPlatform/TrxLogger/v1' and type 'Microsoft.VisualStudio.TestPlatform.Extensions.TrxLogger.TrxLogger, Microsoft.VisualStudio.TestPlatform.Extensions.Trx.TestLogger, Version=15.0.0.0, Culture=neutral, PublicKeyToken=b03f5f7f11d50a3a' inside file 'C:\Program Files\dotnet\sdk\8.0.202\Extensions\Microsoft.VisualStudio.TestPlatform.Extensions.Trx.TestLogger.dll'
TpTrace Verbose: 0 : 23148, 1, 2024/05/28, 23:38:55.453, 3970588766729, vstest.console.dll, TestPluginCache: Discovered the extensions using extension path ''.
TpTrace Verbose: 0 : 23148, 1, 2024/05/28, 23:38:55.453, 3970588766978, vstest.console.dll, TestPluginCache: Discoverers are ''.
TpTrace Verbose: 0 : 23148, 1, 2024/05/28, 23:38:55.453, 3970588767174, vstest.console.dll, TestPluginCache: Executors are ''.
TpTrace Verbose: 0 : 23148, 1, 2024/05/28, 23:38:55.453, 3970588767364, vstest.console.dll, TestPluginCache: Executors2 are ''.
TpTrace Verbose: 0 : 23148, 1, 2024/05/28, 23:38:55.453, 3970588767554, vstest.console.dll, TestPluginCache: Setting providers are ''.
TpTrace Verbose: 0 : 23148, 1, 2024/05/28, 23:38:55.453, 3970588768174, vstest.console.dll, TestPluginCache: Loggers are 'logger://Microsoft/TestPlatform/Extensions/Blame/v1,logger://Microsoft/TestPlatform/HtmlLogger/v1,logger://Microsoft/TestPlatform/TrxLogger/v1'.
TpTrace Verbose: 0 : 23148, 1, 2024/05/28, 23:38:55.453, 3970588768567, vstest.console.dll, TestPluginCache: TestHosts are 'HostProvider://DefaultTestHost,HostProvider://DotnetTestHost'.
TpTrace Verbose: 0 : 23148, 1, 2024/05/28, 23:38:55.453, 3970588768774, vstest.console.dll, TestPluginCache: DataCollectors are ''.
TpTrace Information: 0 : 23148, 1, 2024/05/28, 23:38:55.454, 3970588774322, vstest.console.dll, TestPluginManager.CreateTestExtension: Attempting to load test extension: Microsoft.TestPlatform.Extensions.BlameDataCollector.BlameLogger
TpTrace Verbose: 0 : 23148, 1, 2024/05/28, 23:38:55.459, 3970588829507, vstest.console.dll, TestEngine: Initializing Parallel Execution as MaxCpuCount is set to: 1
TpTrace Information: 0 : 23148, 1, 2024/05/28, 23:38:55.461, 3970588845731, vstest.console.dll, TestPluginManager.CreateTestExtension: Attempting to load test extension: Microsoft.VisualStudio.TestPlatform.CrossPlatEngine.Hosting.DefaultTestHostManager
TpTrace Information: 0 : 23148, 1, 2024/05/28, 23:38:55.462, 3970588857237, vstest.console.dll, TestPluginManager.CreateTestExtension: Attempting to load test extension: Microsoft.VisualStudio.TestPlatform.CrossPlatEngine.Hosting.DotnetTestHostManager
TpTrace Information: 0 : 23148, 1, 2024/05/28, 23:38:55.462, 3970588861147, vstest.console.dll, InferRunSettingsHelper.IsTestSettingsEnabled: Unable to navigate to RunSettings/MSTest. Current node: RunSettings
TpTrace Verbose: 0 : 23148, 1, 2024/05/28, 23:38:55.463, 3970588868746, vstest.console.dll, ParallelOperationManager.ClearSlots: Clearing all slots. Slots should accept more work: True
TpTrace Verbose: 0 : 23148, 1, 2024/05/28, 23:38:55.464, 3970588873193, vstest.console.dll, ParallelOperationManager.SetOccupiedSlotCount: Setting slot counts AvailableSlotCount = 1, OccupiedSlotCount = 0.
TpTrace Verbose: 0 : 23148, 1, 2024/05/28, 23:38:55.464, 3970588875324, vstest.console.dll, Occupied slots:

TpTrace Verbose: 0 : 23148, 1, 2024/05/28, 23:38:55.466, 3970588901375, vstest.console.dll, TestEngine.GetExecutionManager: Chosen execution manager 'Microsoft.VisualStudio.TestPlatform.CrossPlatEngine.Client.Parallel.ParallelProxyExecutionManager, Microsoft.TestPlatform.CrossPlatEngine, Version=15.0.0.0, Culture=neutral, PublicKeyToken=b03f5f7f11d50a3a' ParallelLevel '1'.
TpTrace Verbose: 0 : 23148, 1, 2024/05/28, 23:38:55.467, 3970588902460, vstest.console.dll, TestRunRequest.ExecuteAsync: Creating test run request.
TpTrace Verbose: 0 : 23148, 1, 2024/05/28, 23:38:55.467, 3970588903972, vstest.console.dll, TestRunRequest.ExecuteAsync: Starting.
TpTrace Information: 0 : 23148, 1, 2024/05/28, 23:38:55.468, 3970588912611, vstest.console.dll, TestRunRequest.ExecuteAsync: Starting run with settings:TestRunCriteria:
   KeepAlive=False,FrequencyOfRunStatsChangeEvent=10,RunStatsChangeEventTimeout=00:00:01.5000000,TestCaseFilter=,TestExecutorLauncher=
   Settingsxml=<RunSettings>
  <RunConfiguration>
    <ResultsDirectory>C:\Users\vc\Desktop\Mini Project\ShoppingAppSolution\ShoppingAppTest\bin\Debug\net6.0\fine-code-coverage\coverage-tool-output</ResultsDirectory>
    <TargetPlatform>X64</TargetPlatform>
    <TargetFrameworkVersion>.NETCoreApp,Version=v6.0</TargetFrameworkVersion>
    <DesignMode>False</DesignMode>
    <CollectSourceInformation>False</CollectSourceInformation>
  </RunConfiguration>
  <LoggerRunSettings>
    <Loggers>
      <Logger friendlyName="blame" enabled="True" />
      <Logger friendlyName="Console" uri="logger://microsoft/TestPlatform/ConsoleLogger/v1" assemblyQualifiedName="Microsoft.VisualStudio.TestPlatform.CommandLine.Internal.ConsoleLogger, vstest.console, Version=15.0.0.0, Culture=neutral, PublicKeyToken=b03f5f7f11d50a3a" codeBase="C:\Program Files\dotnet\sdk\8.0.202\vstest.console.dll" enabled="True" />
    </Loggers>
  </LoggerRunSettings>
  <DataCollectionRunSettings>
    <DataCollectors>
      <DataCollector friendlyName="blame" enabled="True">
        <Configuration>
          <ResultsDirectory>C:\Users\vc\Desktop\Mini Project\ShoppingAppSolution\ShoppingAppTest\bin\Debug\net6.0\fine-code-coverage\coverage-tool-output</ResultsDirectory>
        </Configuration>
      </DataCollector>
    </DataCollectors>
  </DataCollectionRunSettings>
</RunSettings>

TpTrace Verbose: 0 : 23148, 1, 2024/05/28, 23:38:55.468, 3970588913177, vstest.console.dll, TestRunRequest.ExecuteAsync: Wait for the first run request is over.
TpTrace Verbose: 0 : 23148, 1, 2024/05/28, 23:38:55.468, 3970588915852, vstest.console.dll, MulticastDelegateUtilities.SafeInvoke: TestRun.TestRunStart: Invoking callbacks was skipped because there are no subscribers.
TpTrace Verbose: 0 : 23148, 4, 2024/05/28, 23:38:55.468, 3970588918078, vstest.console.dll, MulticastDelegateUtilities.SafeInvoke: InternalTestLoggerEvents.SendTestRunStart: Invoking callback 1/1 for Microsoft.VisualStudio.TestPlatform.CommandLine.Internal.ConsoleLogger., took 0 ms.
TpTrace Verbose: 0 : 23148, 1, 2024/05/28, 23:38:55.469, 3970588925660, vstest.console.dll, ParallelProxyExecutionManager: Start execution. Total sources: 1
TpTrace Verbose: 0 : 23148, 1, 2024/05/28, 23:38:55.469, 3970588927942, vstest.console.dll, ParallelOperationManager.StartWork: Starting adding 1 workloads.
TpTrace Verbose: 0 : 23148, 1, 2024/05/28, 23:38:55.469, 3970588928405, vstest.console.dll, ParallelOperationManager.ClearSlots: Clearing all slots. Slots should accept more work: True
TpTrace Verbose: 0 : 23148, 1, 2024/05/28, 23:38:55.469, 3970588928861, vstest.console.dll, ParallelOperationManager.SetOccupiedSlotCount: Setting slot counts AvailableSlotCount = 1, OccupiedSlotCount = 0.
TpTrace Verbose: 0 : 23148, 1, 2024/05/28, 23:38:55.469, 3970588929126, vstest.console.dll, Occupied slots:

TpTrace Verbose: 0 : 23148, 1, 2024/05/28, 23:38:55.470, 3970588939301, vstest.console.dll, TestRequestSender is acting as server.
TpTrace Verbose: 0 : 23148, 1, 2024/05/28, 23:38:55.471, 3970588950511, vstest.console.dll, ParallelOperationManager.RunWorkInParallel: Adding 1 workload to slot, remaining workloads 0.
TpTrace Verbose: 0 : 23148, 1, 2024/05/28, 23:38:55.471, 3970588950958, vstest.console.dll, ParallelOperationManager.SetOccupiedSlotCount: Setting slot counts AvailableSlotCount = 0, OccupiedSlotCount = 1.
TpTrace Verbose: 0 : 23148, 1, 2024/05/28, 23:38:55.471, 3970588951658, vstest.console.dll, Occupied slots:
0: C:\Users\vc\Desktop\Mini Project\ShoppingAppSolution\ShoppingAppTest\bin\Debug\net6.0\fine-code-coverage\build-output\ShoppingAppTest.dll
TpTrace Verbose: 0 : 23148, 1, 2024/05/28, 23:38:55.472, 3970588959932, vstest.console.dll, ParallelOperationManager.RunWorkInParallel: Started host in slot number 0 for work (source): C:\Users\vc\Desktop\Mini Project\ShoppingAppSolution\ShoppingAppTest\bin\Debug\net6.0\fine-code-coverage\build-output\ShoppingAppTest.dll.
TpTrace Verbose: 0 : 23148, 1, 2024/05/28, 23:38:55.473, 3970588968656, vstest.console.dll, ParallelOperationManager.RunWorkInParallel: We started 1 work items, which is the max parallel level. Won't start more work.
TpTrace Verbose: 0 : 23148, 1, 2024/05/28, 23:38:55.473, 3970588969171, vstest.console.dll, ParallelOperationManager.RunWorkInParallel: We started 1 work items in here, returning True.
TpTrace Information: 0 : 23148, 1, 2024/05/28, 23:38:55.473, 3970588969478, vstest.console.dll, TestRunRequest.ExecuteAsync: Started.
TpTrace Verbose: 0 : 23148, 5, 2024/05/28, 23:38:55.474, 3970588972897, vstest.console.dll, ParallelProxyExecutionManager.StartTestRunOnConcurrentManager: Initializing uninitialized client. Started clients: 0
TpTrace Verbose: 0 : 23148, 5, 2024/05/28, 23:38:55.474, 3970588974891, vstest.console.dll, DataCollectionRequestSender.InitializeCommunication : Initialize communication. 
TpTrace Verbose: 0 : 23148, 1, 2024/05/28, 23:38:55.474, 3970588975578, vstest.console.dll, TestRunRequest.WaitForCompletion: Waiting with timeout -1.
TpTrace Information: 0 : 23148, 5, 2024/05/28, 23:38:55.483, 3970589062098, vstest.console.dll, Listening on Endpoint : 127.0.0.1:64013
TpTrace Verbose: 0 : 23148, 5, 2024/05/28, 23:38:55.487, 3970589108114, vstest.console.dll, DotnetDataCollectionLauncher: Adding  --runtimeconfig "C:\Program Files\dotnet\sdk\8.0.202\datacollector.runtimeconfig.json" in args
TpTrace Verbose: 0 : 23148, 5, 2024/05/28, 23:38:55.487, 3970589109132, vstest.console.dll, DotnetDataCollectionLauncher: Adding  --depsfile "C:\Program Files\dotnet\sdk\8.0.202\datacollector.deps.json" in args
TpTrace Verbose: 0 : 23148, 5, 2024/05/28, 23:38:55.488, 3970589114237, vstest.console.dll, DotnetDataCollectionLauncher: Full path of dotnet.exe is C:\Program Files\dotnet\dotnet.exe
TpTrace Information: 0 : 23148, 5, 2024/05/28, 23:38:55.496, 3970589193781, vstest.console.dll, ProxyDataCollectionManager.Initialize: Launched datacollector processId: 23468 port: 64013
TpTrace Information: 0 : 23148, 5, 2024/05/28, 23:38:55.496, 3970589195347, vstest.console.dll, ProxyDataCollectionManager.Initialize: waiting for connection with timeout: 90 seconds
TpTrace Verbose: 0 : 23148, 5, 2024/05/28, 23:38:55.496, 3970589196033, vstest.console.dll, DataCollectionRequestSender.WaitForRequestHandlerConnection : Waiting for connection with timeout: 90000
TpTrace Information: 0 : 23148, 7, 2024/05/28, 23:38:55.678, 3970591019695, vstest.console.dll, Using the buffer size of 16384 bytes
TpTrace Information: 0 : 23148, 7, 2024/05/28, 23:38:55.678, 3970591021534, vstest.console.dll, Accepted Client request and set the flag
TpTrace Verbose: 0 : 23148, 5, 2024/05/28, 23:38:55.678, 3970591020010, vstest.console.dll, SocketCommunicationManager.WaitForClientConnection took: 182 ms, with 90000 ms timeout, and finished with True.
TpTrace Verbose: 0 : 23148, 5, 2024/05/28, 23:38:55.679, 3970591023222, vstest.console.dll, ProxyDataCollectionManager.InvokeDataCollectionServiceAction: Starting.
TpTrace Information: 0 : 23148, 5, 2024/05/28, 23:38:55.679, 3970591024874, vstest.console.dll, ProxyDataCollectionManager.BeforeTestRunStart: Get environment variable and port for datacollector processId: 23468 port: 64013
TpTrace Verbose: 0 : 23148, 5, 2024/05/28, 23:38:55.679, 3970591027232, vstest.console.dll, DataCollectionRequestSender.SendBeforeTestRunStartAndGetResult: Send BeforeTestRunStart message with settingsXml <RunSettings><RunConfiguration><ResultsDirectory>C:\Users\vc\Desktop\Mini Project\ShoppingAppSolution\ShoppingAppTest\bin\Debug\net6.0\fine-code-coverage\coverage-tool-output</ResultsDirectory><TargetPlatform>X64</TargetPlatform><TargetFrameworkVersion>.NETCoreApp,Version=v6.0</TargetFrameworkVersion><DesignMode>False</DesignMode><CollectSourceInformation>False</CollectSourceInformation><TestAdaptersPaths>C:\Program Files\dotnet\sdk\8.0.202\Extensions</TestAdaptersPaths></RunConfiguration><LoggerRunSettings><Loggers><Logger friendlyName="blame" enabled="True" /><Logger friendlyName="Console" uri="logger://microsoft/TestPlatform/ConsoleLogger/v1" assemblyQualifiedName="Microsoft.VisualStudio.TestPlatform.CommandLine.Internal.ConsoleLogger, vstest.console, Version=15.0.0.0, Culture=neutral, PublicKeyToken=b03f5f7f11d50a3a" codeBase="C:\Program Files\dotnet\sdk\8.0.202\vstest.console.dll" enabled="True" /></Loggers></LoggerRunSettings><DataCollectionRunSettings><DataCollectors><DataCollector friendlyName="blame" enabled="True"><Configuration><ResultsDirectory>C:\Users\vc\Desktop\Mini Project\ShoppingAppSolution\ShoppingAppTest\bin\Debug\net6.0\fine-code-coverage\coverage-tool-output</ResultsDirectory></Configuration></DataCollector></DataCollectors></DataCollectionRunSettings></RunSettings> and sources System.Collections.Generic.List`1[System.String]: 
TpTrace Verbose: 0 : 23148, 5, 2024/05/28, 23:38:55.722, 3970591458358, vstest.console.dll, DataCollectionRequestSender.SendBeforeTestRunStartAndGetResult: Received message: (DataCollection.SendMessage) -> {"MessageType":"DataCollection.SendMessage","Payload":{"FriendlyName":null,"Uri":null,"TestCaseId":"00000000-0000-0000-0000-000000000000","Message":"Logging DataCollector Diagnostics in file: C:\\Users\\vc\\Desktop\\Mini Project\\ShoppingAppSolution\\ShoppingAppTest\\bin\\Debug\\net6.0\\fine-code-coverage\\coverage-tool-output\\diagnostics.datacollector.24-05-28_23-38-55_48743_5.log","Level":0}}
TpTrace Verbose: 0 : 23148, 5, 2024/05/28, 23:38:55.790, 3970592140270, vstest.console.dll, DataCollectionRequestSender.SendBeforeTestRunStartAndGetResult: Received message: (DataCollection.BeforeTestRunStartResult) -> {"MessageType":"DataCollection.BeforeTestRunStartResult","Payload":{"EnvironmentVariables":{},"DataCollectionEventsPort":64015}}
TpTrace Information: 0 : 23148, 5, 2024/05/28, 23:38:55.796, 3970592198564, vstest.console.dll, ProxyDataCollectionManager.BeforeTestRunStart: SendBeforeTestRunStartAndGetResult successful, env variable from datacollector:   and testhost port: 64015
TpTrace Information: 0 : 23148, 5, 2024/05/28, 23:38:55.796, 3970592199755, vstest.console.dll, ProxyDataCollectionManager.InvokeDataCollectionServiceAction: Completed.
TpTrace Verbose: 0 : 23148, 5, 2024/05/28, 23:38:55.796, 3970592200067, vstest.console.dll, ParallelProxyExecutionManager.StartTestRunOnConcurrentManager: Initializing test run. Started clients: 0
TpTrace Verbose: 0 : 23148, 5, 2024/05/28, 23:38:55.796, 3970592200802, vstest.console.dll, ProxyExecutionManager: Test host is always Lazy initialize.
TpTrace Verbose: 0 : 23148, 5, 2024/05/28, 23:38:55.797, 3970592203304, vstest.console.dll, TestRequestSender.InitializeCommunication: initialize communication. 
TpTrace Information: 0 : 23148, 5, 2024/05/28, 23:38:55.797, 3970592207563, vstest.console.dll, SocketServer.Start: Listening on endpoint : 127.0.0.1:64016
TpTrace Verbose: 0 : 23148, 5, 2024/05/28, 23:38:55.798, 3970592215270, vstest.console.dll, DotnetTestHostmanager.GetTestHostProcessStartInfo: Platform environment 'X64' target architecture 'X64' framework '.NETCoreApp,Version=v6.0' OS 'Windows'
TpTrace Verbose: 0 : 23148, 5, 2024/05/28, 23:38:55.798, 3970592216893, vstest.console.dll, DotnetTestHostmanager: Adding  --runtimeconfig "C:\Users\vc\Desktop\Mini Project\ShoppingAppSolution\ShoppingAppTest\bin\Debug\net6.0\fine-code-coverage\build-output\ShoppingAppTest.runtimeconfig.json" in args
TpTrace Verbose: 0 : 23148, 5, 2024/05/28, 23:38:55.798, 3970592217728, vstest.console.dll, DotnetTestHostmanager: Adding  --depsfile "C:\Users\vc\Desktop\Mini Project\ShoppingAppSolution\ShoppingAppTest\bin\Debug\net6.0\fine-code-coverage\build-output\ShoppingAppTest.deps.json" in args
TpTrace Verbose: 0 : 23148, 5, 2024/05/28, 23:38:55.798, 3970592220636, vstest.console.dll, DotnetTestHostmanager.IsWinOnArm: Current PROCESSOR_ARCHITECTURE from environment variable 'AMD64'
TpTrace Verbose: 0 : 23148, 5, 2024/05/28, 23:38:55.798, 3970592221276, vstest.console.dll, DotnetTestHostmanager.IsWinOnArm: Is Windows on ARM 'False'
TpTrace Verbose: 0 : 23148, 5, 2024/05/28, 23:38:55.799, 3970592222184, vstest.console.dll, DotnetTestHostManager: testhost.exe found at path: C:\Users\vc\Desktop\Mini Project\ShoppingAppSolution\ShoppingAppTest\bin\Debug\net6.0\fine-code-coverage\build-output\testhost.exe
TpTrace Verbose: 0 : 23148, 5, 2024/05/28, 23:38:55.799, 3970592222983, vstest.console.dll, DotnetTestHostmanager: Full path of host exe is C:\Users\vc\Desktop\Mini Project\ShoppingAppSolution\ShoppingAppTest\bin\Debug\net6.0\fine-code-coverage\build-output\testhost.exe
TpTrace Verbose: 0 : 23148, 5, 2024/05/28, 23:38:55.799, 3970592224221, vstest.console.dll, DotnetTestHostmanager.LaunchTestHostAsync: Found 'VSTEST_WINAPPHOST_DOTNET_ROOT' in env variables, value 'C:\Program Files\dotnet', forwarding to 'DOTNET_ROOT'
TpTrace Verbose: 0 : 23148, 5, 2024/05/28, 23:38:55.799, 3970592225773, vstest.console.dll, DotnetTestHostManager: Starting process 'C:\Users\vc\Desktop\Mini Project\ShoppingAppSolution\ShoppingAppTest\bin\Debug\net6.0\fine-code-coverage\build-output\testhost.exe' with command line ' --runtimeconfig "C:\Users\vc\Desktop\Mini Project\ShoppingAppSolution\ShoppingAppTest\bin\Debug\net6.0\fine-code-coverage\build-output\ShoppingAppTest.runtimeconfig.json" --depsfile "C:\Users\vc\Desktop\Mini Project\ShoppingAppSolution\ShoppingAppTest\bin\Debug\net6.0\fine-code-coverage\build-output\ShoppingAppTest.deps.json" --port 64016 --endpoint 127.0.0.1:064016 --role client --parentprocessid 23148 --diag "C:\Users\vc\Desktop\Mini Project\ShoppingAppSolution\ShoppingAppTest\bin\Debug\net6.0\fine-code-coverage\coverage-tool-output\diagnostics.host.24-05-28_23-38-55_79794_5.log" --tracelevel 4 --datacollectionport 64015 --telemetryoptedin false'
TpTrace Verbose: 0 : 23148, 5, 2024/05/28, 23:38:55.804, 3970592277812, vstest.console.dll, MulticastDelegateUtilities.SafeInvoke: HostProviderEvents.OnHostLaunched: Invoking callback 1/2 for Microsoft.VisualStudio.TestPlatform.CrossPlatEngine.Client.ProxyExecutionManagerWithDataCollection., took 1 ms.
TpTrace Verbose: 0 : 23148, 5, 2024/05/28, 23:38:55.805, 3970592281917, vstest.console.dll, Test Runtime launched
TpTrace Verbose: 0 : 23148, 5, 2024/05/28, 23:38:55.805, 3970592282893, vstest.console.dll, MulticastDelegateUtilities.SafeInvoke: HostProviderEvents.OnHostLaunched: Invoking callback 2/2 for Microsoft.VisualStudio.TestPlatform.CrossPlatEngine.Client.ProxyOperationManager., took 0 ms.
TpTrace Verbose: 0 : 23148, 5, 2024/05/28, 23:38:55.805, 3970592284524, vstest.console.dll, TestRequestSender.WaitForRequestHandlerConnection: waiting for connection with timeout: 90000.
TpTrace Verbose: 0 : 23148, 5, 2024/05/28, 23:38:56.023, 3970594469961, vstest.console.dll, TestRequestSender.WaitForRequestHandlerConnection: waiting took 218 ms, with timeout 90000 ms, and result 0, which is success.
TpTrace Verbose: 0 : 23148, 12, 2024/05/28, 23:38:56.023, 3970594469961, vstest.console.dll, MulticastDelegateUtilities.SafeInvoke: SocketServer: ClientConnected: Invoking callback 1/1 for Microsoft.VisualStudio.TestPlatform.CommunicationUtilities.TestRequestSender., took 0 ms.
TpTrace Verbose: 0 : 23148, 12, 2024/05/28, 23:38:56.024, 3970594472262, vstest.console.dll, SocketServer.OnClientConnected: Client connected for endPoint: 127.0.0.1:64016, starting MessageLoopAsync:
TpTrace Verbose: 0 : 23148, 13, 2024/05/28, 23:38:56.024, 3970594478070, vstest.console.dll, TcpClientExtensions.MessageLoopAsync: Polling on remoteEndPoint: 127.0.0.1:64017 localEndPoint: 127.0.0.1:64016 after 0 ms
TpTrace Verbose: 0 : 23148, 5, 2024/05/28, 23:38:56.024, 3970594479751, vstest.console.dll, TestRequestSender.CheckVersionWithTestHost: Sending check version message: {"MessageType":"ProtocolVersion","Payload":7}
TpTrace Verbose: 0 : 23148, 13, 2024/05/28, 23:38:56.229, 3970596524708, vstest.console.dll, TcpClientExtensions.MessageLoopAsync: NotifyDataAvailable remoteEndPoint: 127.0.0.1:64017 localEndPoint: 127.0.0.1:64016
TpTrace Verbose: 0 : 23148, 13, 2024/05/28, 23:38:56.229, 3970596527635, vstest.console.dll, TestRequestSender.CheckVersionWithTestHost: onMessageReceived received message: (ProtocolVersion) -> {"MessageType":"ProtocolVersion","Payload":7}
TpTrace Verbose: 0 : 23148, 13, 2024/05/28, 23:38:56.230, 3970596533825, vstest.console.dll, MulticastDelegateUtilities.SafeInvoke: LengthPrefixCommunicationChannel: MessageReceived: Invoking callback 1/1 for Microsoft.VisualStudio.TestPlatform.CommunicationUtilities.TestRequestSender+<>c__DisplayClass29_0., took 0 ms.
TpTrace Verbose: 0 : 23148, 13, 2024/05/28, 23:38:56.230, 3970596534667, vstest.console.dll, TcpClientExtensions.MessageLoopAsync: Polling on remoteEndPoint: 127.0.0.1:64017 localEndPoint: 127.0.0.1:64016 after 205 ms
TpTrace Verbose: 0 : 23148, 5, 2024/05/28, 23:38:56.230, 3970596535188, vstest.console.dll, TestPluginCache.GetExtensionPaths: Filtered extension paths: 
TpTrace Verbose: 0 : 23148, 5, 2024/05/28, 23:38:56.230, 3970596536176, vstest.console.dll, TestPluginCache.GetExtensionPaths: Added default extension paths: C:\Program Files\dotnet\sdk\8.0.202\Extensions\Microsoft.Diagnostics.NETCore.Client.dll
C:\Program Files\dotnet\sdk\8.0.202\Extensions\Microsoft.TestPlatform.Extensions.BlameDataCollector.dll
C:\Program Files\dotnet\sdk\8.0.202\Extensions\Microsoft.TestPlatform.Extensions.EventLogCollector.dll
C:\Program Files\dotnet\sdk\8.0.202\Extensions\Microsoft.TestPlatform.TestHostRuntimeProvider.dll
C:\Program Files\dotnet\sdk\8.0.202\Extensions\Microsoft.VisualStudio.TestPlatform.Extensions.Html.TestLogger.dll
C:\Program Files\dotnet\sdk\8.0.202\Extensions\Microsoft.VisualStudio.TestPlatform.Extensions.Trx.TestLogger.dll
TpTrace Verbose: 0 : 23148, 5, 2024/05/28, 23:38:56.230, 3970596537590, vstest.console.dll, TestPluginCache.GetExtensionPaths: Added unfilterableExtensionPaths: 
TpTrace Verbose: 0 : 23148, 5, 2024/05/28, 23:38:56.234, 3970596575079, vstest.console.dll, TestRequestSender.InitializeExecution: Sending initialize execution with message: {"Version":7,"MessageType":"TestExecution.Initialize","Payload":["C:\\Users\\vc\\Desktop\\Mini Project\\ShoppingAppSolution\\ShoppingAppTest\\bin\\Debug\\net6.0\\fine-code-coverage\\build-output\\NUnit3.TestAdapter.dll"]}
TpTrace Verbose: 0 : 23148, 5, 2024/05/28, 23:38:56.234, 3970596578402, vstest.console.dll, ParallelProxyExecutionManager.StartTestRunOnConcurrentManager: Execution starting. Started clients: 1
TpTrace Verbose: 0 : 23148, 5, 2024/05/28, 23:38:56.235, 3970596582816, vstest.console.dll, TestRunRequest:SendTestRunMessage: Starting.
TpTrace Verbose: 0 : 23148, 5, 2024/05/28, 23:38:56.235, 3970596585301, vstest.console.dll, MulticastDelegateUtilities.SafeInvoke: TestRun.LogMessages: Invoking callback 1/1 for Microsoft.VisualStudio.TestPlatform.CommandLine.TestRunResultAggregator., took 0 ms.
TpTrace Information: 0 : 23148, 5, 2024/05/28, 23:38:56.235, 3970596585989, vstest.console.dll, TestRunRequest:SendTestRunMessage: Completed.
TpTrace Verbose: 0 : 23148, 4, 2024/05/28, 23:38:56.235, 3970596588429, vstest.console.dll, MulticastDelegateUtilities.SafeInvoke: InternalTestLoggerEvents.SendTestRunMessage: Invoking callback 1/1 for Microsoft.VisualStudio.TestPlatform.CommandLine.Internal.ConsoleLogger., took 0 ms.
TpTrace Warning: 0 : 23148, 5, 2024/05/28, 23:38:56.235, 3970596590975, vstest.console.dll, InferRunSettingsHelper.MakeRunsettingsCompatible: Removing the following settings: TargetPlatform from RunSettings file. To use those settings please move to latest version of Microsoft.NET.Test.Sdk
TpTrace Verbose: 0 : 23148, 13, 2024/05/28, 23:38:56.237, 3970596609175, vstest.console.dll, TcpClientExtensions.MessageLoopAsync: NotifyDataAvailable remoteEndPoint: 127.0.0.1:64017 localEndPoint: 127.0.0.1:64016
TpTrace Verbose: 0 : 23148, 13, 2024/05/28, 23:38:56.238, 3970596614190, vstest.console.dll, TestRequestSender.OnExecutionMessageReceived: Received message: {"Version":7,"MessageType":"TestSession.Message","Payload":{"MessageLevel":0,"Message":"Logging TestHost Diagnostics in file: C:\\Users\\vc\\Desktop\\Mini Project\\ShoppingAppSolution\\ShoppingAppTest\\bin\\Debug\\net6.0\\fine-code-coverage\\coverage-tool-output\\diagnostics.host.24-05-28_23-38-55_79794_5.log"}}
TpTrace Verbose: 0 : 23148, 13, 2024/05/28, 23:38:56.241, 3970596642869, vstest.console.dll, TestRunRequest:SendTestRunMessage: Starting.
TpTrace Verbose: 0 : 23148, 13, 2024/05/28, 23:38:56.241, 3970596644774, vstest.console.dll, MulticastDelegateUtilities.SafeInvoke: TestRun.LogMessages: Invoking callback 1/1 for Microsoft.VisualStudio.TestPlatform.CommandLine.TestRunResultAggregator., took 0 ms.
TpTrace Verbose: 0 : 23148, 4, 2024/05/28, 23:38:56.241, 3970596645065, vstest.console.dll, MulticastDelegateUtilities.SafeInvoke: InternalTestLoggerEvents.SendTestRunMessage: Invoking callback 1/1 for Microsoft.VisualStudio.TestPlatform.CommandLine.Internal.ConsoleLogger., took 0 ms.
TpTrace Information: 0 : 23148, 13, 2024/05/28, 23:38:56.241, 3970596645165, vstest.console.dll, TestRunRequest:SendTestRunMessage: Completed.
TpTrace Verbose: 0 : 23148, 13, 2024/05/28, 23:38:56.241, 3970596646873, vstest.console.dll, MulticastDelegateUtilities.SafeInvoke: LengthPrefixCommunicationChannel: MessageReceived: Invoking callback 1/1 for Microsoft.VisualStudio.TestPlatform.CommunicationUtilities.TestRequestSender+<>c__DisplayClass34_0., took 3 ms.
TpTrace Verbose: 0 : 23148, 13, 2024/05/28, 23:38:56.241, 3970596648127, vstest.console.dll, TcpClientExtensions.MessageLoopAsync: Polling on remoteEndPoint: 127.0.0.1:64017 localEndPoint: 127.0.0.1:64016 after 11 ms
TpTrace Verbose: 0 : 23148, 5, 2024/05/28, 23:38:56.246, 3970596694093, vstest.console.dll, TestRequestSender.StartTestRun: Sending test run with message: {"Version":7,"MessageType":"TestExecution.StartWithSources","Payload":{"AdapterSourceMap":{"_none_":["C:\\Users\\vc\\Desktop\\Mini Project\\ShoppingAppSolution\\ShoppingAppTest\\bin\\Debug\\net6.0\\fine-code-coverage\\build-output\\ShoppingAppTest.dll"]},"RunSettings":"<RunSettings>\r\n  <RunConfiguration>\r\n    <ResultsDirectory>C:\\Users\\vc\\Desktop\\Mini Project\\ShoppingAppSolution\\ShoppingAppTest\\bin\\Debug\\net6.0\\fine-code-coverage\\coverage-tool-output</ResultsDirectory>\r\n    <TargetFrameworkVersion>.NETCoreApp,Version=v6.0</TargetFrameworkVersion>\r\n    <DesignMode>False</DesignMode>\r\n    <CollectSourceInformation>False</CollectSourceInformation>\r\n  </RunConfiguration>\r\n  <LoggerRunSettings>\r\n    <Loggers>\r\n      <Logger friendlyName=\"blame\" enabled=\"True\" />\r\n      <Logger friendlyName=\"Console\" uri=\"logger://microsoft/TestPlatform/ConsoleLogger/v1\" assemblyQualifiedName=\"Microsoft.VisualStudio.TestPlatform.CommandLine.Internal.ConsoleLogger, vstest.console, Version=15.0.0.0, Culture=neutral, PublicKeyToken=b03f5f7f11d50a3a\" codeBase=\"C:\\Program Files\\dotnet\\sdk\\8.0.202\\vstest.console.dll\" enabled=\"True\" />\r\n    </Loggers>\r\n  </LoggerRunSettings>\r\n  <DataCollectionRunSettings>\r\n    <DataCollectors>\r\n      <DataCollector friendlyName=\"blame\" enabled=\"True\">\r\n        <Configuration>\r\n          <ResultsDirectory>C:\\Users\\vc\\Desktop\\Mini Project\\ShoppingAppSolution\\ShoppingAppTest\\bin\\Debug\\net6.0\\fine-code-coverage\\coverage-tool-output</ResultsDirectory>\r\n        </Configuration>\r\n      </DataCollector>\r\n    </DataCollectors>\r\n  </DataCollectionRunSettings>\r\n</RunSettings>","TestExecutionContext":{"FrequencyOfRunStatsChangeEvent":10,"RunStatsChangeEventTimeout":"00:00:01.5000000","InIsolation":false,"KeepAlive":false,"AreTestCaseLevelEventsRequired":false,"IsDebug":false,"TestCaseFilter":null,"FilterOptions":null},"Package":null}}
TpTrace Verbose: 0 : 23148, 5, 2024/05/28, 23:38:56.246, 3970596696839, vstest.console.dll, ParallelProxyExecutionManager.StartTestRunOnConcurrentManager: Execution started. Started clients: 1
TpTrace Verbose: 0 : 23148, 13, 2024/05/28, 23:38:56.436, 3970598597241, vstest.console.dll, TcpClientExtensions.MessageLoopAsync: NotifyDataAvailable remoteEndPoint: 127.0.0.1:64017 localEndPoint: 127.0.0.1:64016
TpTrace Verbose: 0 : 23148, 13, 2024/05/28, 23:38:56.436, 3970598599088, vstest.console.dll, TestRequestSender.OnExecutionMessageReceived: Received message: {"Version":7,"MessageType":"TestSession.Message","Payload":{"MessageLevel":0,"Message":"NUnit Adapter 4.4.0.0: Test execution started"}}
TpTrace Verbose: 0 : 23148, 13, 2024/05/28, 23:38:56.436, 3970598600906, vstest.console.dll, TestRunRequest:SendTestRunMessage: Starting.
TpTrace Verbose: 0 : 23148, 13, 2024/05/28, 23:38:56.436, 3970598601577, vstest.console.dll, MulticastDelegateUtilities.SafeInvoke: TestRun.LogMessages: Invoking callback 1/1 for Microsoft.VisualStudio.TestPlatform.CommandLine.TestRunResultAggregator., took 0 ms.
TpTrace Information: 0 : 23148, 13, 2024/05/28, 23:38:56.437, 3970598601890, vstest.console.dll, TestRunRequest:SendTestRunMessage: Completed.
TpTrace Verbose: 0 : 23148, 4, 2024/05/28, 23:38:56.437, 3970598602047, vstest.console.dll, MulticastDelegateUtilities.SafeInvoke: InternalTestLoggerEvents.SendTestRunMessage: Invoking callback 1/1 for Microsoft.VisualStudio.TestPlatform.CommandLine.Internal.ConsoleLogger., took 0 ms.
TpTrace Verbose: 0 : 23148, 13, 2024/05/28, 23:38:56.437, 3970598602225, vstest.console.dll, MulticastDelegateUtilities.SafeInvoke: LengthPrefixCommunicationChannel: MessageReceived: Invoking callback 1/1 for Microsoft.VisualStudio.TestPlatform.CommunicationUtilities.TestRequestSender+<>c__DisplayClass34_0., took 0 ms.
TpTrace Verbose: 0 : 23148, 13, 2024/05/28, 23:38:56.437, 3970598604371, vstest.console.dll, TcpClientExtensions.MessageLoopAsync: Polling on remoteEndPoint: 127.0.0.1:64017 localEndPoint: 127.0.0.1:64016 after 195 ms
TpTrace Verbose: 0 : 23148, 13, 2024/05/28, 23:38:56.459, 3970598824813, vstest.console.dll, TcpClientExtensions.MessageLoopAsync: NotifyDataAvailable remoteEndPoint: 127.0.0.1:64017 localEndPoint: 127.0.0.1:64016
TpTrace Verbose: 0 : 23148, 13, 2024/05/28, 23:38:56.459, 3970598827072, vstest.console.dll, TestRequestSender.OnExecutionMessageReceived: Received message: {"Version":7,"MessageType":"TestSession.Message","Payload":{"MessageLevel":0,"Message":"Running all tests in C:\\Users\\vc\\Desktop\\Mini Project\\ShoppingAppSolution\\ShoppingAppTest\\bin\\Debug\\net6.0\\fine-code-coverage\\build-output\\ShoppingAppTest.dll"}}
TpTrace Verbose: 0 : 23148, 13, 2024/05/28, 23:38:56.459, 3970598828567, vstest.console.dll, TestRunRequest:SendTestRunMessage: Starting.
TpTrace Verbose: 0 : 23148, 13, 2024/05/28, 23:38:56.459, 3970598829676, vstest.console.dll, MulticastDelegateUtilities.SafeInvoke: TestRun.LogMessages: Invoking callback 1/1 for Microsoft.VisualStudio.TestPlatform.CommandLine.TestRunResultAggregator., took 0 ms.
TpTrace Information: 0 : 23148, 13, 2024/05/28, 23:38:56.459, 3970598830004, vstest.console.dll, TestRunRequest:SendTestRunMessage: Completed.
TpTrace Verbose: 0 : 23148, 13, 2024/05/28, 23:38:56.459, 3970598830354, vstest.console.dll, MulticastDelegateUtilities.SafeInvoke: LengthPrefixCommunicationChannel: MessageReceived: Invoking callback 1/1 for Microsoft.VisualStudio.TestPlatform.CommunicationUtilities.TestRequestSender+<>c__DisplayClass34_0., took 0 ms.
TpTrace Verbose: 0 : 23148, 13, 2024/05/28, 23:38:56.459, 3970598830711, vstest.console.dll, TcpClientExtensions.MessageLoopAsync: Polling on remoteEndPoint: 127.0.0.1:64017 localEndPoint: 127.0.0.1:64016 after 22 ms
TpTrace Verbose: 0 : 23148, 4, 2024/05/28, 23:38:56.459, 3970598830611, vstest.console.dll, MulticastDelegateUtilities.SafeInvoke: InternalTestLoggerEvents.SendTestRunMessage: Invoking callback 1/1 for Microsoft.VisualStudio.TestPlatform.CommandLine.Internal.ConsoleLogger., took 0 ms.
TpTrace Verbose: 0 : 23148, 13, 2024/05/28, 23:38:56.599, 3970600231747, vstest.console.dll, TcpClientExtensions.MessageLoopAsync: NotifyDataAvailable remoteEndPoint: 127.0.0.1:64017 localEndPoint: 127.0.0.1:64016
TpTrace Verbose: 0 : 23148, 13, 2024/05/28, 23:38:56.600, 3970600233998, vstest.console.dll, TestRequestSender.OnExecutionMessageReceived: Received message: {"Version":7,"MessageType":"TestSession.Message","Payload":{"MessageLevel":0,"Message":"   NUnit3TestExecutor discovered 76 of 76 NUnit test cases using Current Discovery mode, Non-Explicit run"}}
TpTrace Verbose: 0 : 23148, 13, 2024/05/28, 23:38:56.600, 3970600235365, vstest.console.dll, TestRunRequest:SendTestRunMessage: Starting.
TpTrace Verbose: 0 : 23148, 13, 2024/05/28, 23:38:56.600, 3970600236022, vstest.console.dll, MulticastDelegateUtilities.SafeInvoke: TestRun.LogMessages: Invoking callback 1/1 for Microsoft.VisualStudio.TestPlatform.CommandLine.TestRunResultAggregator., took 0 ms.
TpTrace Verbose: 0 : 23148, 4, 2024/05/28, 23:38:56.600, 3970600236231, vstest.console.dll, MulticastDelegateUtilities.SafeInvoke: InternalTestLoggerEvents.SendTestRunMessage: Invoking callback 1/1 for Microsoft.VisualStudio.TestPlatform.CommandLine.Internal.ConsoleLogger., took 0 ms.
TpTrace Information: 0 : 23148, 13, 2024/05/28, 23:38:56.600, 3970600236486, vstest.console.dll, TestRunRequest:SendTestRunMessage: Completed.
TpTrace Verbose: 0 : 23148, 13, 2024/05/28, 23:38:56.600, 3970600237467, vstest.console.dll, MulticastDelegateUtilities.SafeInvoke: LengthPrefixCommunicationChannel: MessageReceived: Invoking callback 1/1 for Microsoft.VisualStudio.TestPlatform.CommunicationUtilities.TestRequestSender+<>c__DisplayClass34_0., took 0 ms.
TpTrace Verbose: 0 : 23148, 13, 2024/05/28, 23:38:56.600, 3970600238727, vstest.console.dll, TcpClientExtensions.MessageLoopAsync: Polling on remoteEndPoint: 127.0.0.1:64017 localEndPoint: 127.0.0.1:64016 after 140 ms
TpTrace Verbose: 0 : 23148, 13, 2024/05/28, 23:38:57.603, 3970610262699, vstest.console.dll, TcpClientExtensions.MessageLoopAsync: Polling on remoteEndPoint: 127.0.0.1:64017 localEndPoint: 127.0.0.1:64016 after 1002 ms
TpTrace Verbose: 0 : 23148, 13, 2024/05/28, 23:38:57.637, 3970610607820, vstest.console.dll, TcpClientExtensions.MessageLoopAsync: NotifyDataAvailable remoteEndPoint: 127.0.0.1:64017 localEndPoint: 127.0.0.1:64016
TpTrace Verbose: 0 : 23148, 13, 2024/05/28, 23:38:57.638, 3970610611885, vstest.console.dll, TestRequestSender.OnExecutionMessageReceived: Received message: {"Version":7,"MessageType":"TestExecution.StatsChange","Payload":{"NewTestResults":[{"TestCase":{"Id":"976d5a6c-9946-4945-0187-63ffcf23d312","FullyQualifiedName":"ShoppingAppTest.RepositoryTests.CartItemRepositoryTests.Add_CartItem_ShouldAddCartItem","DisplayName":"Add_CartItem_ShouldAddCartItem","ExecutorUri":"executor://NUnit3TestExecutor","Source":"C:\\Users\\vc\\Desktop\\Mini Project\\ShoppingAppSolution\\ShoppingAppTest\\bin\\Debug\\net6.0\\fine-code-coverage\\build-output\\ShoppingAppTest.dll","CodeFilePath":null,"LineNumber":0,"Properties":[{"Key":{"Id":"NUnit.Seed","Label":"Seed","Category":"","Description":"","Attributes":0,"ValueType":"System.String"},"Value":"217722409"}]},"Attachments":[],"Outcome":1,"ErrorMessage":null,"ErrorStackTrace":null,"DisplayName":"Add_CartItem_ShouldAddCartItem","Messages":[],"ComputerName":"86RBBX3","Duration":"00:00:00.7622760","StartTime":"2024-05-28T18:08:56.6342267+00:00","EndTime":"2024-05-28T18:08:57.3964542+00:00","Properties":[{"Key":{"Id":"NUnit.Seed","Label":"Seed","Category":"","Description":"","Attributes":0,"ValueType":"System.String"},"Value":"217722409"}]},{"TestCase":{"Id":"6d96d549-9a77-c485-0a4f-784405f2b75b","FullyQualifiedName":"ShoppingAppTest.RepositoryTests.CartItemRepositoryTests.Delete_CartItem_ShouldDeleteCartItem","DisplayName":"Delete_CartItem_ShouldDeleteCartItem","ExecutorUri":"executor://NUnit3TestExecutor","Source":"C:\\Users\\vc\\Desktop\\Mini Project\\ShoppingAppSolution\\ShoppingAppTest\\bin\\Debug\\net6.0\\fine-code-coverage\\build-output\\ShoppingAppTest.dll","CodeFilePath":null,"LineNumber":0,"Properties":[{"Key":{"Id":"NUnit.Seed","Label":"Seed","Category":"","Description":"","Attributes":0,"ValueType":"System.String"},"Value":"1168060645"}]},"Attachments":[],"Outcome":1,"ErrorMessage":null,"ErrorStackTrace":null,"DisplayName":"Delete_CartItem_ShouldDeleteCartItem","Messages":[],"ComputerName":"86RBBX3","Duration":"00:00:00.1437489","StartTime":"2024-05-28T18:08:57.3975146+00:00","EndTime":"2024-05-28T18:08:57.5412635+00:00","Properties":[{"Key":{"Id":"NUnit.Seed","Label":"Seed","Category":"","Description":"","Attributes":0,"ValueType":"System.String"},"Value":"1168060645"}]},{"TestCase":{"Id":"b4a2df79-4446-57e2-0ff3-f5c81364c99c","FullyQualifiedName":"ShoppingAppTest.RepositoryTests.CartItemRepositoryTests.Get_CartItem_ShouldReturnCartItem","DisplayName":"Get_CartItem_ShouldReturnCartItem","ExecutorUri":"executor://NUnit3TestExecutor","Source":"C:\\Users\\vc\\Desktop\\Mini Project\\ShoppingAppSolution\\ShoppingAppTest\\bin\\Debug\\net6.0\\fine-code-coverage\\build-output\\ShoppingAppTest.dll","CodeFilePath":null,"LineNumber":0,"Properties":[{"Key":{"Id":"NUnit.Seed","Label":"Seed","Category":"","Description":"","Attributes":0,"ValueType":"System.String"},"Value":"19804241"}]},"Attachments":[],"Outcome":1,"ErrorMessage":null,"ErrorStackTrace":null,"DisplayName":"Get_CartItem_ShouldReturnCartItem","Messages":[],"ComputerName":"86RBBX3","Duration":"00:00:00.0232230","StartTime":"2024-05-28T18:08:57.5413011+00:00","EndTime":"2024-05-28T18:08:57.5645229+00:00","Properties":[{"Key":{"Id":"NUnit.Seed","Label":"Seed","Category":"","Description":"","Attributes":0,"ValueType":"System.String"},"Value":"19804241"}]},{"TestCase":{"Id":"1b71c5d6-4236-166f-5897-50d189892b8f","FullyQualifiedName":"ShoppingAppTest.RepositoryTests.CartItemRepositoryTests.Get_CartItem_ShouldThrowNotFoundException","DisplayName":"Get_CartItem_ShouldThrowNotFoundException","ExecutorUri":"executor://NUnit3TestExecutor","Source":"C:\\Users\\vc\\Desktop\\Mini Project\\ShoppingAppSolution\\ShoppingAppTest\\bin\\Debug\\net6.0\\fine-code-coverage\\build-output\\ShoppingAppTest.dll","CodeFilePath":null,"LineNumber":0,"Properties":[{"Key":{"Id":"NUnit.Seed","Label":"Seed","Category":"","Description":"","Attributes":0,"ValueType":"System.String"},"Value":"1691213933"}]},"Attachments":[],"Outcome":1,"ErrorMessage":null,"ErrorStackTrace":null,"DisplayName":"Get_CartItem_ShouldThrowNotFoundException","Messages":[],"ComputerName":"86RBBX3","Duration":"00:00:00.0011140","StartTime":"2024-05-28T18:08:57.5645669+00:00","EndTime":"2024-05-28T18:08:57.5656805+00:00","Properties":[{"Key":{"Id":"NUnit.Seed","Label":"Seed","Category":"","Description":"","Attributes":0,"ValueType":"System.String"},"Value":"1691213933"}]},{"TestCase":{"Id":"5f3636f2-a383-8d64-1f9b-aa2c3f8bf136","FullyQualifiedName":"ShoppingAppTest.RepositoryTests.CartItemRepositoryTests.GetAll_CartItems_ShouldReturnAllCartItems","DisplayName":"GetAll_CartItems_ShouldReturnAllCartItems","ExecutorUri":"executor://NUnit3TestExecutor","Source":"C:\\Users\\vc\\Desktop\\Mini Project\\ShoppingAppSolution\\ShoppingAppTest\\bin\\Debug\\net6.0\\fine-code-coverage\\build-output\\ShoppingAppTest.dll","CodeFilePath":null,"LineNumber":0,"Properties":[{"Key":{"Id":"NUnit.Seed","Label":"Seed","Category":"","Description":"","Attributes":0,"ValueType":"System.String"},"Value":"1204907607"}]},"Attachments":[],"Outcome":1,"ErrorMessage":null,"ErrorStackTrace":null,"DisplayName":"GetAll_CartItems_ShouldReturnAllCartItems","Messages":[],"ComputerName":"86RBBX3","Duration":"00:00:00.0094340","StartTime":"2024-05-28T18:08:57.565696+00:00","EndTime":"2024-05-28T18:08:57.5751292+00:00","Properties":[{"Key":{"Id":"NUnit.Seed","Label":"Seed","Category":"","Description":"","Attributes":0,"ValueType":"System.String"},"Value":"1204907607"}]},{"TestCase":{"Id":"813a3d9f-0a39-cc3c-3c3c-675d81c5f691","FullyQualifiedName":"ShoppingAppTest.RepositoryTests.CartItemRepositoryTests.Update_CartItem_ShouldUpdateCartItem","DisplayName":"Update_CartItem_ShouldUpdateCartItem","ExecutorUri":"executor://NUnit3TestExecutor","Source":"C:\\Users\\vc\\Desktop\\Mini Project\\ShoppingAppSolution\\ShoppingAppTest\\bin\\Debug\\net6.0\\fine-code-coverage\\build-output\\ShoppingAppTest.dll","CodeFilePath":null,"LineNumber":0,"Properties":[{"Key":{"Id":"NUnit.Seed","Label":"Seed","Category":"","Description":"","Attributes":0,"ValueType":"System.String"},"Value":"1802696827"}]},"Attachments":[],"Outcome":1,"ErrorMessage":null,"ErrorStackTrace":null,"DisplayName":"Update_CartItem_ShouldUpdateCartItem","Messages":[],"ComputerName":"86RBBX3","Duration":"00:00:00.0083970","StartTime":"2024-05-28T18:08:57.5751621+00:00","EndTime":"2024-05-28T18:08:57.5835583+00:00","Properties":[{"Key":{"Id":"NUnit.Seed","Label":"Seed","Category":"","Description":"","Attributes":0,"ValueType":"System.String"},"Value":"1802696827"}]},{"TestCase":{"Id":"ad796fbb-fd25-098d-84b2-426383ea75fa","FullyQualifiedName":"ShoppingAppTest.RepositoryTests.CartRepositoryTests.Add_Cart_ShouldAddCart","DisplayName":"Add_Cart_ShouldAddCart","ExecutorUri":"executor://NUnit3TestExecutor","Source":"C:\\Users\\vc\\Desktop\\Mini Project\\ShoppingAppSolution\\ShoppingAppTest\\bin\\Debug\\net6.0\\fine-code-coverage\\build-output\\ShoppingAppTest.dll","CodeFilePath":null,"LineNumber":0,"Properties":[{"Key":{"Id":"NUnit.Seed","Label":"Seed","Category":"","Description":"","Attributes":0,"ValueType":"System.String"},"Value":"1387596255"}]},"Attachments":[],"Outcome":1,"ErrorMessage":null,"ErrorStackTrace":null,"DisplayName":"Add_Cart_ShouldAddCart","Messages":[],"ComputerName":"86RBBX3","Duration":"00:00:00.0144480","StartTime":"2024-05-28T18:08:57.5865293+00:00","EndTime":"2024-05-28T18:08:57.6009768+00:00","Properties":[{"Key":{"Id":"NUnit.Seed","Label":"Seed","Category":"","Description":"","Attributes":0,"ValueType":"System.String"},"Value":"1387596255"}]},{"TestCase":{"Id":"2228a1c3-4e50-e915-8588-7bab2cd581dd","FullyQualifiedName":"ShoppingAppTest.RepositoryTests.CartRepositoryTests.Delete_Cart_ShouldDeleteCart","DisplayName":"Delete_Cart_ShouldDeleteCart","ExecutorUri":"executor://NUnit3TestExecutor","Source":"C:\\Users\\vc\\Desktop\\Mini Project\\ShoppingAppSolution\\ShoppingAppTest\\bin\\Debug\\net6.0\\fine-code-coverage\\build-output\\ShoppingAppTest.dll","CodeFilePath":null,"LineNumber":0,"Properties":[{"Key":{"Id":"NUnit.Seed","Label":"Seed","Category":"","Description":"","Attributes":0,"ValueType":"System.String"},"Value":"1373956334"}]},"Attachments":[],"Outcome":1,"ErrorMessage":null,"ErrorStackTrace":null,"DisplayName":"Delete_Cart_ShouldDeleteCart","Messages":[],"ComputerName":"86RBBX3","Duration":"00:00:00.0068670","StartTime":"2024-05-28T18:08:57.6010626+00:00","EndTime":"2024-05-28T18:08:57.6079289+00:00","Properties":[{"Key":{"Id":"NUnit.Seed","Label":"Seed","Category":"","Description":"","Attributes":0,"ValueType":"System.String"},"Value":"1373956334"}]},{"TestCase":{"Id":"73384240-334d-25c7-298f-397b71c386ff","FullyQualifiedName":"ShoppingAppTest.RepositoryTests.CartRepositoryTests.Get_Cart_ShouldReturnCart","DisplayName":"Get_Cart_ShouldReturnCart","ExecutorUri":"executor://NUnit3TestExecutor","Source":"C:\\Users\\vc\\Desktop\\Mini Project\\ShoppingAppSolution\\ShoppingAppTest\\bin\\Debug\\net6.0\\fine-code-coverage\\build-output\\ShoppingAppTest.dll","CodeFilePath":null,"LineNumber":0,"Properties":[{"Key":{"Id":"NUnit.Seed","Label":"Seed","Category":"","Description":"","Attributes":0,"ValueType":"System.String"},"Value":"996276022"}]},"Attachments":[],"Outcome":1,"ErrorMessage":null,"ErrorStackTrace":null,"DisplayName":"Get_Cart_ShouldReturnCart","Messages":[],"ComputerName":"86RBBX3","Duration":"00:00:00.0010570","StartTime":"2024-05-28T18:08:57.6079508+00:00","EndTime":"2024-05-28T18:08:57.6090078+00:00","Properties":[{"Key":{"Id":"NUnit.Seed","Label":"Seed","Category":"","Description":"","Attributes":0,"ValueType":"System.String"},"Value":"996276022"}]}],"TestRunStatistics":{"ExecutedTests":9,"Stats":{"Passed":9}},"ActiveTests":[{"Id":"afca0662-3bec-ef9e-37e5-f641195f8000","FullyQualifiedName":"ShoppingAppTest.RepositoryTests.CartRepositoryTests.Get_Cart_ShouldThrowNotFoundException","DisplayName":"Get_Cart_ShouldThrowNotFoundException","ExecutorUri":"executor://NUnit3TestExecutor","Source":"C:\\Users\\vc\\Desktop\\Mini Project\\ShoppingAppSolution\\ShoppingAppTest\\bin\\Debug\\net6.0\\fine-code-coverage\\build-output\\ShoppingAppTest.dll","CodeFilePath":null,"LineNumber":0,"Properties":[{"Key":{"Id":"NUnit.Seed","Label":"Seed","Category":"","Description":"","Attributes":0,"ValueType":"System.String"},"Value":"133456401"}]}]}}
TpTrace Verbose: 0 : 23148, 13, 2024/05/28, 23:38:57.662, 3970610858244, vstest.console.dll, TestRunRequest:SendTestRunStatsChange: Starting.
TpTrace Verbose: 0 : 23148, 13, 2024/05/28, 23:38:57.662, 3970610860165, vstest.console.dll, InProgress is Get_Cart_ShouldThrowNotFoundException
TpTrace Verbose: 0 : 23148, 13, 2024/05/28, 23:38:57.663, 3970610864017, vstest.console.dll, MulticastDelegateUtilities.SafeInvoke: TestRun.RunStatsChanged: Invoking callbacks was skipped because there are no subscribers.
TpTrace Information: 0 : 23148, 13, 2024/05/28, 23:38:57.663, 3970610864469, vstest.console.dll, TestRunRequest:SendTestRunStatsChange: Completed.
TpTrace Verbose: 0 : 23148, 13, 2024/05/28, 23:38:57.663, 3970610864776, vstest.console.dll, MulticastDelegateUtilities.SafeInvoke: LengthPrefixCommunicationChannel: MessageReceived: Invoking callback 1/1 for Microsoft.VisualStudio.TestPlatform.CommunicationUtilities.TestRequestSender+<>c__DisplayClass34_0., took 25 ms.
TpTrace Verbose: 0 : 23148, 13, 2024/05/28, 23:38:57.663, 3970610865099, vstest.console.dll, TcpClientExtensions.MessageLoopAsync: Polling on remoteEndPoint: 127.0.0.1:64017 localEndPoint: 127.0.0.1:64016 after 60 ms
TpTrace Verbose: 0 : 23148, 4, 2024/05/28, 23:38:57.665, 3970610883285, vstest.console.dll, MulticastDelegateUtilities.SafeInvoke: InternalTestLoggerEvents.SendTestResult: Invoking callback 1/1 for Microsoft.VisualStudio.TestPlatform.CommandLine.Internal.ConsoleLogger., took 1 ms.
TpTrace Verbose: 0 : 23148, 4, 2024/05/28, 23:38:57.665, 3970610886262, vstest.console.dll, MulticastDelegateUtilities.SafeInvoke: InternalTestLoggerEvents.SendTestResult: Invoking callback 1/1 for Microsoft.VisualStudio.TestPlatform.CommandLine.Internal.ConsoleLogger., took 0 ms.
TpTrace Verbose: 0 : 23148, 4, 2024/05/28, 23:38:57.665, 3970610886926, vstest.console.dll, MulticastDelegateUtilities.SafeInvoke: InternalTestLoggerEvents.SendTestResult: Invoking callback 1/1 for Microsoft.VisualStudio.TestPlatform.CommandLine.Internal.ConsoleLogger., took 0 ms.
TpTrace Verbose: 0 : 23148, 4, 2024/05/28, 23:38:57.665, 3970610887385, vstest.console.dll, MulticastDelegateUtilities.SafeInvoke: InternalTestLoggerEvents.SendTestResult: Invoking callback 1/1 for Microsoft.VisualStudio.TestPlatform.CommandLine.Internal.ConsoleLogger., took 0 ms.
TpTrace Verbose: 0 : 23148, 4, 2024/05/28, 23:38:57.665, 3970610890747, vstest.console.dll, MulticastDelegateUtilities.SafeInvoke: InternalTestLoggerEvents.SendTestResult: Invoking callback 1/1 for Microsoft.VisualStudio.TestPlatform.CommandLine.Internal.ConsoleLogger., took 0 ms.
TpTrace Verbose: 0 : 23148, 4, 2024/05/28, 23:38:57.665, 3970610891500, vstest.console.dll, MulticastDelegateUtilities.SafeInvoke: InternalTestLoggerEvents.SendTestResult: Invoking callback 1/1 for Microsoft.VisualStudio.TestPlatform.CommandLine.Internal.ConsoleLogger., took 0 ms.
TpTrace Verbose: 0 : 23148, 4, 2024/05/28, 23:38:57.666, 3970610891954, vstest.console.dll, MulticastDelegateUtilities.SafeInvoke: InternalTestLoggerEvents.SendTestResult: Invoking callback 1/1 for Microsoft.VisualStudio.TestPlatform.CommandLine.Internal.ConsoleLogger., took 0 ms.
TpTrace Verbose: 0 : 23148, 4, 2024/05/28, 23:38:57.666, 3970610892299, vstest.console.dll, MulticastDelegateUtilities.SafeInvoke: InternalTestLoggerEvents.SendTestResult: Invoking callback 1/1 for Microsoft.VisualStudio.TestPlatform.CommandLine.Internal.ConsoleLogger., took 0 ms.
TpTrace Verbose: 0 : 23148, 4, 2024/05/28, 23:38:57.666, 3970610892625, vstest.console.dll, MulticastDelegateUtilities.SafeInvoke: InternalTestLoggerEvents.SendTestResult: Invoking callback 1/1 for Microsoft.VisualStudio.TestPlatform.CommandLine.Internal.ConsoleLogger., took 0 ms.
TpTrace Verbose: 0 : 23148, 13, 2024/05/28, 23:38:57.707, 3970611306307, vstest.console.dll, TcpClientExtensions.MessageLoopAsync: NotifyDataAvailable remoteEndPoint: 127.0.0.1:64017 localEndPoint: 127.0.0.1:64016
TpTrace Verbose: 0 : 23148, 13, 2024/05/28, 23:38:57.707, 3970611310670, vstest.console.dll, TestRequestSender.OnExecutionMessageReceived: Received message: {"Version":7,"MessageType":"TestExecution.StatsChange","Payload":{"NewTestResults":[{"TestCase":{"Id":"afca0662-3bec-ef9e-37e5-f641195f8000","FullyQualifiedName":"ShoppingAppTest.RepositoryTests.CartRepositoryTests.Get_Cart_ShouldThrowNotFoundException","DisplayName":"Get_Cart_ShouldThrowNotFoundException","ExecutorUri":"executor://NUnit3TestExecutor","Source":"C:\\Users\\vc\\Desktop\\Mini Project\\ShoppingAppSolution\\ShoppingAppTest\\bin\\Debug\\net6.0\\fine-code-coverage\\build-output\\ShoppingAppTest.dll","CodeFilePath":null,"LineNumber":0,"Properties":[{"Key":{"Id":"NUnit.Seed","Label":"Seed","Category":"","Description":"","Attributes":0,"ValueType":"System.String"},"Value":"133456401"}]},"Attachments":[],"Outcome":1,"ErrorMessage":null,"ErrorStackTrace":null,"DisplayName":"Get_Cart_ShouldThrowNotFoundException","Messages":[],"ComputerName":"86RBBX3","Duration":"00:00:00.0009530","StartTime":"2024-05-28T18:08:57.6090231+00:00","EndTime":"2024-05-28T18:08:57.6099762+00:00","Properties":[{"Key":{"Id":"NUnit.Seed","Label":"Seed","Category":"","Description":"","Attributes":0,"ValueType":"System.String"},"Value":"133456401"}]},{"TestCase":{"Id":"e46d75a7-8a1f-7457-0682-5c689d5880a1","FullyQualifiedName":"ShoppingAppTest.RepositoryTests.CartRepositoryTests.GetAll_Carts_ShouldReturnAllCarts","DisplayName":"GetAll_Carts_ShouldReturnAllCarts","ExecutorUri":"executor://NUnit3TestExecutor","Source":"C:\\Users\\vc\\Desktop\\Mini Project\\ShoppingAppSolution\\ShoppingAppTest\\bin\\Debug\\net6.0\\fine-code-coverage\\build-output\\ShoppingAppTest.dll","CodeFilePath":null,"LineNumber":0,"Properties":[{"Key":{"Id":"NUnit.Seed","Label":"Seed","Category":"","Description":"","Attributes":0,"ValueType":"System.String"},"Value":"674558347"}]},"Attachments":[],"Outcome":1,"ErrorMessage":null,"ErrorStackTrace":null,"DisplayName":"GetAll_Carts_ShouldReturnAllCarts","Messages":[],"ComputerName":"86RBBX3","Duration":"00:00:00.0041399","StartTime":"2024-05-28T18:08:57.6099893+00:00","EndTime":"2024-05-28T18:08:57.6141295+00:00","Properties":[{"Key":{"Id":"NUnit.Seed","Label":"Seed","Category":"","Description":"","Attributes":0,"ValueType":"System.String"},"Value":"674558347"}]},{"TestCase":{"Id":"8ef4bdb7-1c8d-0b2d-348e-dc497914603f","FullyQualifiedName":"ShoppingAppTest.RepositoryTests.CartRepositoryTests.Update_Cart_ShouldUpdateCart","DisplayName":"Update_Cart_ShouldUpdateCart","ExecutorUri":"executor://NUnit3TestExecutor","Source":"C:\\Users\\vc\\Desktop\\Mini Project\\ShoppingAppSolution\\ShoppingAppTest\\bin\\Debug\\net6.0\\fine-code-coverage\\build-output\\ShoppingAppTest.dll","CodeFilePath":null,"LineNumber":0,"Properties":[{"Key":{"Id":"NUnit.Seed","Label":"Seed","Category":"","Description":"","Attributes":0,"ValueType":"System.String"},"Value":"1912127084"}]},"Attachments":[],"Outcome":1,"ErrorMessage":null,"ErrorStackTrace":null,"DisplayName":"Update_Cart_ShouldUpdateCart","Messages":[],"ComputerName":"86RBBX3","Duration":"00:00:00.0026840","StartTime":"2024-05-28T18:08:57.6141506+00:00","EndTime":"2024-05-28T18:08:57.6168345+00:00","Properties":[{"Key":{"Id":"NUnit.Seed","Label":"Seed","Category":"","Description":"","Attributes":0,"ValueType":"System.String"},"Value":"1912127084"}]},{"TestCase":{"Id":"fdf33479-98a2-5e88-8284-af77a1d3643a","FullyQualifiedName":"ShoppingAppTest.RepositoryTests.CategoryRepositoryTests.Add_Category_ShouldAddCategory","DisplayName":"Add_Category_ShouldAddCategory","ExecutorUri":"executor://NUnit3TestExecutor","Source":"C:\\Users\\vc\\Desktop\\Mini Project\\ShoppingAppSolution\\ShoppingAppTest\\bin\\Debug\\net6.0\\fine-code-coverage\\build-output\\ShoppingAppTest.dll","CodeFilePath":null,"LineNumber":0,"Properties":[{"Key":{"Id":"NUnit.Seed","Label":"Seed","Category":"","Description":"","Attributes":0,"ValueType":"System.String"},"Value":"1158113683"}]},"Attachments":[],"Outcome":1,"ErrorMessage":null,"ErrorStackTrace":null,"DisplayName":"Add_Category_ShouldAddCategory","Messages":[],"ComputerName":"86RBBX3","Duration":"00:00:00.0090090","StartTime":"2024-05-28T18:08:57.6169451+00:00","EndTime":"2024-05-28T18:08:57.6259537+00:00","Properties":[{"Key":{"Id":"NUnit.Seed","Label":"Seed","Category":"","Description":"","Attributes":0,"ValueType":"System.String"},"Value":"1158113683"}]},{"TestCase":{"Id":"1706f1e0-6d32-8aa0-5467-7ec8f49793ec","FullyQualifiedName":"ShoppingAppTest.RepositoryTests.CategoryRepositoryTests.Delete_Category_ShouldDeleteCategory","DisplayName":"Delete_Category_ShouldDeleteCategory","ExecutorUri":"executor://NUnit3TestExecutor","Source":"C:\\Users\\vc\\Desktop\\Mini Project\\ShoppingAppSolution\\ShoppingAppTest\\bin\\Debug\\net6.0\\fine-code-coverage\\build-output\\ShoppingAppTest.dll","CodeFilePath":null,"LineNumber":0,"Properties":[{"Key":{"Id":"NUnit.Seed","Label":"Seed","Category":"","Description":"","Attributes":0,"ValueType":"System.String"},"Value":"324373147"}]},"Attachments":[],"Outcome":1,"ErrorMessage":null,"ErrorStackTrace":null,"DisplayName":"Delete_Category_ShouldDeleteCategory","Messages":[],"ComputerName":"86RBBX3","Duration":"00:00:00.0079980","StartTime":"2024-05-28T18:08:57.6259773+00:00","EndTime":"2024-05-28T18:08:57.6339749+00:00","Properties":[{"Key":{"Id":"NUnit.Seed","Label":"Seed","Category":"","Description":"","Attributes":0,"ValueType":"System.String"},"Value":"324373147"}]},{"TestCase":{"Id":"4f682a86-234f-e17f-3ebe-37f2dfd0e3ef","FullyQualifiedName":"ShoppingAppTest.RepositoryTests.CategoryRepositoryTests.Get_Category_ShouldReturnCategory","DisplayName":"Get_Category_ShouldReturnCategory","ExecutorUri":"executor://NUnit3TestExecutor","Source":"C:\\Users\\vc\\Desktop\\Mini Project\\ShoppingAppSolution\\ShoppingAppTest\\bin\\Debug\\net6.0\\fine-code-coverage\\build-output\\ShoppingAppTest.dll","CodeFilePath":null,"LineNumber":0,"Properties":[{"Key":{"Id":"NUnit.Seed","Label":"Seed","Category":"","Description":"","Attributes":0,"ValueType":"System.String"},"Value":"338874289"}]},"Attachments":[],"Outcome":1,"ErrorMessage":null,"ErrorStackTrace":null,"DisplayName":"Get_Category_ShouldReturnCategory","Messages":[],"ComputerName":"86RBBX3","Duration":"00:00:00.0011460","StartTime":"2024-05-28T18:08:57.6339976+00:00","EndTime":"2024-05-28T18:08:57.635143+00:00","Properties":[{"Key":{"Id":"NUnit.Seed","Label":"Seed","Category":"","Description":"","Attributes":0,"ValueType":"System.String"},"Value":"338874289"}]},{"TestCase":{"Id":"a7f0379c-789c-3aee-29dd-a362a3241ca9","FullyQualifiedName":"ShoppingAppTest.RepositoryTests.CategoryRepositoryTests.Get_Category_ShouldThrowNotFoundException","DisplayName":"Get_Category_ShouldThrowNotFoundException","ExecutorUri":"executor://NUnit3TestExecutor","Source":"C:\\Users\\vc\\Desktop\\Mini Project\\ShoppingAppSolution\\ShoppingAppTest\\bin\\Debug\\net6.0\\fine-code-coverage\\build-output\\ShoppingAppTest.dll","CodeFilePath":null,"LineNumber":0,"Properties":[{"Key":{"Id":"NUnit.Seed","Label":"Seed","Category":"","Description":"","Attributes":0,"ValueType":"System.String"},"Value":"162716239"}]},"Attachments":[],"Outcome":1,"ErrorMessage":null,"ErrorStackTrace":null,"DisplayName":"Get_Category_ShouldThrowNotFoundException","Messages":[],"ComputerName":"86RBBX3","Duration":"00:00:00.0009350","StartTime":"2024-05-28T18:08:57.6351582+00:00","EndTime":"2024-05-28T18:08:57.6360931+00:00","Properties":[{"Key":{"Id":"NUnit.Seed","Label":"Seed","Category":"","Description":"","Attributes":0,"ValueType":"System.String"},"Value":"162716239"}]},{"TestCase":{"Id":"74117035-ea8d-fcb6-360c-020c9ff9fd20","FullyQualifiedName":"ShoppingAppTest.RepositoryTests.CategoryRepositoryTests.GetAll_Categories_ShouldReturnAllCategories","DisplayName":"GetAll_Categories_ShouldReturnAllCategories","ExecutorUri":"executor://NUnit3TestExecutor","Source":"C:\\Users\\vc\\Desktop\\Mini Project\\ShoppingAppSolution\\ShoppingAppTest\\bin\\Debug\\net6.0\\fine-code-coverage\\build-output\\ShoppingAppTest.dll","CodeFilePath":null,"LineNumber":0,"Properties":[{"Key":{"Id":"NUnit.Seed","Label":"Seed","Category":"","Description":"","Attributes":0,"ValueType":"System.String"},"Value":"1085790986"}]},"Attachments":[],"Outcome":1,"ErrorMessage":null,"ErrorStackTrace":null,"DisplayName":"GetAll_Categories_ShouldReturnAllCategories","Messages":[],"ComputerName":"86RBBX3","Duration":"00:00:00.0032280","StartTime":"2024-05-28T18:08:57.6361052+00:00","EndTime":"2024-05-28T18:08:57.6393328+00:00","Properties":[{"Key":{"Id":"NUnit.Seed","Label":"Seed","Category":"","Description":"","Attributes":0,"ValueType":"System.String"},"Value":"1085790986"}]},{"TestCase":{"Id":"17ee6bd8-2be8-8c15-6406-767e276e09a9","FullyQualifiedName":"ShoppingAppTest.RepositoryTests.CategoryRepositoryTests.GetCategoryByName_ShouldReturnCategory","DisplayName":"GetCategoryByName_ShouldReturnCategory","ExecutorUri":"executor://NUnit3TestExecutor","Source":"C:\\Users\\vc\\Desktop\\Mini Project\\ShoppingAppSolution\\ShoppingAppTest\\bin\\Debug\\net6.0\\fine-code-coverage\\build-output\\ShoppingAppTest.dll","CodeFilePath":null,"LineNumber":0,"Properties":[{"Key":{"Id":"NUnit.Seed","Label":"Seed","Category":"","Description":"","Attributes":0,"ValueType":"System.String"},"Value":"1923977470"}]},"Attachments":[],"Outcome":1,"ErrorMessage":null,"ErrorStackTrace":null,"DisplayName":"GetCategoryByName_ShouldReturnCategory","Messages":[],"ComputerName":"86RBBX3","Duration":"00:00:00.0638020","StartTime":"2024-05-28T18:08:57.6393513+00:00","EndTime":"2024-05-28T18:08:57.7031531+00:00","Properties":[{"Key":{"Id":"NUnit.Seed","Label":"Seed","Category":"","Description":"","Attributes":0,"ValueType":"System.String"},"Value":"1923977470"}]}],"TestRunStatistics":{"ExecutedTests":18,"Stats":{"Passed":18}},"ActiveTests":[{"Id":"bf4a20e6-1595-97e8-1afd-d1f486d0ed3c","FullyQualifiedName":"ShoppingAppTest.RepositoryTests.CategoryRepositoryTests.GetCategoryByName_ShouldThrowNotFoundException","DisplayName":"GetCategoryByName_ShouldThrowNotFoundException","ExecutorUri":"executor://NUnit3TestExecutor","Source":"C:\\Users\\vc\\Desktop\\Mini Project\\ShoppingAppSolution\\ShoppingAppTest\\bin\\Debug\\net6.0\\fine-code-coverage\\build-output\\ShoppingAppTest.dll","CodeFilePath":null,"LineNumber":0,"Properties":[{"Key":{"Id":"NUnit.Seed","Label":"Seed","Category":"","Description":"","Attributes":0,"ValueType":"System.String"},"Value":"11517700"}]}]}}
TpTrace Verbose: 0 : 23148, 13, 2024/05/28, 23:38:57.709, 3970611330518, vstest.console.dll, TestRunRequest:SendTestRunStatsChange: Starting.
TpTrace Verbose: 0 : 23148, 13, 2024/05/28, 23:38:57.709, 3970611331330, vstest.console.dll, InProgress is GetCategoryByName_ShouldThrowNotFoundException
TpTrace Verbose: 0 : 23148, 13, 2024/05/28, 23:38:57.710, 3970611332181, vstest.console.dll, MulticastDelegateUtilities.SafeInvoke: TestRun.RunStatsChanged: Invoking callbacks was skipped because there are no subscribers.
TpTrace Information: 0 : 23148, 13, 2024/05/28, 23:38:57.710, 3970611332490, vstest.console.dll, TestRunRequest:SendTestRunStatsChange: Completed.
TpTrace Verbose: 0 : 23148, 13, 2024/05/28, 23:38:57.710, 3970611332868, vstest.console.dll, MulticastDelegateUtilities.SafeInvoke: LengthPrefixCommunicationChannel: MessageReceived: Invoking callback 1/1 for Microsoft.VisualStudio.TestPlatform.CommunicationUtilities.TestRequestSender+<>c__DisplayClass34_0., took 2 ms.
TpTrace Verbose: 0 : 23148, 13, 2024/05/28, 23:38:57.710, 3970611333353, vstest.console.dll, TcpClientExtensions.MessageLoopAsync: Polling on remoteEndPoint: 127.0.0.1:64017 localEndPoint: 127.0.0.1:64016 after 46 ms
TpTrace Verbose: 0 : 23148, 4, 2024/05/28, 23:38:57.710, 3970611333649, vstest.console.dll, MulticastDelegateUtilities.SafeInvoke: InternalTestLoggerEvents.SendTestResult: Invoking callback 1/1 for Microsoft.VisualStudio.TestPlatform.CommandLine.Internal.ConsoleLogger., took 0 ms.
TpTrace Verbose: 0 : 23148, 4, 2024/05/28, 23:38:57.710, 3970611336245, vstest.console.dll, MulticastDelegateUtilities.SafeInvoke: InternalTestLoggerEvents.SendTestResult: Invoking callback 1/1 for Microsoft.VisualStudio.TestPlatform.CommandLine.Internal.ConsoleLogger., took 0 ms.
TpTrace Verbose: 0 : 23148, 4, 2024/05/28, 23:38:57.710, 3970611336796, vstest.console.dll, MulticastDelegateUtilities.SafeInvoke: InternalTestLoggerEvents.SendTestResult: Invoking callback 1/1 for Microsoft.VisualStudio.TestPlatform.CommandLine.Internal.ConsoleLogger., took 0 ms.
TpTrace Verbose: 0 : 23148, 4, 2024/05/28, 23:38:57.710, 3970611337360, vstest.console.dll, MulticastDelegateUtilities.SafeInvoke: InternalTestLoggerEvents.SendTestResult: Invoking callback 1/1 for Microsoft.VisualStudio.TestPlatform.CommandLine.Internal.ConsoleLogger., took 0 ms.
TpTrace Verbose: 0 : 23148, 4, 2024/05/28, 23:38:57.710, 3970611337949, vstest.console.dll, MulticastDelegateUtilities.SafeInvoke: InternalTestLoggerEvents.SendTestResult: Invoking callback 1/1 for Microsoft.VisualStudio.TestPlatform.CommandLine.Internal.ConsoleLogger., took 0 ms.
TpTrace Verbose: 0 : 23148, 4, 2024/05/28, 23:38:57.711, 3970611351565, vstest.console.dll, MulticastDelegateUtilities.SafeInvoke: InternalTestLoggerEvents.SendTestResult: Invoking callback 1/1 for Microsoft.VisualStudio.TestPlatform.CommandLine.Internal.ConsoleLogger., took 1 ms.
TpTrace Verbose: 0 : 23148, 4, 2024/05/28, 23:38:57.712, 3970611352727, vstest.console.dll, MulticastDelegateUtilities.SafeInvoke: InternalTestLoggerEvents.SendTestResult: Invoking callback 1/1 for Microsoft.VisualStudio.TestPlatform.CommandLine.Internal.ConsoleLogger., took 0 ms.
TpTrace Verbose: 0 : 23148, 4, 2024/05/28, 23:38:57.712, 3970611353322, vstest.console.dll, MulticastDelegateUtilities.SafeInvoke: InternalTestLoggerEvents.SendTestResult: Invoking callback 1/1 for Microsoft.VisualStudio.TestPlatform.CommandLine.Internal.ConsoleLogger., took 0 ms.
TpTrace Verbose: 0 : 23148, 4, 2024/05/28, 23:38:57.712, 3970611353798, vstest.console.dll, MulticastDelegateUtilities.SafeInvoke: InternalTestLoggerEvents.SendTestResult: Invoking callback 1/1 for Microsoft.VisualStudio.TestPlatform.CommandLine.Internal.ConsoleLogger., took 0 ms.
TpTrace Verbose: 0 : 23148, 13, 2024/05/28, 23:38:57.774, 3970611979906, vstest.console.dll, TcpClientExtensions.MessageLoopAsync: NotifyDataAvailable remoteEndPoint: 127.0.0.1:64017 localEndPoint: 127.0.0.1:64016
TpTrace Verbose: 0 : 23148, 13, 2024/05/28, 23:38:57.775, 3970611984102, vstest.console.dll, TestRequestSender.OnExecutionMessageReceived: Received message: {"Version":7,"MessageType":"TestExecution.StatsChange","Payload":{"NewTestResults":[{"TestCase":{"Id":"bf4a20e6-1595-97e8-1afd-d1f486d0ed3c","FullyQualifiedName":"ShoppingAppTest.RepositoryTests.CategoryRepositoryTests.GetCategoryByName_ShouldThrowNotFoundException","DisplayName":"GetCategoryByName_ShouldThrowNotFoundException","ExecutorUri":"executor://NUnit3TestExecutor","Source":"C:\\Users\\vc\\Desktop\\Mini Project\\ShoppingAppSolution\\ShoppingAppTest\\bin\\Debug\\net6.0\\fine-code-coverage\\build-output\\ShoppingAppTest.dll","CodeFilePath":null,"LineNumber":0,"Properties":[{"Key":{"Id":"NUnit.Seed","Label":"Seed","Category":"","Description":"","Attributes":0,"ValueType":"System.String"},"Value":"11517700"}]},"Attachments":[],"Outcome":1,"ErrorMessage":null,"ErrorStackTrace":null,"DisplayName":"GetCategoryByName_ShouldThrowNotFoundException","Messages":[],"ComputerName":"86RBBX3","Duration":"00:00:00.0012330","StartTime":"2024-05-28T18:08:57.7031952+00:00","EndTime":"2024-05-28T18:08:57.7044278+00:00","Properties":[{"Key":{"Id":"NUnit.Seed","Label":"Seed","Category":"","Description":"","Attributes":0,"ValueType":"System.String"},"Value":"11517700"}]},{"TestCase":{"Id":"b57d9253-b9b7-79b3-604c-c5e558e523ec","FullyQualifiedName":"ShoppingAppTest.RepositoryTests.CategoryRepositoryTests.Update_Category_ShouldUpdateCategory","DisplayName":"Update_Category_ShouldUpdateCategory","ExecutorUri":"executor://NUnit3TestExecutor","Source":"C:\\Users\\vc\\Desktop\\Mini Project\\ShoppingAppSolution\\ShoppingAppTest\\bin\\Debug\\net6.0\\fine-code-coverage\\build-output\\ShoppingAppTest.dll","CodeFilePath":null,"LineNumber":0,"Properties":[{"Key":{"Id":"NUnit.Seed","Label":"Seed","Category":"","Description":"","Attributes":0,"ValueType":"System.String"},"Value":"1672072446"}]},"Attachments":[],"Outcome":1,"ErrorMessage":null,"ErrorStackTrace":null,"DisplayName":"Update_Category_ShouldUpdateCategory","Messages":[],"ComputerName":"86RBBX3","Duration":"00:00:00.0009600","StartTime":"2024-05-28T18:08:57.7044433+00:00","EndTime":"2024-05-28T18:08:57.7054029+00:00","Properties":[{"Key":{"Id":"NUnit.Seed","Label":"Seed","Category":"","Description":"","Attributes":0,"ValueType":"System.String"},"Value":"1672072446"}]},{"TestCase":{"Id":"7c77ad76-53cb-3610-a8a2-c029d9aca106","FullyQualifiedName":"ShoppingAppTest.RepositoryTests.CustomerRepositoryTests.Add_Customer_ShouldAddCustomer","DisplayName":"Add_Customer_ShouldAddCustomer","ExecutorUri":"executor://NUnit3TestExecutor","Source":"C:\\Users\\vc\\Desktop\\Mini Project\\ShoppingAppSolution\\ShoppingAppTest\\bin\\Debug\\net6.0\\fine-code-coverage\\build-output\\ShoppingAppTest.dll","CodeFilePath":null,"LineNumber":0,"Properties":[{"Key":{"Id":"NUnit.Seed","Label":"Seed","Category":"","Description":"","Attributes":0,"ValueType":"System.String"},"Value":"159269656"}]},"Attachments":[],"Outcome":1,"ErrorMessage":null,"ErrorStackTrace":null,"DisplayName":"Add_Customer_ShouldAddCustomer","Messages":[],"ComputerName":"86RBBX3","Duration":"00:00:00.0213509","StartTime":"2024-05-28T18:08:57.7054976+00:00","EndTime":"2024-05-28T18:08:57.7268481+00:00","Properties":[{"Key":{"Id":"NUnit.Seed","Label":"Seed","Category":"","Description":"","Attributes":0,"ValueType":"System.String"},"Value":"159269656"}]},{"TestCase":{"Id":"0be82bf9-de49-42dc-22d7-38cd0c1b435b","FullyQualifiedName":"ShoppingAppTest.RepositoryTests.CustomerRepositoryTests.Delete_Customer_ShouldDeleteCustomer","DisplayName":"Delete_Customer_ShouldDeleteCustomer","ExecutorUri":"executor://NUnit3TestExecutor","Source":"C:\\Users\\vc\\Desktop\\Mini Project\\ShoppingAppSolution\\ShoppingAppTest\\bin\\Debug\\net6.0\\fine-code-coverage\\build-output\\ShoppingAppTest.dll","CodeFilePath":null,"LineNumber":0,"Properties":[{"Key":{"Id":"NUnit.Seed","Label":"Seed","Category":"","Description":"","Attributes":0,"ValueType":"System.String"},"Value":"2122773412"}]},"Attachments":[],"Outcome":1,"ErrorMessage":null,"ErrorStackTrace":null,"DisplayName":"Delete_Customer_ShouldDeleteCustomer","Messages":[],"ComputerName":"86RBBX3","Duration":"00:00:00.0107370","StartTime":"2024-05-28T18:08:57.7268715+00:00","EndTime":"2024-05-28T18:08:57.7376085+00:00","Properties":[{"Key":{"Id":"NUnit.Seed","Label":"Seed","Category":"","Description":"","Attributes":0,"ValueType":"System.String"},"Value":"2122773412"}]},{"TestCase":{"Id":"01b22587-ace6-4aad-a8b4-602fa4b923a2","FullyQualifiedName":"ShoppingAppTest.RepositoryTests.CustomerRepositoryTests.Get_Customer_ShouldReturnCustomer","DisplayName":"Get_Customer_ShouldReturnCustomer","ExecutorUri":"executor://NUnit3TestExecutor","Source":"C:\\Users\\vc\\Desktop\\Mini Project\\ShoppingAppSolution\\ShoppingAppTest\\bin\\Debug\\net6.0\\fine-code-coverage\\build-output\\ShoppingAppTest.dll","CodeFilePath":null,"LineNumber":0,"Properties":[{"Key":{"Id":"NUnit.Seed","Label":"Seed","Category":"","Description":"","Attributes":0,"ValueType":"System.String"},"Value":"1604276472"}]},"Attachments":[],"Outcome":1,"ErrorMessage":null,"ErrorStackTrace":null,"DisplayName":"Get_Customer_ShouldReturnCustomer","Messages":[],"ComputerName":"86RBBX3","Duration":"00:00:00.0012930","StartTime":"2024-05-28T18:08:57.7376376+00:00","EndTime":"2024-05-28T18:08:57.73893+00:00","Properties":[{"Key":{"Id":"NUnit.Seed","Label":"Seed","Category":"","Description":"","Attributes":0,"ValueType":"System.String"},"Value":"1604276472"}]},{"TestCase":{"Id":"861a6de5-17f4-c4f8-694e-8086799a0df2","FullyQualifiedName":"ShoppingAppTest.RepositoryTests.CustomerRepositoryTests.Get_Customer_ShouldThrowNotFoundException","DisplayName":"Get_Customer_ShouldThrowNotFoundException","ExecutorUri":"executor://NUnit3TestExecutor","Source":"C:\\Users\\vc\\Desktop\\Mini Project\\ShoppingAppSolution\\ShoppingAppTest\\bin\\Debug\\net6.0\\fine-code-coverage\\build-output\\ShoppingAppTest.dll","CodeFilePath":null,"LineNumber":0,"Properties":[{"Key":{"Id":"NUnit.Seed","Label":"Seed","Category":"","Description":"","Attributes":0,"ValueType":"System.String"},"Value":"623661517"}]},"Attachments":[],"Outcome":1,"ErrorMessage":null,"ErrorStackTrace":null,"DisplayName":"Get_Customer_ShouldThrowNotFoundException","Messages":[],"ComputerName":"86RBBX3","Duration":"00:00:00.0012170","StartTime":"2024-05-28T18:08:57.7389498+00:00","EndTime":"2024-05-28T18:08:57.7401665+00:00","Properties":[{"Key":{"Id":"NUnit.Seed","Label":"Seed","Category":"","Description":"","Attributes":0,"ValueType":"System.String"},"Value":"623661517"}]},{"TestCase":{"Id":"3697edc8-f7f3-1856-f59f-4207b040c8a5","FullyQualifiedName":"ShoppingAppTest.RepositoryTests.CustomerRepositoryTests.GetAll_Customers_ShouldReturnAllCustomers","DisplayName":"GetAll_Customers_ShouldReturnAllCustomers","ExecutorUri":"executor://NUnit3TestExecutor","Source":"C:\\Users\\vc\\Desktop\\Mini Project\\ShoppingAppSolution\\ShoppingAppTest\\bin\\Debug\\net6.0\\fine-code-coverage\\build-output\\ShoppingAppTest.dll","CodeFilePath":null,"LineNumber":0,"Properties":[{"Key":{"Id":"NUnit.Seed","Label":"Seed","Category":"","Description":"","Attributes":0,"ValueType":"System.String"},"Value":"540250379"}]},"Attachments":[],"Outcome":1,"ErrorMessage":null,"ErrorStackTrace":null,"DisplayName":"GetAll_Customers_ShouldReturnAllCustomers","Messages":[],"ComputerName":"86RBBX3","Duration":"00:00:00.0066730","StartTime":"2024-05-28T18:08:57.7401825+00:00","EndTime":"2024-05-28T18:08:57.7468554+00:00","Properties":[{"Key":{"Id":"NUnit.Seed","Label":"Seed","Category":"","Description":"","Attributes":0,"ValueType":"System.String"},"Value":"540250379"}]},{"TestCase":{"Id":"3933ae78-f651-ec85-e0e5-284ad47224e5","FullyQualifiedName":"ShoppingAppTest.RepositoryTests.CustomerRepositoryTests.GetCustomerByEmail_ShouldReturnCustomer","DisplayName":"GetCustomerByEmail_ShouldReturnCustomer","ExecutorUri":"executor://NUnit3TestExecutor","Source":"C:\\Users\\vc\\Desktop\\Mini Project\\ShoppingAppSolution\\ShoppingAppTest\\bin\\Debug\\net6.0\\fine-code-coverage\\build-output\\ShoppingAppTest.dll","CodeFilePath":null,"LineNumber":0,"Properties":[{"Key":{"Id":"NUnit.Seed","Label":"Seed","Category":"","Description":"","Attributes":0,"ValueType":"System.String"},"Value":"1765294953"}]},"Attachments":[],"Outcome":1,"ErrorMessage":null,"ErrorStackTrace":null,"DisplayName":"GetCustomerByEmail_ShouldReturnCustomer","Messages":[],"ComputerName":"86RBBX3","Duration":"00:00:00.0216109","StartTime":"2024-05-28T18:08:57.7468783+00:00","EndTime":"2024-05-28T18:08:57.7684885+00:00","Properties":[{"Key":{"Id":"NUnit.Seed","Label":"Seed","Category":"","Description":"","Attributes":0,"ValueType":"System.String"},"Value":"1765294953"}]},{"TestCase":{"Id":"b4c03581-4fe5-7bc8-ef9d-f49018ad933c","FullyQualifiedName":"ShoppingAppTest.RepositoryTests.CustomerRepositoryTests.GetCustomerByEmail_ShouldThrowNotFoundException","DisplayName":"GetCustomerByEmail_ShouldThrowNotFoundException","ExecutorUri":"executor://NUnit3TestExecutor","Source":"C:\\Users\\vc\\Desktop\\Mini Project\\ShoppingAppSolution\\ShoppingAppTest\\bin\\Debug\\net6.0\\fine-code-coverage\\build-output\\ShoppingAppTest.dll","CodeFilePath":null,"LineNumber":0,"Properties":[{"Key":{"Id":"NUnit.Seed","Label":"Seed","Category":"","Description":"","Attributes":0,"ValueType":"System.String"},"Value":"1643861554"}]},"Attachments":[],"Outcome":1,"ErrorMessage":null,"ErrorStackTrace":null,"DisplayName":"GetCustomerByEmail_ShouldThrowNotFoundException","Messages":[],"ComputerName":"86RBBX3","Duration":"00:00:00.0011980","StartTime":"2024-05-28T18:08:57.7685146+00:00","EndTime":"2024-05-28T18:08:57.7697121+00:00","Properties":[{"Key":{"Id":"NUnit.Seed","Label":"Seed","Category":"","Description":"","Attributes":0,"ValueType":"System.String"},"Value":"1643861554"}]}],"TestRunStatistics":{"ExecutedTests":27,"Stats":{"Passed":27}},"ActiveTests":[{"Id":"df731d0d-5a55-9f6f-6b34-482928a9f8c2","FullyQualifiedName":"ShoppingAppTest.RepositoryTests.CustomerRepositoryTests.Update_Customer_ShouldUpdateCustomer","DisplayName":"Update_Customer_ShouldUpdateCustomer","ExecutorUri":"executor://NUnit3TestExecutor","Source":"C:\\Users\\vc\\Desktop\\Mini Project\\ShoppingAppSolution\\ShoppingAppTest\\bin\\Debug\\net6.0\\fine-code-coverage\\build-output\\ShoppingAppTest.dll","CodeFilePath":null,"LineNumber":0,"Properties":[{"Key":{"Id":"NUnit.Seed","Label":"Seed","Category":"","Description":"","Attributes":0,"ValueType":"System.String"},"Value":"477068919"}]}]}}
TpTrace Verbose: 0 : 23148, 13, 2024/05/28, 23:38:57.776, 3970611998722, vstest.console.dll, TestRunRequest:SendTestRunStatsChange: Starting.
TpTrace Verbose: 0 : 23148, 13, 2024/05/28, 23:38:57.776, 3970611999699, vstest.console.dll, InProgress is Update_Customer_ShouldUpdateCustomer
TpTrace Verbose: 0 : 23148, 13, 2024/05/28, 23:38:57.776, 3970612000718, vstest.console.dll, MulticastDelegateUtilities.SafeInvoke: TestRun.RunStatsChanged: Invoking callbacks was skipped because there are no subscribers.
TpTrace Information: 0 : 23148, 13, 2024/05/28, 23:38:57.776, 3970612001222, vstest.console.dll, TestRunRequest:SendTestRunStatsChange: Completed.
TpTrace Verbose: 0 : 23148, 13, 2024/05/28, 23:38:57.777, 3970612002170, vstest.console.dll, MulticastDelegateUtilities.SafeInvoke: LengthPrefixCommunicationChannel: MessageReceived: Invoking callback 1/1 for Microsoft.VisualStudio.TestPlatform.CommunicationUtilities.TestRequestSender+<>c__DisplayClass34_0., took 1 ms.
TpTrace Verbose: 0 : 23148, 4, 2024/05/28, 23:38:57.777, 3970612002668, vstest.console.dll, MulticastDelegateUtilities.SafeInvoke: InternalTestLoggerEvents.SendTestResult: Invoking callback 1/1 for Microsoft.VisualStudio.TestPlatform.CommandLine.Internal.ConsoleLogger., took 0 ms.
TpTrace Verbose: 0 : 23148, 13, 2024/05/28, 23:38:57.777, 3970612002761, vstest.console.dll, TcpClientExtensions.MessageLoopAsync: Polling on remoteEndPoint: 127.0.0.1:64017 localEndPoint: 127.0.0.1:64016 after 66 ms
TpTrace Verbose: 0 : 23148, 4, 2024/05/28, 23:38:57.777, 3970612003762, vstest.console.dll, MulticastDelegateUtilities.SafeInvoke: InternalTestLoggerEvents.SendTestResult: Invoking callback 1/1 for Microsoft.VisualStudio.TestPlatform.CommandLine.Internal.ConsoleLogger., took 0 ms.
TpTrace Verbose: 0 : 23148, 4, 2024/05/28, 23:38:57.777, 3970612004799, vstest.console.dll, MulticastDelegateUtilities.SafeInvoke: InternalTestLoggerEvents.SendTestResult: Invoking callback 1/1 for Microsoft.VisualStudio.TestPlatform.CommandLine.Internal.ConsoleLogger., took 0 ms.
TpTrace Verbose: 0 : 23148, 4, 2024/05/28, 23:38:57.777, 3970612005688, vstest.console.dll, MulticastDelegateUtilities.SafeInvoke: InternalTestLoggerEvents.SendTestResult: Invoking callback 1/1 for Microsoft.VisualStudio.TestPlatform.CommandLine.Internal.ConsoleLogger., took 0 ms.
TpTrace Verbose: 0 : 23148, 4, 2024/05/28, 23:38:57.777, 3970612007858, vstest.console.dll, MulticastDelegateUtilities.SafeInvoke: InternalTestLoggerEvents.SendTestResult: Invoking callback 1/1 for Microsoft.VisualStudio.TestPlatform.CommandLine.Internal.ConsoleLogger., took 0 ms.
TpTrace Verbose: 0 : 23148, 4, 2024/05/28, 23:38:57.777, 3970612009075, vstest.console.dll, MulticastDelegateUtilities.SafeInvoke: InternalTestLoggerEvents.SendTestResult: Invoking callback 1/1 for Microsoft.VisualStudio.TestPlatform.CommandLine.Internal.ConsoleLogger., took 0 ms.
TpTrace Verbose: 0 : 23148, 4, 2024/05/28, 23:38:57.777, 3970612009511, vstest.console.dll, MulticastDelegateUtilities.SafeInvoke: InternalTestLoggerEvents.SendTestResult: Invoking callback 1/1 for Microsoft.VisualStudio.TestPlatform.CommandLine.Internal.ConsoleLogger., took 0 ms.
TpTrace Verbose: 0 : 23148, 4, 2024/05/28, 23:38:57.777, 3970612010053, vstest.console.dll, MulticastDelegateUtilities.SafeInvoke: InternalTestLoggerEvents.SendTestResult: Invoking callback 1/1 for Microsoft.VisualStudio.TestPlatform.CommandLine.Internal.ConsoleLogger., took 0 ms.
TpTrace Verbose: 0 : 23148, 4, 2024/05/28, 23:38:57.777, 3970612010526, vstest.console.dll, MulticastDelegateUtilities.SafeInvoke: InternalTestLoggerEvents.SendTestResult: Invoking callback 1/1 for Microsoft.VisualStudio.TestPlatform.CommandLine.Internal.ConsoleLogger., took 0 ms.
TpTrace Verbose: 0 : 23148, 13, 2024/05/28, 23:38:57.886, 3970613098478, vstest.console.dll, TcpClientExtensions.MessageLoopAsync: NotifyDataAvailable remoteEndPoint: 127.0.0.1:64017 localEndPoint: 127.0.0.1:64016
TpTrace Verbose: 0 : 23148, 13, 2024/05/28, 23:38:57.887, 3970613102196, vstest.console.dll, TestRequestSender.OnExecutionMessageReceived: Received message: {"Version":7,"MessageType":"TestExecution.StatsChange","Payload":{"NewTestResults":[{"TestCase":{"Id":"df731d0d-5a55-9f6f-6b34-482928a9f8c2","FullyQualifiedName":"ShoppingAppTest.RepositoryTests.CustomerRepositoryTests.Update_Customer_ShouldUpdateCustomer","DisplayName":"Update_Customer_ShouldUpdateCustomer","ExecutorUri":"executor://NUnit3TestExecutor","Source":"C:\\Users\\vc\\Desktop\\Mini Project\\ShoppingAppSolution\\ShoppingAppTest\\bin\\Debug\\net6.0\\fine-code-coverage\\build-output\\ShoppingAppTest.dll","CodeFilePath":null,"LineNumber":0,"Properties":[{"Key":{"Id":"NUnit.Seed","Label":"Seed","Category":"","Description":"","Attributes":0,"ValueType":"System.String"},"Value":"477068919"}]},"Attachments":[],"Outcome":1,"ErrorMessage":null,"ErrorStackTrace":null,"DisplayName":"Update_Customer_ShouldUpdateCustomer","Messages":[],"ComputerName":"86RBBX3","Duration":"00:00:00.0010480","StartTime":"2024-05-28T18:08:57.7697276+00:00","EndTime":"2024-05-28T18:08:57.7707753+00:00","Properties":[{"Key":{"Id":"NUnit.Seed","Label":"Seed","Category":"","Description":"","Attributes":0,"ValueType":"System.String"},"Value":"477068919"}]},{"TestCase":{"Id":"11c1703c-da6f-abe2-c0bb-07c0c5ec7cf3","FullyQualifiedName":"ShoppingAppTest.RepositoryTests.OrderDetailRepositoryTests.Add_OrderDetail_ShouldAddOrderDetail","DisplayName":"Add_OrderDetail_ShouldAddOrderDetail","ExecutorUri":"executor://NUnit3TestExecutor","Source":"C:\\Users\\vc\\Desktop\\Mini Project\\ShoppingAppSolution\\ShoppingAppTest\\bin\\Debug\\net6.0\\fine-code-coverage\\build-output\\ShoppingAppTest.dll","CodeFilePath":null,"LineNumber":0,"Properties":[{"Key":{"Id":"NUnit.Seed","Label":"Seed","Category":"","Description":"","Attributes":0,"ValueType":"System.String"},"Value":"964856134"}]},"Attachments":[],"Outcome":1,"ErrorMessage":null,"ErrorStackTrace":null,"DisplayName":"Add_OrderDetail_ShouldAddOrderDetail","Messages":[],"ComputerName":"86RBBX3","Duration":"00:00:00.0121289","StartTime":"2024-05-28T18:08:57.770867+00:00","EndTime":"2024-05-28T18:08:57.7829961+00:00","Properties":[{"Key":{"Id":"NUnit.Seed","Label":"Seed","Category":"","Description":"","Attributes":0,"ValueType":"System.String"},"Value":"964856134"}]},{"TestCase":{"Id":"73e31ef5-201a-1a9d-d10a-b2fda6d13acc","FullyQualifiedName":"ShoppingAppTest.RepositoryTests.OrderDetailRepositoryTests.Delete_OrderDetail_ShouldDeleteOrderDetail","DisplayName":"Delete_OrderDetail_ShouldDeleteOrderDetail","ExecutorUri":"executor://NUnit3TestExecutor","Source":"C:\\Users\\vc\\Desktop\\Mini Project\\ShoppingAppSolution\\ShoppingAppTest\\bin\\Debug\\net6.0\\fine-code-coverage\\build-output\\ShoppingAppTest.dll","CodeFilePath":null,"LineNumber":0,"Properties":[{"Key":{"Id":"NUnit.Seed","Label":"Seed","Category":"","Description":"","Attributes":0,"ValueType":"System.String"},"Value":"1575810835"}]},"Attachments":[],"Outcome":1,"ErrorMessage":null,"ErrorStackTrace":null,"DisplayName":"Delete_OrderDetail_ShouldDeleteOrderDetail","Messages":[],"ComputerName":"86RBBX3","Duration":"00:00:00.0062100","StartTime":"2024-05-28T18:08:57.7830235+00:00","EndTime":"2024-05-28T18:08:57.7892336+00:00","Properties":[{"Key":{"Id":"NUnit.Seed","Label":"Seed","Category":"","Description":"","Attributes":0,"ValueType":"System.String"},"Value":"1575810835"}]},{"TestCase":{"Id":"75d21655-5839-da72-08a1-16c5f8fb6938","FullyQualifiedName":"ShoppingAppTest.RepositoryTests.OrderDetailRepositoryTests.Get_OrderDetail_ShouldReturnOrderDetail","DisplayName":"Get_OrderDetail_ShouldReturnOrderDetail","ExecutorUri":"executor://NUnit3TestExecutor","Source":"C:\\Users\\vc\\Desktop\\Mini Project\\ShoppingAppSolution\\ShoppingAppTest\\bin\\Debug\\net6.0\\fine-code-coverage\\build-output\\ShoppingAppTest.dll","CodeFilePath":null,"LineNumber":0,"Properties":[{"Key":{"Id":"NUnit.Seed","Label":"Seed","Category":"","Description":"","Attributes":0,"ValueType":"System.String"},"Value":"920667300"}]},"Attachments":[],"Outcome":1,"ErrorMessage":null,"ErrorStackTrace":null,"DisplayName":"Get_OrderDetail_ShouldReturnOrderDetail","Messages":[],"ComputerName":"86RBBX3","Duration":"00:00:00.0012489","StartTime":"2024-05-28T18:08:57.7893126+00:00","EndTime":"2024-05-28T18:08:57.7905612+00:00","Properties":[{"Key":{"Id":"NUnit.Seed","Label":"Seed","Category":"","Description":"","Attributes":0,"ValueType":"System.String"},"Value":"920667300"}]},{"TestCase":{"Id":"a3f5c44d-9fe9-a299-8433-1f1f085a8da9","FullyQualifiedName":"ShoppingAppTest.RepositoryTests.OrderDetailRepositoryTests.Get_OrderDetail_ShouldThrowNotFoundException","DisplayName":"Get_OrderDetail_ShouldThrowNotFoundException","ExecutorUri":"executor://NUnit3TestExecutor","Source":"C:\\Users\\vc\\Desktop\\Mini Project\\ShoppingAppSolution\\ShoppingAppTest\\bin\\Debug\\net6.0\\fine-code-coverage\\build-output\\ShoppingAppTest.dll","CodeFilePath":null,"LineNumber":0,"Properties":[{"Key":{"Id":"NUnit.Seed","Label":"Seed","Category":"","Description":"","Attributes":0,"ValueType":"System.String"},"Value":"636991915"}]},"Attachments":[],"Outcome":1,"ErrorMessage":null,"ErrorStackTrace":null,"DisplayName":"Get_OrderDetail_ShouldThrowNotFoundException","Messages":[],"ComputerName":"86RBBX3","Duration":"00:00:00.0010080","StartTime":"2024-05-28T18:08:57.7905744+00:00","EndTime":"2024-05-28T18:08:57.7915827+00:00","Properties":[{"Key":{"Id":"NUnit.Seed","Label":"Seed","Category":"","Description":"","Attributes":0,"ValueType":"System.String"},"Value":"636991915"}]},{"TestCase":{"Id":"7cbcee98-f003-3e20-43ee-2b8fbc53abe0","FullyQualifiedName":"ShoppingAppTest.RepositoryTests.OrderDetailRepositoryTests.Update_OrderDetail_ShouldUpdateOrderDetail","DisplayName":"Update_OrderDetail_ShouldUpdateOrderDetail","ExecutorUri":"executor://NUnit3TestExecutor","Source":"C:\\Users\\vc\\Desktop\\Mini Project\\ShoppingAppSolution\\ShoppingAppTest\\bin\\Debug\\net6.0\\fine-code-coverage\\build-output\\ShoppingAppTest.dll","CodeFilePath":null,"LineNumber":0,"Properties":[{"Key":{"Id":"NUnit.Seed","Label":"Seed","Category":"","Description":"","Attributes":0,"ValueType":"System.String"},"Value":"425355630"}]},"Attachments":[],"Outcome":1,"ErrorMessage":null,"ErrorStackTrace":null,"DisplayName":"Update_OrderDetail_ShouldUpdateOrderDetail","Messages":[],"ComputerName":"86RBBX3","Duration":"00:00:00.0098770","StartTime":"2024-05-28T18:08:57.7915961+00:00","EndTime":"2024-05-28T18:08:57.8014731+00:00","Properties":[{"Key":{"Id":"NUnit.Seed","Label":"Seed","Category":"","Description":"","Attributes":0,"ValueType":"System.String"},"Value":"425355630"}]},{"TestCase":{"Id":"f49c104e-6314-356a-f747-7bccf5865da2","FullyQualifiedName":"ShoppingAppTest.RepositoryTests.OrderRepositoryTests.Add_Order_ShouldAddOrder","DisplayName":"Add_Order_ShouldAddOrder","ExecutorUri":"executor://NUnit3TestExecutor","Source":"C:\\Users\\vc\\Desktop\\Mini Project\\ShoppingAppSolution\\ShoppingAppTest\\bin\\Debug\\net6.0\\fine-code-coverage\\build-output\\ShoppingAppTest.dll","CodeFilePath":null,"LineNumber":0,"Properties":[{"Key":{"Id":"NUnit.Seed","Label":"Seed","Category":"","Description":"","Attributes":0,"ValueType":"System.String"},"Value":"866630435"}]},"Attachments":[],"Outcome":1,"ErrorMessage":null,"ErrorStackTrace":null,"DisplayName":"Add_Order_ShouldAddOrder","Messages":[],"ComputerName":"86RBBX3","Duration":"00:00:00.0229500","StartTime":"2024-05-28T18:08:57.801585+00:00","EndTime":"2024-05-28T18:08:57.8245342+00:00","Properties":[{"Key":{"Id":"NUnit.Seed","Label":"Seed","Category":"","Description":"","Attributes":0,"ValueType":"System.String"},"Value":"866630435"}]},{"TestCase":{"Id":"67913ba0-3d7e-1d00-ea3f-5cf57642b174","FullyQualifiedName":"ShoppingAppTest.RepositoryTests.OrderRepositoryTests.Delete_Order_ShouldDeleteOrder","DisplayName":"Delete_Order_ShouldDeleteOrder","ExecutorUri":"executor://NUnit3TestExecutor","Source":"C:\\Users\\vc\\Desktop\\Mini Project\\ShoppingAppSolution\\ShoppingAppTest\\bin\\Debug\\net6.0\\fine-code-coverage\\build-output\\ShoppingAppTest.dll","CodeFilePath":null,"LineNumber":0,"Properties":[{"Key":{"Id":"NUnit.Seed","Label":"Seed","Category":"","Description":"","Attributes":0,"ValueType":"System.String"},"Value":"1839169867"}]},"Attachments":[],"Outcome":1,"ErrorMessage":null,"ErrorStackTrace":null,"DisplayName":"Delete_Order_ShouldDeleteOrder","Messages":[],"ComputerName":"86RBBX3","Duration":"00:00:00.0248170","StartTime":"2024-05-28T18:08:57.8245653+00:00","EndTime":"2024-05-28T18:08:57.849382+00:00","Properties":[{"Key":{"Id":"NUnit.Seed","Label":"Seed","Category":"","Description":"","Attributes":0,"ValueType":"System.String"},"Value":"1839169867"}]},{"TestCase":{"Id":"5c9d3664-d827-f5d4-6980-6a077f07783e","FullyQualifiedName":"ShoppingAppTest.RepositoryTests.OrderRepositoryTests.Get_AllOrders_ShouldReturnAllOrders","DisplayName":"Get_AllOrders_ShouldReturnAllOrders","ExecutorUri":"executor://NUnit3TestExecutor","Source":"C:\\Users\\vc\\Desktop\\Mini Project\\ShoppingAppSolution\\ShoppingAppTest\\bin\\Debug\\net6.0\\fine-code-coverage\\build-output\\ShoppingAppTest.dll","CodeFilePath":null,"LineNumber":0,"Properties":[{"Key":{"Id":"NUnit.Seed","Label":"Seed","Category":"","Description":"","Attributes":0,"ValueType":"System.String"},"Value":"594935817"}]},"Attachments":[],"Outcome":1,"ErrorMessage":null,"ErrorStackTrace":null,"DisplayName":"Get_AllOrders_ShouldReturnAllOrders","Messages":[],"ComputerName":"86RBBX3","Duration":"00:00:00.0341360","StartTime":"2024-05-28T18:08:57.8494346+00:00","EndTime":"2024-05-28T18:08:57.88357+00:00","Properties":[{"Key":{"Id":"NUnit.Seed","Label":"Seed","Category":"","Description":"","Attributes":0,"ValueType":"System.String"},"Value":"594935817"}]}],"TestRunStatistics":{"ExecutedTests":36,"Stats":{"Passed":36}},"ActiveTests":[{"Id":"b7d66f51-11c6-62cd-9857-559b0de4d1c6","FullyQualifiedName":"ShoppingAppTest.RepositoryTests.OrderRepositoryTests.Get_Order_ShouldReturnOrder","DisplayName":"Get_Order_ShouldReturnOrder","ExecutorUri":"executor://NUnit3TestExecutor","Source":"C:\\Users\\vc\\Desktop\\Mini Project\\ShoppingAppSolution\\ShoppingAppTest\\bin\\Debug\\net6.0\\fine-code-coverage\\build-output\\ShoppingAppTest.dll","CodeFilePath":null,"LineNumber":0,"Properties":[{"Key":{"Id":"NUnit.Seed","Label":"Seed","Category":"","Description":"","Attributes":0,"ValueType":"System.String"},"Value":"1854480464"}]}]}}
TpTrace Verbose: 0 : 23148, 13, 2024/05/28, 23:38:57.888, 3970613114698, vstest.console.dll, TestRunRequest:SendTestRunStatsChange: Starting.
TpTrace Verbose: 0 : 23148, 13, 2024/05/28, 23:38:57.888, 3970613115393, vstest.console.dll, InProgress is Get_Order_ShouldReturnOrder
TpTrace Verbose: 0 : 23148, 13, 2024/05/28, 23:38:57.888, 3970613116217, vstest.console.dll, MulticastDelegateUtilities.SafeInvoke: TestRun.RunStatsChanged: Invoking callbacks was skipped because there are no subscribers.
TpTrace Information: 0 : 23148, 13, 2024/05/28, 23:38:57.888, 3970613116536, vstest.console.dll, TestRunRequest:SendTestRunStatsChange: Completed.
TpTrace Verbose: 0 : 23148, 13, 2024/05/28, 23:38:57.888, 3970613116864, vstest.console.dll, MulticastDelegateUtilities.SafeInvoke: LengthPrefixCommunicationChannel: MessageReceived: Invoking callback 1/1 for Microsoft.VisualStudio.TestPlatform.CommunicationUtilities.TestRequestSender+<>c__DisplayClass34_0., took 1 ms.
TpTrace Verbose: 0 : 23148, 4, 2024/05/28, 23:38:57.888, 3970613116983, vstest.console.dll, MulticastDelegateUtilities.SafeInvoke: InternalTestLoggerEvents.SendTestResult: Invoking callback 1/1 for Microsoft.VisualStudio.TestPlatform.CommandLine.Internal.ConsoleLogger., took 0 ms.
TpTrace Verbose: 0 : 23148, 4, 2024/05/28, 23:38:57.888, 3970613118809, vstest.console.dll, MulticastDelegateUtilities.SafeInvoke: InternalTestLoggerEvents.SendTestResult: Invoking callback 1/1 for Microsoft.VisualStudio.TestPlatform.CommandLine.Internal.ConsoleLogger., took 0 ms.
TpTrace Verbose: 0 : 23148, 4, 2024/05/28, 23:38:57.888, 3970613119918, vstest.console.dll, MulticastDelegateUtilities.SafeInvoke: InternalTestLoggerEvents.SendTestResult: Invoking callback 1/1 for Microsoft.VisualStudio.TestPlatform.CommandLine.Internal.ConsoleLogger., took 0 ms.
TpTrace Verbose: 0 : 23148, 4, 2024/05/28, 23:38:57.888, 3970613121445, vstest.console.dll, MulticastDelegateUtilities.SafeInvoke: InternalTestLoggerEvents.SendTestResult: Invoking callback 1/1 for Microsoft.VisualStudio.TestPlatform.CommandLine.Internal.ConsoleLogger., took 0 ms.
TpTrace Verbose: 0 : 23148, 4, 2024/05/28, 23:38:57.889, 3970613122521, vstest.console.dll, MulticastDelegateUtilities.SafeInvoke: InternalTestLoggerEvents.SendTestResult: Invoking callback 1/1 for Microsoft.VisualStudio.TestPlatform.CommandLine.Internal.ConsoleLogger., took 0 ms.
TpTrace Verbose: 0 : 23148, 13, 2024/05/28, 23:38:57.888, 3970613118864, vstest.console.dll, TcpClientExtensions.MessageLoopAsync: Polling on remoteEndPoint: 127.0.0.1:64017 localEndPoint: 127.0.0.1:64016 after 111 ms
TpTrace Verbose: 0 : 23148, 4, 2024/05/28, 23:38:57.889, 3970613123163, vstest.console.dll, MulticastDelegateUtilities.SafeInvoke: InternalTestLoggerEvents.SendTestResult: Invoking callback 1/1 for Microsoft.VisualStudio.TestPlatform.CommandLine.Internal.ConsoleLogger., took 0 ms.
TpTrace Verbose: 0 : 23148, 4, 2024/05/28, 23:38:57.889, 3970613125120, vstest.console.dll, MulticastDelegateUtilities.SafeInvoke: InternalTestLoggerEvents.SendTestResult: Invoking callback 1/1 for Microsoft.VisualStudio.TestPlatform.CommandLine.Internal.ConsoleLogger., took 0 ms.
TpTrace Verbose: 0 : 23148, 4, 2024/05/28, 23:38:57.889, 3970613125610, vstest.console.dll, MulticastDelegateUtilities.SafeInvoke: InternalTestLoggerEvents.SendTestResult: Invoking callback 1/1 for Microsoft.VisualStudio.TestPlatform.CommandLine.Internal.ConsoleLogger., took 0 ms.
TpTrace Verbose: 0 : 23148, 4, 2024/05/28, 23:38:57.889, 3970613128558, vstest.console.dll, MulticastDelegateUtilities.SafeInvoke: InternalTestLoggerEvents.SendTestResult: Invoking callback 1/1 for Microsoft.VisualStudio.TestPlatform.CommandLine.Internal.ConsoleLogger., took 0 ms.
TpTrace Verbose: 0 : 23148, 13, 2024/05/28, 23:38:57.934, 3970613578666, vstest.console.dll, TcpClientExtensions.MessageLoopAsync: NotifyDataAvailable remoteEndPoint: 127.0.0.1:64017 localEndPoint: 127.0.0.1:64016
TpTrace Verbose: 0 : 23148, 13, 2024/05/28, 23:38:57.935, 3970613583321, vstest.console.dll, TestRequestSender.OnExecutionMessageReceived: Received message: {"Version":7,"MessageType":"TestExecution.StatsChange","Payload":{"NewTestResults":[{"TestCase":{"Id":"b7d66f51-11c6-62cd-9857-559b0de4d1c6","FullyQualifiedName":"ShoppingAppTest.RepositoryTests.OrderRepositoryTests.Get_Order_ShouldReturnOrder","DisplayName":"Get_Order_ShouldReturnOrder","ExecutorUri":"executor://NUnit3TestExecutor","Source":"C:\\Users\\vc\\Desktop\\Mini Project\\ShoppingAppSolution\\ShoppingAppTest\\bin\\Debug\\net6.0\\fine-code-coverage\\build-output\\ShoppingAppTest.dll","CodeFilePath":null,"LineNumber":0,"Properties":[{"Key":{"Id":"NUnit.Seed","Label":"Seed","Category":"","Description":"","Attributes":0,"ValueType":"System.String"},"Value":"1854480464"}]},"Attachments":[],"Outcome":1,"ErrorMessage":null,"ErrorStackTrace":null,"DisplayName":"Get_Order_ShouldReturnOrder","Messages":[],"ComputerName":"86RBBX3","Duration":"00:00:00.0040980","StartTime":"2024-05-28T18:08:57.883611+00:00","EndTime":"2024-05-28T18:08:57.8877087+00:00","Properties":[{"Key":{"Id":"NUnit.Seed","Label":"Seed","Category":"","Description":"","Attributes":0,"ValueType":"System.String"},"Value":"1854480464"}]},{"TestCase":{"Id":"ddd915a7-e0ef-657e-407c-2337894ab58d","FullyQualifiedName":"ShoppingAppTest.RepositoryTests.OrderRepositoryTests.Get_Order_ShouldThrowNotFoundException","DisplayName":"Get_Order_ShouldThrowNotFoundException","ExecutorUri":"executor://NUnit3TestExecutor","Source":"C:\\Users\\vc\\Desktop\\Mini Project\\ShoppingAppSolution\\ShoppingAppTest\\bin\\Debug\\net6.0\\fine-code-coverage\\build-output\\ShoppingAppTest.dll","CodeFilePath":null,"LineNumber":0,"Properties":[{"Key":{"Id":"NUnit.Seed","Label":"Seed","Category":"","Description":"","Attributes":0,"ValueType":"System.String"},"Value":"1635052684"}]},"Attachments":[],"Outcome":1,"ErrorMessage":null,"ErrorStackTrace":null,"DisplayName":"Get_Order_ShouldThrowNotFoundException","Messages":[],"ComputerName":"86RBBX3","Duration":"00:00:00.0016250","StartTime":"2024-05-28T18:08:57.8877329+00:00","EndTime":"2024-05-28T18:08:57.8893578+00:00","Properties":[{"Key":{"Id":"NUnit.Seed","Label":"Seed","Category":"","Description":"","Attributes":0,"ValueType":"System.String"},"Value":"1635052684"}]},{"TestCase":{"Id":"00c4aaea-0704-0ae6-478a-75c132a45991","FullyQualifiedName":"ShoppingAppTest.RepositoryTests.OrderRepositoryTests.Update_Order_ShouldUpdateOrder","DisplayName":"Update_Order_ShouldUpdateOrder","ExecutorUri":"executor://NUnit3TestExecutor","Source":"C:\\Users\\vc\\Desktop\\Mini Project\\ShoppingAppSolution\\ShoppingAppTest\\bin\\Debug\\net6.0\\fine-code-coverage\\build-output\\ShoppingAppTest.dll","CodeFilePath":null,"LineNumber":0,"Properties":[{"Key":{"Id":"NUnit.Seed","Label":"Seed","Category":"","Description":"","Attributes":0,"ValueType":"System.String"},"Value":"358330351"}]},"Attachments":[],"Outcome":1,"ErrorMessage":null,"ErrorStackTrace":null,"DisplayName":"Update_Order_ShouldUpdateOrder","Messages":[],"ComputerName":"86RBBX3","Duration":"00:00:00.0018070","StartTime":"2024-05-28T18:08:57.8893799+00:00","EndTime":"2024-05-28T18:08:57.8911863+00:00","Properties":[{"Key":{"Id":"NUnit.Seed","Label":"Seed","Category":"","Description":"","Attributes":0,"ValueType":"System.String"},"Value":"358330351"}]},{"TestCase":{"Id":"b7af539a-74db-c611-3424-e7a12968b7d8","FullyQualifiedName":"ShoppingAppTest.RepositoryTests.PaymentRepositoryTests.Add_Payment_ShouldAddPayment","DisplayName":"Add_Payment_ShouldAddPayment","ExecutorUri":"executor://NUnit3TestExecutor","Source":"C:\\Users\\vc\\Desktop\\Mini Project\\ShoppingAppSolution\\ShoppingAppTest\\bin\\Debug\\net6.0\\fine-code-coverage\\build-output\\ShoppingAppTest.dll","CodeFilePath":null,"LineNumber":0,"Properties":[{"Key":{"Id":"NUnit.Seed","Label":"Seed","Category":"","Description":"","Attributes":0,"ValueType":"System.String"},"Value":"1599735097"}]},"Attachments":[],"Outcome":1,"ErrorMessage":null,"ErrorStackTrace":null,"DisplayName":"Add_Payment_ShouldAddPayment","Messages":[],"ComputerName":"86RBBX3","Duration":"00:00:00.0116270","StartTime":"2024-05-28T18:08:57.8913023+00:00","EndTime":"2024-05-28T18:08:57.9029286+00:00","Properties":[{"Key":{"Id":"NUnit.Seed","Label":"Seed","Category":"","Description":"","Attributes":0,"ValueType":"System.String"},"Value":"1599735097"}]},{"TestCase":{"Id":"1ff6c9ff-757a-d0c0-2186-fca2563285ad","FullyQualifiedName":"ShoppingAppTest.RepositoryTests.PaymentRepositoryTests.Delete_Payment_ShouldDeletePayment","DisplayName":"Delete_Payment_ShouldDeletePayment","ExecutorUri":"executor://NUnit3TestExecutor","Source":"C:\\Users\\vc\\Desktop\\Mini Project\\ShoppingAppSolution\\ShoppingAppTest\\bin\\Debug\\net6.0\\fine-code-coverage\\build-output\\ShoppingAppTest.dll","CodeFilePath":null,"LineNumber":0,"Properties":[{"Key":{"Id":"NUnit.Seed","Label":"Seed","Category":"","Description":"","Attributes":0,"ValueType":"System.String"},"Value":"1600785939"}]},"Attachments":[],"Outcome":1,"ErrorMessage":null,"ErrorStackTrace":null,"DisplayName":"Delete_Payment_ShouldDeletePayment","Messages":[],"ComputerName":"86RBBX3","Duration":"00:00:00.0059010","StartTime":"2024-05-28T18:08:57.9029508+00:00","EndTime":"2024-05-28T18:08:57.9088519+00:00","Properties":[{"Key":{"Id":"NUnit.Seed","Label":"Seed","Category":"","Description":"","Attributes":0,"ValueType":"System.String"},"Value":"1600785939"}]},{"TestCase":{"Id":"b6298894-dea5-e754-caf3-24d6f4c6fa07","FullyQualifiedName":"ShoppingAppTest.RepositoryTests.PaymentRepositoryTests.Get_Payment_ShouldReturnPayment","DisplayName":"Get_Payment_ShouldReturnPayment","ExecutorUri":"executor://NUnit3TestExecutor","Source":"C:\\Users\\vc\\Desktop\\Mini Project\\ShoppingAppSolution\\ShoppingAppTest\\bin\\Debug\\net6.0\\fine-code-coverage\\build-output\\ShoppingAppTest.dll","CodeFilePath":null,"LineNumber":0,"Properties":[{"Key":{"Id":"NUnit.Seed","Label":"Seed","Category":"","Description":"","Attributes":0,"ValueType":"System.String"},"Value":"590824331"}]},"Attachments":[],"Outcome":1,"ErrorMessage":null,"ErrorStackTrace":null,"DisplayName":"Get_Payment_ShouldReturnPayment","Messages":[],"ComputerName":"86RBBX3","Duration":"00:00:00.0010460","StartTime":"2024-05-28T18:08:57.9088727+00:00","EndTime":"2024-05-28T18:08:57.9099182+00:00","Properties":[{"Key":{"Id":"NUnit.Seed","Label":"Seed","Category":"","Description":"","Attributes":0,"ValueType":"System.String"},"Value":"590824331"}]},{"TestCase":{"Id":"83021dd9-27af-9432-1abd-e2c0857a9167","FullyQualifiedName":"ShoppingAppTest.RepositoryTests.PaymentRepositoryTests.Get_Payment_ShouldThrowNotFoundException","DisplayName":"Get_Payment_ShouldThrowNotFoundException","ExecutorUri":"executor://NUnit3TestExecutor","Source":"C:\\Users\\vc\\Desktop\\Mini Project\\ShoppingAppSolution\\ShoppingAppTest\\bin\\Debug\\net6.0\\fine-code-coverage\\build-output\\ShoppingAppTest.dll","CodeFilePath":null,"LineNumber":0,"Properties":[{"Key":{"Id":"NUnit.Seed","Label":"Seed","Category":"","Description":"","Attributes":0,"ValueType":"System.String"},"Value":"780746160"}]},"Attachments":[],"Outcome":1,"ErrorMessage":null,"ErrorStackTrace":null,"DisplayName":"Get_Payment_ShouldThrowNotFoundException","Messages":[],"ComputerName":"86RBBX3","Duration":"00:00:00.0009690","StartTime":"2024-05-28T18:08:57.9099319+00:00","EndTime":"2024-05-28T18:08:57.9109009+00:00","Properties":[{"Key":{"Id":"NUnit.Seed","Label":"Seed","Category":"","Description":"","Attributes":0,"ValueType":"System.String"},"Value":"780746160"}]},{"TestCase":{"Id":"44edf2fb-ac07-cebd-e2f4-adfa425bbc7b","FullyQualifiedName":"ShoppingAppTest.RepositoryTests.PaymentRepositoryTests.Update_Payment_ShouldUpdatePayment","DisplayName":"Update_Payment_ShouldUpdatePayment","ExecutorUri":"executor://NUnit3TestExecutor","Source":"C:\\Users\\vc\\Desktop\\Mini Project\\ShoppingAppSolution\\ShoppingAppTest\\bin\\Debug\\net6.0\\fine-code-coverage\\build-output\\ShoppingAppTest.dll","CodeFilePath":null,"LineNumber":0,"Properties":[{"Key":{"Id":"NUnit.Seed","Label":"Seed","Category":"","Description":"","Attributes":0,"ValueType":"System.String"},"Value":"582896445"}]},"Attachments":[],"Outcome":1,"ErrorMessage":null,"ErrorStackTrace":null,"DisplayName":"Update_Payment_ShouldUpdatePayment","Messages":[],"ComputerName":"86RBBX3","Duration":"00:00:00.0015140","StartTime":"2024-05-28T18:08:57.9109187+00:00","EndTime":"2024-05-28T18:08:57.9124322+00:00","Properties":[{"Key":{"Id":"NUnit.Seed","Label":"Seed","Category":"","Description":"","Attributes":0,"ValueType":"System.String"},"Value":"582896445"}]},{"TestCase":{"Id":"9779c755-c1a5-0b94-b883-0a8122030e76","FullyQualifiedName":"ShoppingAppTest.RepositoryTests.ProductRepositoryTests.Add_Product_ShouldAddProduct","DisplayName":"Add_Product_ShouldAddProduct","ExecutorUri":"executor://NUnit3TestExecutor","Source":"C:\\Users\\vc\\Desktop\\Mini Project\\ShoppingAppSolution\\ShoppingAppTest\\bin\\Debug\\net6.0\\fine-code-coverage\\build-output\\ShoppingAppTest.dll","CodeFilePath":null,"LineNumber":0,"Properties":[{"Key":{"Id":"NUnit.Seed","Label":"Seed","Category":"","Description":"","Attributes":0,"ValueType":"System.String"},"Value":"179204083"}]},"Attachments":[],"Outcome":1,"ErrorMessage":null,"ErrorStackTrace":null,"DisplayName":"Add_Product_ShouldAddProduct","Messages":[],"ComputerName":"86RBBX3","Duration":"00:00:00.0191060","StartTime":"2024-05-28T18:08:57.9125286+00:00","EndTime":"2024-05-28T18:08:57.9316342+00:00","Properties":[{"Key":{"Id":"NUnit.Seed","Label":"Seed","Category":"","Description":"","Attributes":0,"ValueType":"System.String"},"Value":"179204083"}]}],"TestRunStatistics":{"ExecutedTests":45,"Stats":{"Passed":45}},"ActiveTests":[{"Id":"3ead7eee-75ce-6719-94d2-212dee362816","FullyQualifiedName":"ShoppingAppTest.RepositoryTests.ProductRepositoryTests.Delete_Product_ShouldDeleteProduct","DisplayName":"Delete_Product_ShouldDeleteProduct","ExecutorUri":"executor://NUnit3TestExecutor","Source":"C:\\Users\\vc\\Desktop\\Mini Project\\ShoppingAppSolution\\ShoppingAppTest\\bin\\Debug\\net6.0\\fine-code-coverage\\build-output\\ShoppingAppTest.dll","CodeFilePath":null,"LineNumber":0,"Properties":[{"Key":{"Id":"NUnit.Seed","Label":"Seed","Category":"","Description":"","Attributes":0,"ValueType":"System.String"},"Value":"1246062664"}]}]}}
TpTrace Verbose: 0 : 23148, 13, 2024/05/28, 23:38:57.936, 3970613595781, vstest.console.dll, TestRunRequest:SendTestRunStatsChange: Starting.
TpTrace Verbose: 0 : 23148, 13, 2024/05/28, 23:38:57.936, 3970613596492, vstest.console.dll, InProgress is Delete_Product_ShouldDeleteProduct
TpTrace Verbose: 0 : 23148, 13, 2024/05/28, 23:38:57.936, 3970613597082, vstest.console.dll, MulticastDelegateUtilities.SafeInvoke: TestRun.RunStatsChanged: Invoking callbacks was skipped because there are no subscribers.
TpTrace Information: 0 : 23148, 13, 2024/05/28, 23:38:57.936, 3970613597493, vstest.console.dll, TestRunRequest:SendTestRunStatsChange: Completed.
TpTrace Verbose: 0 : 23148, 13, 2024/05/28, 23:38:57.936, 3970613597818, vstest.console.dll, MulticastDelegateUtilities.SafeInvoke: LengthPrefixCommunicationChannel: MessageReceived: Invoking callback 1/1 for Microsoft.VisualStudio.TestPlatform.CommunicationUtilities.TestRequestSender+<>c__DisplayClass34_0., took 1 ms.
TpTrace Verbose: 0 : 23148, 13, 2024/05/28, 23:38:57.936, 3970613598198, vstest.console.dll, TcpClientExtensions.MessageLoopAsync: Polling on remoteEndPoint: 127.0.0.1:64017 localEndPoint: 127.0.0.1:64016 after 47 ms
TpTrace Verbose: 0 : 23148, 4, 2024/05/28, 23:38:57.936, 3970613598676, vstest.console.dll, MulticastDelegateUtilities.SafeInvoke: InternalTestLoggerEvents.SendTestResult: Invoking callback 1/1 for Microsoft.VisualStudio.TestPlatform.CommandLine.Internal.ConsoleLogger., took 0 ms.
TpTrace Verbose: 0 : 23148, 4, 2024/05/28, 23:38:57.936, 3970613600168, vstest.console.dll, MulticastDelegateUtilities.SafeInvoke: InternalTestLoggerEvents.SendTestResult: Invoking callback 1/1 for Microsoft.VisualStudio.TestPlatform.CommandLine.Internal.ConsoleLogger., took 0 ms.
TpTrace Verbose: 0 : 23148, 4, 2024/05/28, 23:38:57.936, 3970613600637, vstest.console.dll, MulticastDelegateUtilities.SafeInvoke: InternalTestLoggerEvents.SendTestResult: Invoking callback 1/1 for Microsoft.VisualStudio.TestPlatform.CommandLine.Internal.ConsoleLogger., took 0 ms.
TpTrace Verbose: 0 : 23148, 4, 2024/05/28, 23:38:57.936, 3970613601047, vstest.console.dll, MulticastDelegateUtilities.SafeInvoke: InternalTestLoggerEvents.SendTestResult: Invoking callback 1/1 for Microsoft.VisualStudio.TestPlatform.CommandLine.Internal.ConsoleLogger., took 0 ms.
TpTrace Verbose: 0 : 23148, 4, 2024/05/28, 23:38:57.936, 3970613601537, vstest.console.dll, MulticastDelegateUtilities.SafeInvoke: InternalTestLoggerEvents.SendTestResult: Invoking callback 1/1 for Microsoft.VisualStudio.TestPlatform.CommandLine.Internal.ConsoleLogger., took 0 ms.
TpTrace Verbose: 0 : 23148, 4, 2024/05/28, 23:38:57.937, 3970613601982, vstest.console.dll, MulticastDelegateUtilities.SafeInvoke: InternalTestLoggerEvents.SendTestResult: Invoking callback 1/1 for Microsoft.VisualStudio.TestPlatform.CommandLine.Internal.ConsoleLogger., took 0 ms.
TpTrace Verbose: 0 : 23148, 4, 2024/05/28, 23:38:57.937, 3970613602359, vstest.console.dll, MulticastDelegateUtilities.SafeInvoke: InternalTestLoggerEvents.SendTestResult: Invoking callback 1/1 for Microsoft.VisualStudio.TestPlatform.CommandLine.Internal.ConsoleLogger., took 0 ms.
TpTrace Verbose: 0 : 23148, 4, 2024/05/28, 23:38:57.937, 3970613602760, vstest.console.dll, MulticastDelegateUtilities.SafeInvoke: InternalTestLoggerEvents.SendTestResult: Invoking callback 1/1 for Microsoft.VisualStudio.TestPlatform.CommandLine.Internal.ConsoleLogger., took 0 ms.
TpTrace Verbose: 0 : 23148, 4, 2024/05/28, 23:38:57.937, 3970613603139, vstest.console.dll, MulticastDelegateUtilities.SafeInvoke: InternalTestLoggerEvents.SendTestResult: Invoking callback 1/1 for Microsoft.VisualStudio.TestPlatform.CommandLine.Internal.ConsoleLogger., took 0 ms.
TpTrace Verbose: 0 : 23148, 13, 2024/05/28, 23:38:58.025, 3970614490228, vstest.console.dll, TcpClientExtensions.MessageLoopAsync: NotifyDataAvailable remoteEndPoint: 127.0.0.1:64017 localEndPoint: 127.0.0.1:64016
TpTrace Verbose: 0 : 23148, 13, 2024/05/28, 23:38:58.026, 3970614495231, vstest.console.dll, TestRequestSender.OnExecutionMessageReceived: Received message: {"Version":7,"MessageType":"TestExecution.StatsChange","Payload":{"NewTestResults":[{"TestCase":{"Id":"3ead7eee-75ce-6719-94d2-212dee362816","FullyQualifiedName":"ShoppingAppTest.RepositoryTests.ProductRepositoryTests.Delete_Product_ShouldDeleteProduct","DisplayName":"Delete_Product_ShouldDeleteProduct","ExecutorUri":"executor://NUnit3TestExecutor","Source":"C:\\Users\\vc\\Desktop\\Mini Project\\ShoppingAppSolution\\ShoppingAppTest\\bin\\Debug\\net6.0\\fine-code-coverage\\build-output\\ShoppingAppTest.dll","CodeFilePath":null,"LineNumber":0,"Properties":[{"Key":{"Id":"NUnit.Seed","Label":"Seed","Category":"","Description":"","Attributes":0,"ValueType":"System.String"},"Value":"1246062664"}]},"Attachments":[],"Outcome":1,"ErrorMessage":null,"ErrorStackTrace":null,"DisplayName":"Delete_Product_ShouldDeleteProduct","Messages":[],"ComputerName":"86RBBX3","Duration":"00:00:00.0190959","StartTime":"2024-05-28T18:08:57.9316642+00:00","EndTime":"2024-05-28T18:08:57.9507597+00:00","Properties":[{"Key":{"Id":"NUnit.Seed","Label":"Seed","Category":"","Description":"","Attributes":0,"ValueType":"System.String"},"Value":"1246062664"}]},{"TestCase":{"Id":"cb8216a3-074b-c660-219b-ca34d70647ff","FullyQualifiedName":"ShoppingAppTest.RepositoryTests.ProductRepositoryTests.Get_AllProducts_ShouldReturnAllProducts","DisplayName":"Get_AllProducts_ShouldReturnAllProducts","ExecutorUri":"executor://NUnit3TestExecutor","Source":"C:\\Users\\vc\\Desktop\\Mini Project\\ShoppingAppSolution\\ShoppingAppTest\\bin\\Debug\\net6.0\\fine-code-coverage\\build-output\\ShoppingAppTest.dll","CodeFilePath":null,"LineNumber":0,"Properties":[{"Key":{"Id":"NUnit.Seed","Label":"Seed","Category":"","Description":"","Attributes":0,"ValueType":"System.String"},"Value":"671015493"}]},"Attachments":[],"Outcome":1,"ErrorMessage":null,"ErrorStackTrace":null,"DisplayName":"Get_AllProducts_ShouldReturnAllProducts","Messages":[],"ComputerName":"86RBBX3","Duration":"00:00:00.0306800","StartTime":"2024-05-28T18:08:57.9507886+00:00","EndTime":"2024-05-28T18:08:57.9814679+00:00","Properties":[{"Key":{"Id":"NUnit.Seed","Label":"Seed","Category":"","Description":"","Attributes":0,"ValueType":"System.String"},"Value":"671015493"}]},{"TestCase":{"Id":"2eea07ad-5dba-d683-e773-0f7a0d76fd27","FullyQualifiedName":"ShoppingAppTest.RepositoryTests.ProductRepositoryTests.Get_Product_ShouldReturnProduct","DisplayName":"Get_Product_ShouldReturnProduct","ExecutorUri":"executor://NUnit3TestExecutor","Source":"C:\\Users\\vc\\Desktop\\Mini Project\\ShoppingAppSolution\\ShoppingAppTest\\bin\\Debug\\net6.0\\fine-code-coverage\\build-output\\ShoppingAppTest.dll","CodeFilePath":null,"LineNumber":0,"Properties":[{"Key":{"Id":"NUnit.Seed","Label":"Seed","Category":"","Description":"","Attributes":0,"ValueType":"System.String"},"Value":"918986996"}]},"Attachments":[],"Outcome":1,"ErrorMessage":null,"ErrorStackTrace":null,"DisplayName":"Get_Product_ShouldReturnProduct","Messages":[],"ComputerName":"86RBBX3","Duration":"00:00:00.0024560","StartTime":"2024-05-28T18:08:57.9814955+00:00","EndTime":"2024-05-28T18:08:57.9839511+00:00","Properties":[{"Key":{"Id":"NUnit.Seed","Label":"Seed","Category":"","Description":"","Attributes":0,"ValueType":"System.String"},"Value":"918986996"}]},{"TestCase":{"Id":"c90e5945-335b-fc83-5bfc-f7d6a758ae38","FullyQualifiedName":"ShoppingAppTest.RepositoryTests.ProductRepositoryTests.Get_Product_ShouldThrowNotFoundException","DisplayName":"Get_Product_ShouldThrowNotFoundException","ExecutorUri":"executor://NUnit3TestExecutor","Source":"C:\\Users\\vc\\Desktop\\Mini Project\\ShoppingAppSolution\\ShoppingAppTest\\bin\\Debug\\net6.0\\fine-code-coverage\\build-output\\ShoppingAppTest.dll","CodeFilePath":null,"LineNumber":0,"Properties":[{"Key":{"Id":"NUnit.Seed","Label":"Seed","Category":"","Description":"","Attributes":0,"ValueType":"System.String"},"Value":"369944488"}]},"Attachments":[],"Outcome":1,"ErrorMessage":null,"ErrorStackTrace":null,"DisplayName":"Get_Product_ShouldThrowNotFoundException","Messages":[],"ComputerName":"86RBBX3","Duration":"00:00:00.0011220","StartTime":"2024-05-28T18:08:57.9839681+00:00","EndTime":"2024-05-28T18:08:57.9850895+00:00","Properties":[{"Key":{"Id":"NUnit.Seed","Label":"Seed","Category":"","Description":"","Attributes":0,"ValueType":"System.String"},"Value":"369944488"}]},{"TestCase":{"Id":"da5fe418-d25f-2896-4e50-d403efd48a1b","FullyQualifiedName":"ShoppingAppTest.RepositoryTests.ProductRepositoryTests.GetProductByName_ShouldReturnNull_WhenProductNotFound","DisplayName":"GetProductByName_ShouldReturnNull_WhenProductNotFound","ExecutorUri":"executor://NUnit3TestExecutor","Source":"C:\\Users\\vc\\Desktop\\Mini Project\\ShoppingAppSolution\\ShoppingAppTest\\bin\\Debug\\net6.0\\fine-code-coverage\\build-output\\ShoppingAppTest.dll","CodeFilePath":null,"LineNumber":0,"Properties":[{"Key":{"Id":"NUnit.Seed","Label":"Seed","Category":"","Description":"","Attributes":0,"ValueType":"System.String"},"Value":"482319547"}]},"Attachments":[],"Outcome":1,"ErrorMessage":null,"ErrorStackTrace":null,"DisplayName":"GetProductByName_ShouldReturnNull_WhenProductNotFound","Messages":[],"ComputerName":"86RBBX3","Duration":"00:00:00.0141930","StartTime":"2024-05-28T18:08:57.9851203+00:00","EndTime":"2024-05-28T18:08:57.9993128+00:00","Properties":[{"Key":{"Id":"NUnit.Seed","Label":"Seed","Category":"","Description":"","Attributes":0,"ValueType":"System.String"},"Value":"482319547"}]},{"TestCase":{"Id":"94c5af7e-92aa-7645-f395-67a0f63690b2","FullyQualifiedName":"ShoppingAppTest.RepositoryTests.ProductRepositoryTests.GetProductByName_ShouldReturnProduct","DisplayName":"GetProductByName_ShouldReturnProduct","ExecutorUri":"executor://NUnit3TestExecutor","Source":"C:\\Users\\vc\\Desktop\\Mini Project\\ShoppingAppSolution\\ShoppingAppTest\\bin\\Debug\\net6.0\\fine-code-coverage\\build-output\\ShoppingAppTest.dll","CodeFilePath":null,"LineNumber":0,"Properties":[{"Key":{"Id":"NUnit.Seed","Label":"Seed","Category":"","Description":"","Attributes":0,"ValueType":"System.String"},"Value":"1221936601"}]},"Attachments":[],"Outcome":1,"ErrorMessage":null,"ErrorStackTrace":null,"DisplayName":"GetProductByName_ShouldReturnProduct","Messages":[],"ComputerName":"86RBBX3","Duration":"00:00:00.0024610","StartTime":"2024-05-28T18:08:57.9993406+00:00","EndTime":"2024-05-28T18:08:58.0018018+00:00","Properties":[{"Key":{"Id":"NUnit.Seed","Label":"Seed","Category":"","Description":"","Attributes":0,"ValueType":"System.String"},"Value":"1221936601"}]},{"TestCase":{"Id":"aeeaeab0-cd3c-f1f1-e007-1e9b574fd1ab","FullyQualifiedName":"ShoppingAppTest.RepositoryTests.ProductRepositoryTests.Update_Product_ShouldUpdateProduct","DisplayName":"Update_Product_ShouldUpdateProduct","ExecutorUri":"executor://NUnit3TestExecutor","Source":"C:\\Users\\vc\\Desktop\\Mini Project\\ShoppingAppSolution\\ShoppingAppTest\\bin\\Debug\\net6.0\\fine-code-coverage\\build-output\\ShoppingAppTest.dll","CodeFilePath":null,"LineNumber":0,"Properties":[{"Key":{"Id":"NUnit.Seed","Label":"Seed","Category":"","Description":"","Attributes":0,"ValueType":"System.String"},"Value":"1199399280"}]},"Attachments":[],"Outcome":1,"ErrorMessage":null,"ErrorStackTrace":null,"DisplayName":"Update_Product_ShouldUpdateProduct","Messages":[],"ComputerName":"86RBBX3","Duration":"00:00:00.0009900","StartTime":"2024-05-28T18:08:58.0018194+00:00","EndTime":"2024-05-28T18:08:58.0028089+00:00","Properties":[{"Key":{"Id":"NUnit.Seed","Label":"Seed","Category":"","Description":"","Attributes":0,"ValueType":"System.String"},"Value":"1199399280"}]},{"TestCase":{"Id":"ae5918d3-ff39-7672-847f-2a019f296c28","FullyQualifiedName":"ShoppingAppTest.RepositoryTests.RefundRepositoryTests.Add_Refund_ShouldAddRefund","DisplayName":"Add_Refund_ShouldAddRefund","ExecutorUri":"executor://NUnit3TestExecutor","Source":"C:\\Users\\vc\\Desktop\\Mini Project\\ShoppingAppSolution\\ShoppingAppTest\\bin\\Debug\\net6.0\\fine-code-coverage\\build-output\\ShoppingAppTest.dll","CodeFilePath":null,"LineNumber":0,"Properties":[{"Key":{"Id":"NUnit.Seed","Label":"Seed","Category":"","Description":"","Attributes":0,"ValueType":"System.String"},"Value":"1125206351"}]},"Attachments":[],"Outcome":1,"ErrorMessage":null,"ErrorStackTrace":null,"DisplayName":"Add_Refund_ShouldAddRefund","Messages":[],"ComputerName":"86RBBX3","Duration":"00:00:00.0133840","StartTime":"2024-05-28T18:08:58.0029984+00:00","EndTime":"2024-05-28T18:08:58.0163821+00:00","Properties":[{"Key":{"Id":"NUnit.Seed","Label":"Seed","Category":"","Description":"","Attributes":0,"ValueType":"System.String"},"Value":"1125206351"}]},{"TestCase":{"Id":"437f75bb-84cd-249f-5cfd-1d3fe6eac1b2","FullyQualifiedName":"ShoppingAppTest.RepositoryTests.RefundRepositoryTests.Delete_Refund_ShouldDeleteRefund","DisplayName":"Delete_Refund_ShouldDeleteRefund","ExecutorUri":"executor://NUnit3TestExecutor","Source":"C:\\Users\\vc\\Desktop\\Mini Project\\ShoppingAppSolution\\ShoppingAppTest\\bin\\Debug\\net6.0\\fine-code-coverage\\build-output\\ShoppingAppTest.dll","CodeFilePath":null,"LineNumber":0,"Properties":[{"Key":{"Id":"NUnit.Seed","Label":"Seed","Category":"","Description":"","Attributes":0,"ValueType":"System.String"},"Value":"1717378849"}]},"Attachments":[],"Outcome":1,"ErrorMessage":null,"ErrorStackTrace":null,"DisplayName":"Delete_Refund_ShouldDeleteRefund","Messages":[],"ComputerName":"86RBBX3","Duration":"00:00:00.0069060","StartTime":"2024-05-28T18:08:58.0164069+00:00","EndTime":"2024-05-28T18:08:58.0233126+00:00","Properties":[{"Key":{"Id":"NUnit.Seed","Label":"Seed","Category":"","Description":"","Attributes":0,"ValueType":"System.String"},"Value":"1717378849"}]}],"TestRunStatistics":{"ExecutedTests":54,"Stats":{"Passed":54}},"ActiveTests":[{"Id":"c5562c39-06a4-caf5-5288-1c7f1f76d492","FullyQualifiedName":"ShoppingAppTest.RepositoryTests.RefundRepositoryTests.Get_Refund_ShouldReturnRefund","DisplayName":"Get_Refund_ShouldReturnRefund","ExecutorUri":"executor://NUnit3TestExecutor","Source":"C:\\Users\\vc\\Desktop\\Mini Project\\ShoppingAppSolution\\ShoppingAppTest\\bin\\Debug\\net6.0\\fine-code-coverage\\build-output\\ShoppingAppTest.dll","CodeFilePath":null,"LineNumber":0,"Properties":[{"Key":{"Id":"NUnit.Seed","Label":"Seed","Category":"","Description":"","Attributes":0,"ValueType":"System.String"},"Value":"1044996348"}]}]}}
TpTrace Verbose: 0 : 23148, 13, 2024/05/28, 23:38:58.028, 3970614515459, vstest.console.dll, TestRunRequest:SendTestRunStatsChange: Starting.
TpTrace Verbose: 0 : 23148, 13, 2024/05/28, 23:38:58.028, 3970614516493, vstest.console.dll, InProgress is Get_Refund_ShouldReturnRefund
TpTrace Verbose: 0 : 23148, 13, 2024/05/28, 23:38:58.028, 3970614517290, vstest.console.dll, MulticastDelegateUtilities.SafeInvoke: TestRun.RunStatsChanged: Invoking callbacks was skipped because there are no subscribers.
TpTrace Information: 0 : 23148, 13, 2024/05/28, 23:38:58.028, 3970614517726, vstest.console.dll, TestRunRequest:SendTestRunStatsChange: Completed.
TpTrace Verbose: 0 : 23148, 13, 2024/05/28, 23:38:58.028, 3970614518179, vstest.console.dll, MulticastDelegateUtilities.SafeInvoke: LengthPrefixCommunicationChannel: MessageReceived: Invoking callback 1/1 for Microsoft.VisualStudio.TestPlatform.CommunicationUtilities.TestRequestSender+<>c__DisplayClass34_0., took 2 ms.
TpTrace Verbose: 0 : 23148, 13, 2024/05/28, 23:38:58.028, 3970614518661, vstest.console.dll, TcpClientExtensions.MessageLoopAsync: Polling on remoteEndPoint: 127.0.0.1:64017 localEndPoint: 127.0.0.1:64016 after 92 ms
TpTrace Verbose: 0 : 23148, 4, 2024/05/28, 23:38:58.028, 3970614518685, vstest.console.dll, MulticastDelegateUtilities.SafeInvoke: InternalTestLoggerEvents.SendTestResult: Invoking callback 1/1 for Microsoft.VisualStudio.TestPlatform.CommandLine.Internal.ConsoleLogger., took 0 ms.
TpTrace Verbose: 0 : 23148, 4, 2024/05/28, 23:38:58.028, 3970614521422, vstest.console.dll, MulticastDelegateUtilities.SafeInvoke: InternalTestLoggerEvents.SendTestResult: Invoking callback 1/1 for Microsoft.VisualStudio.TestPlatform.CommandLine.Internal.ConsoleLogger., took 0 ms.
TpTrace Verbose: 0 : 23148, 4, 2024/05/28, 23:38:58.029, 3970614523762, vstest.console.dll, MulticastDelegateUtilities.SafeInvoke: InternalTestLoggerEvents.SendTestResult: Invoking callback 1/1 for Microsoft.VisualStudio.TestPlatform.CommandLine.Internal.ConsoleLogger., took 0 ms.
TpTrace Verbose: 0 : 23148, 4, 2024/05/28, 23:38:58.029, 3970614526166, vstest.console.dll, MulticastDelegateUtilities.SafeInvoke: InternalTestLoggerEvents.SendTestResult: Invoking callback 1/1 for Microsoft.VisualStudio.TestPlatform.CommandLine.Internal.ConsoleLogger., took 0 ms.
TpTrace Verbose: 0 : 23148, 4, 2024/05/28, 23:38:58.029, 3970614527024, vstest.console.dll, MulticastDelegateUtilities.SafeInvoke: InternalTestLoggerEvents.SendTestResult: Invoking callback 1/1 for Microsoft.VisualStudio.TestPlatform.CommandLine.Internal.ConsoleLogger., took 0 ms.
TpTrace Verbose: 0 : 23148, 4, 2024/05/28, 23:38:58.029, 3970614528277, vstest.console.dll, MulticastDelegateUtilities.SafeInvoke: InternalTestLoggerEvents.SendTestResult: Invoking callback 1/1 for Microsoft.VisualStudio.TestPlatform.CommandLine.Internal.ConsoleLogger., took 0 ms.
TpTrace Verbose: 0 : 23148, 4, 2024/05/28, 23:38:58.029, 3970614529543, vstest.console.dll, MulticastDelegateUtilities.SafeInvoke: InternalTestLoggerEvents.SendTestResult: Invoking callback 1/1 for Microsoft.VisualStudio.TestPlatform.CommandLine.Internal.ConsoleLogger., took 0 ms.
TpTrace Verbose: 0 : 23148, 4, 2024/05/28, 23:38:58.029, 3970614530311, vstest.console.dll, MulticastDelegateUtilities.SafeInvoke: InternalTestLoggerEvents.SendTestResult: Invoking callback 1/1 for Microsoft.VisualStudio.TestPlatform.CommandLine.Internal.ConsoleLogger., took 0 ms.
TpTrace Verbose: 0 : 23148, 4, 2024/05/28, 23:38:58.029, 3970614531256, vstest.console.dll, MulticastDelegateUtilities.SafeInvoke: InternalTestLoggerEvents.SendTestResult: Invoking callback 1/1 for Microsoft.VisualStudio.TestPlatform.CommandLine.Internal.ConsoleLogger., took 0 ms.
TpTrace Verbose: 0 : 23148, 13, 2024/05/28, 23:38:58.096, 3970615196773, vstest.console.dll, TcpClientExtensions.MessageLoopAsync: NotifyDataAvailable remoteEndPoint: 127.0.0.1:64017 localEndPoint: 127.0.0.1:64016
TpTrace Verbose: 0 : 23148, 13, 2024/05/28, 23:38:58.097, 3970615202662, vstest.console.dll, TestRequestSender.OnExecutionMessageReceived: Received message: {"Version":7,"MessageType":"TestExecution.StatsChange","Payload":{"NewTestResults":[{"TestCase":{"Id":"c5562c39-06a4-caf5-5288-1c7f1f76d492","FullyQualifiedName":"ShoppingAppTest.RepositoryTests.RefundRepositoryTests.Get_Refund_ShouldReturnRefund","DisplayName":"Get_Refund_ShouldReturnRefund","ExecutorUri":"executor://NUnit3TestExecutor","Source":"C:\\Users\\vc\\Desktop\\Mini Project\\ShoppingAppSolution\\ShoppingAppTest\\bin\\Debug\\net6.0\\fine-code-coverage\\build-output\\ShoppingAppTest.dll","CodeFilePath":null,"LineNumber":0,"Properties":[{"Key":{"Id":"NUnit.Seed","Label":"Seed","Category":"","Description":"","Attributes":0,"ValueType":"System.String"},"Value":"1044996348"}]},"Attachments":[],"Outcome":1,"ErrorMessage":null,"ErrorStackTrace":null,"DisplayName":"Get_Refund_ShouldReturnRefund","Messages":[],"ComputerName":"86RBBX3","Duration":"00:00:00.0010550","StartTime":"2024-05-28T18:08:58.0233342+00:00","EndTime":"2024-05-28T18:08:58.0243894+00:00","Properties":[{"Key":{"Id":"NUnit.Seed","Label":"Seed","Category":"","Description":"","Attributes":0,"ValueType":"System.String"},"Value":"1044996348"}]},{"TestCase":{"Id":"f2f03536-3c37-5b90-9b3e-d61b80c28b8c","FullyQualifiedName":"ShoppingAppTest.RepositoryTests.RefundRepositoryTests.Get_Refund_ShouldThrowNotFoundException","DisplayName":"Get_Refund_ShouldThrowNotFoundException","ExecutorUri":"executor://NUnit3TestExecutor","Source":"C:\\Users\\vc\\Desktop\\Mini Project\\ShoppingAppSolution\\ShoppingAppTest\\bin\\Debug\\net6.0\\fine-code-coverage\\build-output\\ShoppingAppTest.dll","CodeFilePath":null,"LineNumber":0,"Properties":[{"Key":{"Id":"NUnit.Seed","Label":"Seed","Category":"","Description":"","Attributes":0,"ValueType":"System.String"},"Value":"402262655"}]},"Attachments":[],"Outcome":1,"ErrorMessage":null,"ErrorStackTrace":null,"DisplayName":"Get_Refund_ShouldThrowNotFoundException","Messages":[],"ComputerName":"86RBBX3","Duration":"00:00:00.0009120","StartTime":"2024-05-28T18:08:58.024403+00:00","EndTime":"2024-05-28T18:08:58.0253147+00:00","Properties":[{"Key":{"Id":"NUnit.Seed","Label":"Seed","Category":"","Description":"","Attributes":0,"ValueType":"System.String"},"Value":"402262655"}]},{"TestCase":{"Id":"a918b73c-838e-d7b6-b0ec-e1e46bc090c5","FullyQualifiedName":"ShoppingAppTest.RepositoryTests.RefundRepositoryTests.Update_Refund_ShouldUpdateRefund","DisplayName":"Update_Refund_ShouldUpdateRefund","ExecutorUri":"executor://NUnit3TestExecutor","Source":"C:\\Users\\vc\\Desktop\\Mini Project\\ShoppingAppSolution\\ShoppingAppTest\\bin\\Debug\\net6.0\\fine-code-coverage\\build-output\\ShoppingAppTest.dll","CodeFilePath":null,"LineNumber":0,"Properties":[{"Key":{"Id":"NUnit.Seed","Label":"Seed","Category":"","Description":"","Attributes":0,"ValueType":"System.String"},"Value":"1853971552"}]},"Attachments":[],"Outcome":1,"ErrorMessage":null,"ErrorStackTrace":null,"DisplayName":"Update_Refund_ShouldUpdateRefund","Messages":[],"ComputerName":"86RBBX3","Duration":"00:00:00.0016840","StartTime":"2024-05-28T18:08:58.0253723+00:00","EndTime":"2024-05-28T18:08:58.027056+00:00","Properties":[{"Key":{"Id":"NUnit.Seed","Label":"Seed","Category":"","Description":"","Attributes":0,"ValueType":"System.String"},"Value":"1853971552"}]},{"TestCase":{"Id":"382b9877-7558-f387-d566-6afcdfff2951","FullyQualifiedName":"ShoppingAppTest.RepositoryTests.RegistrationRepositoryTests.AddCustomer_UserTransaction_ShouldAddCustomerAndUser","DisplayName":"AddCustomer_UserTransaction_ShouldAddCustomerAndUser","ExecutorUri":"executor://NUnit3TestExecutor","Source":"C:\\Users\\vc\\Desktop\\Mini Project\\ShoppingAppSolution\\ShoppingAppTest\\bin\\Debug\\net6.0\\fine-code-coverage\\build-output\\ShoppingAppTest.dll","CodeFilePath":null,"LineNumber":0,"Properties":[{"Key":{"Id":"NUnit.Seed","Label":"Seed","Category":"","Description":"","Attributes":0,"ValueType":"System.String"},"Value":"2118137230"}]},"Attachments":[],"Outcome":2,"ErrorMessage":"System.InvalidOperationException : An error was generated for warning 'Microsoft.EntityFrameworkCore.Database.Transaction.TransactionIgnoredWarning': Transactions are not supported by the in-memory store. See http://go.microsoft.com/fwlink/?LinkId=800142 This exception can be suppressed or logged by passing event ID 'InMemoryEventId.TransactionIgnoredWarning' to the 'ConfigureWarnings' method in 'DbContext.OnConfiguring' or 'AddDbContext'.","ErrorStackTrace":"   at Microsoft.EntityFrameworkCore.Diagnostics.EventDefinition.Log[TLoggerCategory](IDiagnosticsLogger`1 logger, Exception exception)\r\n   at Microsoft.EntityFrameworkCore.InMemory.Internal.InMemoryLoggerExtensions.TransactionIgnoredWarning(IDiagnosticsLogger`1 diagnostics)\r\n   at Microsoft.EntityFrameworkCore.InMemory.Storage.Internal.InMemoryTransactionManager.BeginTransaction()\r\n   at Microsoft.EntityFrameworkCore.Infrastructure.DatabaseFacade.BeginTransaction()\r\n   at ShoppingAppAPI.Repositories.Classes.RegistrationRepository.AddCustomer_UserTransaction(UserRegisterDTO userRegisterDTO) in C:\\Users\\vc\\Desktop\\Mini Project\\ShoppingAppSolution\\ShoppingAppAPI\\Repositories\\Classes\\RegistrationRepository.cs:line 22\r\n   at ShoppingAppTest.RepositoryTests.RegistrationRepositoryTests.AddCustomer_UserTransaction_ShouldAddCustomerAndUser() in C:\\Users\\vc\\Desktop\\Mini Project\\ShoppingAppSolution\\ShoppingAppTest\\RepositoryTests\\RegistrationRepositoryTests.cs:line 52\r\n   at NUnit.Framework.Internal.TaskAwaitAdapter.GenericAdapter`1.GetResult()\r\n   at NUnit.Framework.Internal.AsyncToSyncAdapter.Await(Func`1 invoke)\r\n   at NUnit.Framework.Internal.Commands.TestMethodCommand.RunTestMethod(TestExecutionContext context)\r\n   at NUnit.Framework.Internal.Commands.TestMethodCommand.Execute(TestExecutionContext context)\r\n   at NUnit.Framework.Internal.Execution.SimpleWorkItem.<>c__DisplayClass4_0.<PerformWork>b__0()\r\n   at NUnit.Framework.Internal.ContextUtils.<>c__DisplayClass1_0`1.<DoIsolated>b__0(Object _)\r\n   at System.Threading.ExecutionContext.RunInternal(ExecutionContext executionContext, ContextCallback callback, Object state)\r\n--- End of stack trace from previous location ---\r\n   at System.Threading.ExecutionContext.RunInternal(ExecutionContext executionContext, ContextCallback callback, Object state)\r\n   at System.Threading.ExecutionContext.Run(ExecutionContext executionContext, ContextCallback callback, Object state)\r\n   at NUnit.Framework.Internal.ContextUtils.DoIsolated(ContextCallback callback, Object state)\r\n   at NUnit.Framework.Internal.ContextUtils.DoIsolated[T](Func`1 func)\r\n   at NUnit.Framework.Internal.Execution.SimpleWorkItem.PerformWork()\n","DisplayName":"AddCustomer_UserTransaction_ShouldAddCustomerAndUser","Messages":[],"ComputerName":"86RBBX3","Duration":"00:00:00.0288440","StartTime":"2024-05-28T18:08:58.0271849+00:00","EndTime":"2024-05-28T18:08:58.0560282+00:00","Properties":[{"Key":{"Id":"NUnit.Seed","Label":"Seed","Category":"","Description":"","Attributes":0,"ValueType":"System.String"},"Value":"2118137230"}]},{"TestCase":{"Id":"99af1630-de9e-4d8e-8f57-76814abe6982","FullyQualifiedName":"ShoppingAppTest.RepositoryTests.RegistrationRepositoryTests.AddCustomer_UserTransaction_ShouldRollbackOnError","DisplayName":"AddCustomer_UserTransaction_ShouldRollbackOnError","ExecutorUri":"executor://NUnit3TestExecutor","Source":"C:\\Users\\vc\\Desktop\\Mini Project\\ShoppingAppSolution\\ShoppingAppTest\\bin\\Debug\\net6.0\\fine-code-coverage\\build-output\\ShoppingAppTest.dll","CodeFilePath":null,"LineNumber":0,"Properties":[{"Key":{"Id":"NUnit.Seed","Label":"Seed","Category":"","Description":"","Attributes":0,"ValueType":"System.String"},"Value":"1872300765"}]},"Attachments":[],"Outcome":2,"ErrorMessage":"  Expected: <ShoppingAppAPI.Exceptions.UnableToRegisterException>\r\n  But was:  <System.InvalidOperationException: An error was generated for warning 'Microsoft.EntityFrameworkCore.Database.Transaction.TransactionIgnoredWarning': Transactions are not supported by the in-memory store. See http://go.microsoft.com/fwlink/?LinkId=800142 This exception can be suppressed or logged by passing event ID 'InMemoryEventId.TransactionIgnoredWarning' to the 'ConfigureWarnings' method in 'DbContext.OnConfiguring' or 'AddDbContext'.\r\n   at Microsoft.EntityFrameworkCore.Diagnostics.EventDefinition.Log[TLoggerCategory](IDiagnosticsLogger`1 logger, Exception exception)\r\n   at Microsoft.EntityFrameworkCore.InMemory.Internal.InMemoryLoggerExtensions.TransactionIgnoredWarning(IDiagnosticsLogger`1 diagnostics)\r\n   at Microsoft.EntityFrameworkCore.InMemory.Storage.Internal.InMemoryTransactionManager.BeginTransaction()\r\n   at Microsoft.EntityFrameworkCore.Infrastructure.DatabaseFacade.BeginTransaction()\r\n   at ShoppingAppTest.RepositoryTests.RegistrationRepositoryTests.<>c__DisplayClass3_0.<<AddCustomer_UserTransaction_ShouldRollbackOnError>b__0>d.MoveNext() in C:\\Users\\vc\\Desktop\\Mini Project\\ShoppingAppSolution\\ShoppingAppTest\\RepositoryTests\\RegistrationRepositoryTests.cs:line 118\r\n--- End of stack trace from previous location ---\r\n   at NUnit.Framework.Internal.TaskAwaitAdapter.GenericAdapter`1.GetResult()\r\n   at NUnit.Framework.Internal.AsyncToSyncAdapter.Await(Func`1 invoke)\r\n   at NUnit.Framework.Assert.ThrowsAsync(IResolveConstraint expression, AsyncTestDelegate code, String message, Object[] args)>\r\n","ErrorStackTrace":"   at ShoppingAppTest.RepositoryTests.RegistrationRepositoryTests.AddCustomer_UserTransaction_ShouldRollbackOnError() in C:\\Users\\vc\\Desktop\\Mini Project\\ShoppingAppSolution\\ShoppingAppTest\\RepositoryTests\\RegistrationRepositoryTests.cs:line 116\r\n\n1)    at ShoppingAppTest.RepositoryTests.RegistrationRepositoryTests.AddCustomer_UserTransaction_ShouldRollbackOnError() in C:\\Users\\vc\\Desktop\\Mini Project\\ShoppingAppSolution\\ShoppingAppTest\\RepositoryTests\\RegistrationRepositoryTests.cs:line 116\r\n\n","DisplayName":"AddCustomer_UserTransaction_ShouldRollbackOnError","Messages":[],"ComputerName":"86RBBX3","Duration":"00:00:00.0177870","StartTime":"2024-05-28T18:08:58.0561219+00:00","EndTime":"2024-05-28T18:08:58.073909+00:00","Properties":[{"Key":{"Id":"NUnit.Seed","Label":"Seed","Category":"","Description":"","Attributes":0,"ValueType":"System.String"},"Value":"1872300765"}]},{"TestCase":{"Id":"c9ec2bdc-1b17-b426-bb32-b3116f466866","FullyQualifiedName":"ShoppingAppTest.RepositoryTests.RegistrationRepositoryTests.AddSeller_UserTransaction_ShouldAddSellerAndUser","DisplayName":"AddSeller_UserTransaction_ShouldAddSellerAndUser","ExecutorUri":"executor://NUnit3TestExecutor","Source":"C:\\Users\\vc\\Desktop\\Mini Project\\ShoppingAppSolution\\ShoppingAppTest\\bin\\Debug\\net6.0\\fine-code-coverage\\build-output\\ShoppingAppTest.dll","CodeFilePath":null,"LineNumber":0,"Properties":[{"Key":{"Id":"NUnit.Seed","Label":"Seed","Category":"","Description":"","Attributes":0,"ValueType":"System.String"},"Value":"164018069"}]},"Attachments":[],"Outcome":2,"ErrorMessage":"System.InvalidOperationException : An error was generated for warning 'Microsoft.EntityFrameworkCore.Database.Transaction.TransactionIgnoredWarning': Transactions are not supported by the in-memory store. See http://go.microsoft.com/fwlink/?LinkId=800142 This exception can be suppressed or logged by passing event ID 'InMemoryEventId.TransactionIgnoredWarning' to the 'ConfigureWarnings' method in 'DbContext.OnConfiguring' or 'AddDbContext'.","ErrorStackTrace":"   at Microsoft.EntityFrameworkCore.Diagnostics.EventDefinition.Log[TLoggerCategory](IDiagnosticsLogger`1 logger, Exception exception)\r\n   at Microsoft.EntityFrameworkCore.InMemory.Internal.InMemoryLoggerExtensions.TransactionIgnoredWarning(IDiagnosticsLogger`1 diagnostics)\r\n   at Microsoft.EntityFrameworkCore.InMemory.Storage.Internal.InMemoryTransactionManager.BeginTransaction()\r\n   at Microsoft.EntityFrameworkCore.Infrastructure.DatabaseFacade.BeginTransaction()\r\n   at ShoppingAppAPI.Repositories.Classes.RegistrationRepository.AddSeller_UserTransaction(UserRegisterDTO userRegisterDTO) in C:\\Users\\vc\\Desktop\\Mini Project\\ShoppingAppSolution\\ShoppingAppAPI\\Repositories\\Classes\\RegistrationRepository.cs:line 67\r\n   at ShoppingAppTest.RepositoryTests.RegistrationRepositoryTests.AddSeller_UserTransaction_ShouldAddSellerAndUser() in C:\\Users\\vc\\Desktop\\Mini Project\\ShoppingAppSolution\\ShoppingAppTest\\RepositoryTests\\RegistrationRepositoryTests.cs:line 84\r\n   at NUnit.Framework.Internal.TaskAwaitAdapter.GenericAdapter`1.GetResult()\r\n   at NUnit.Framework.Internal.AsyncToSyncAdapter.Await(Func`1 invoke)\r\n   at NUnit.Framework.Internal.Commands.TestMethodCommand.RunTestMethod(TestExecutionContext context)\r\n   at NUnit.Framework.Internal.Commands.TestMethodCommand.Execute(TestExecutionContext context)\r\n   at NUnit.Framework.Internal.Execution.SimpleWorkItem.<>c__DisplayClass4_0.<PerformWork>b__0()\r\n   at NUnit.Framework.Internal.ContextUtils.<>c__DisplayClass1_0`1.<DoIsolated>b__0(Object _)\r\n   at System.Threading.ExecutionContext.RunInternal(ExecutionContext executionContext, ContextCallback callback, Object state)\r\n--- End of stack trace from previous location ---\r\n   at System.Threading.ExecutionContext.RunInternal(ExecutionContext executionContext, ContextCallback callback, Object state)\r\n   at System.Threading.ExecutionContext.Run(ExecutionContext executionContext, ContextCallback callback, Object state)\r\n   at NUnit.Framework.Internal.ContextUtils.DoIsolated(ContextCallback callback, Object state)\r\n   at NUnit.Framework.Internal.ContextUtils.DoIsolated[T](Func`1 func)\r\n   at NUnit.Framework.Internal.Execution.SimpleWorkItem.PerformWork()\n","DisplayName":"AddSeller_UserTransaction_ShouldAddSellerAndUser","Messages":[],"ComputerName":"86RBBX3","Duration":"00:00:00.0023270","StartTime":"2024-05-28T18:08:58.0739519+00:00","EndTime":"2024-05-28T18:08:58.0762784+00:00","Properties":[{"Key":{"Id":"NUnit.Seed","Label":"Seed","Category":"","Description":"","Attributes":0,"ValueType":"System.String"},"Value":"164018069"}]},{"TestCase":{"Id":"6df75002-aa95-d54f-5886-fc6b61469b69","FullyQualifiedName":"ShoppingAppTest.RepositoryTests.RegistrationRepositoryTests.AddSeller_UserTransaction_ShouldRollbackOnError","DisplayName":"AddSeller_UserTransaction_ShouldRollbackOnError","ExecutorUri":"executor://NUnit3TestExecutor","Source":"C:\\Users\\vc\\Desktop\\Mini Project\\ShoppingAppSolution\\ShoppingAppTest\\bin\\Debug\\net6.0\\fine-code-coverage\\build-output\\ShoppingAppTest.dll","CodeFilePath":null,"LineNumber":0,"Properties":[{"Key":{"Id":"NUnit.Seed","Label":"Seed","Category":"","Description":"","Attributes":0,"ValueType":"System.String"},"Value":"1328308580"}]},"Attachments":[],"Outcome":2,"ErrorMessage":"  Expected: <ShoppingAppAPI.Exceptions.UnableToRegisterException>\r\n  But was:  <System.InvalidOperationException: An error was generated for warning 'Microsoft.EntityFrameworkCore.Database.Transaction.TransactionIgnoredWarning': Transactions are not supported by the in-memory store. See http://go.microsoft.com/fwlink/?LinkId=800142 This exception can be suppressed or logged by passing event ID 'InMemoryEventId.TransactionIgnoredWarning' to the 'ConfigureWarnings' method in 'DbContext.OnConfiguring' or 'AddDbContext'.\r\n   at Microsoft.EntityFrameworkCore.Diagnostics.EventDefinition.Log[TLoggerCategory](IDiagnosticsLogger`1 logger, Exception exception)\r\n   at Microsoft.EntityFrameworkCore.InMemory.Internal.InMemoryLoggerExtensions.TransactionIgnoredWarning(IDiagnosticsLogger`1 diagnostics)\r\n   at Microsoft.EntityFrameworkCore.InMemory.Storage.Internal.InMemoryTransactionManager.BeginTransaction()\r\n   at Microsoft.EntityFrameworkCore.Infrastructure.DatabaseFacade.BeginTransaction()\r\n   at ShoppingAppTest.RepositoryTests.RegistrationRepositoryTests.<>c__DisplayClass4_0.<<AddSeller_UserTransaction_ShouldRollbackOnError>b__0>d.MoveNext() in C:\\Users\\vc\\Desktop\\Mini Project\\ShoppingAppSolution\\ShoppingAppTest\\RepositoryTests\\RegistrationRepositoryTests.cs:line 154\r\n--- End of stack trace from previous location ---\r\n   at NUnit.Framework.Internal.TaskAwaitAdapter.GenericAdapter`1.GetResult()\r\n   at NUnit.Framework.Internal.AsyncToSyncAdapter.Await(Func`1 invoke)\r\n   at NUnit.Framework.Assert.ThrowsAsync(IResolveConstraint expression, AsyncTestDelegate code, String message, Object[] args)>\r\n","ErrorStackTrace":"   at ShoppingAppTest.RepositoryTests.RegistrationRepositoryTests.AddSeller_UserTransaction_ShouldRollbackOnError() in C:\\Users\\vc\\Desktop\\Mini Project\\ShoppingAppSolution\\ShoppingAppTest\\RepositoryTests\\RegistrationRepositoryTests.cs:line 152\r\n\n1)    at ShoppingAppTest.RepositoryTests.RegistrationRepositoryTests.AddSeller_UserTransaction_ShouldRollbackOnError() in C:\\Users\\vc\\Desktop\\Mini Project\\ShoppingAppSolution\\ShoppingAppTest\\RepositoryTests\\RegistrationRepositoryTests.cs:line 152\r\n\n","DisplayName":"AddSeller_UserTransaction_ShouldRollbackOnError","Messages":[],"ComputerName":"86RBBX3","Duration":"00:00:00.0021850","StartTime":"2024-05-28T18:08:58.0763602+00:00","EndTime":"2024-05-28T18:08:58.0785455+00:00","Properties":[{"Key":{"Id":"NUnit.Seed","Label":"Seed","Category":"","Description":"","Attributes":0,"ValueType":"System.String"},"Value":"1328308580"}]},{"TestCase":{"Id":"3557124b-1479-89d8-92d4-e258c91754ad","FullyQualifiedName":"ShoppingAppTest.RepositoryTests.ReviewRepositoryTests.Add_Review_ShouldAddReview","DisplayName":"Add_Review_ShouldAddReview","ExecutorUri":"executor://NUnit3TestExecutor","Source":"C:\\Users\\vc\\Desktop\\Mini Project\\ShoppingAppSolution\\ShoppingAppTest\\bin\\Debug\\net6.0\\fine-code-coverage\\build-output\\ShoppingAppTest.dll","CodeFilePath":null,"LineNumber":0,"Properties":[{"Key":{"Id":"NUnit.Seed","Label":"Seed","Category":"","Description":"","Attributes":0,"ValueType":"System.String"},"Value":"2078651065"}]},"Attachments":[],"Outcome":1,"ErrorMessage":null,"ErrorStackTrace":null,"DisplayName":"Add_Review_ShouldAddReview","Messages":[],"ComputerName":"86RBBX3","Duration":"00:00:00.0086459","StartTime":"2024-05-28T18:08:58.0788682+00:00","EndTime":"2024-05-28T18:08:58.0875145+00:00","Properties":[{"Key":{"Id":"NUnit.Seed","Label":"Seed","Category":"","Description":"","Attributes":0,"ValueType":"System.String"},"Value":"2078651065"}]},{"TestCase":{"Id":"e2ff8dba-515f-125c-7e15-2cf6defbc772","FullyQualifiedName":"ShoppingAppTest.RepositoryTests.ReviewRepositoryTests.Delete_Review_ShouldDeleteReview","DisplayName":"Delete_Review_ShouldDeleteReview","ExecutorUri":"executor://NUnit3TestExecutor","Source":"C:\\Users\\vc\\Desktop\\Mini Project\\ShoppingAppSolution\\ShoppingAppTest\\bin\\Debug\\net6.0\\fine-code-coverage\\build-output\\ShoppingAppTest.dll","CodeFilePath":null,"LineNumber":0,"Properties":[{"Key":{"Id":"NUnit.Seed","Label":"Seed","Category":"","Description":"","Attributes":0,"ValueType":"System.String"},"Value":"1570860208"}]},"Attachments":[],"Outcome":1,"ErrorMessage":null,"ErrorStackTrace":null,"DisplayName":"Delete_Review_ShouldDeleteReview","Messages":[],"ComputerName":"86RBBX3","Duration":"00:00:00.0059650","StartTime":"2024-05-28T18:08:58.0875527+00:00","EndTime":"2024-05-28T18:08:58.093518+00:00","Properties":[{"Key":{"Id":"NUnit.Seed","Label":"Seed","Category":"","Description":"","Attributes":0,"ValueType":"System.String"},"Value":"1570860208"}]}],"TestRunStatistics":{"ExecutedTests":63,"Stats":{"Passed":59,"Failed":4}},"ActiveTests":[{"Id":"8c7d7d75-0cbf-8387-9b1c-9ee808a9de86","FullyQualifiedName":"ShoppingAppTest.RepositoryTests.ReviewRepositoryTests.Get_Review_ShouldReturnReview","DisplayName":"Get_Review_ShouldReturnReview","ExecutorUri":"executor://NUnit3TestExecutor","Source":"C:\\Users\\vc\\Desktop\\Mini Project\\ShoppingAppSolution\\ShoppingAppTest\\bin\\Debug\\net6.0\\fine-code-coverage\\build-output\\ShoppingAppTest.dll","CodeFilePath":null,"LineNumber":0,"Properties":[{"Key":{"Id":"NUnit.Seed","Label":"Seed","Category":"","Description":"","Attributes":0,"ValueType":"System.String"},"Value":"1411196192"}]}]}}
TpTrace Verbose: 0 : 23148, 13, 2024/05/28, 23:38:58.098, 3970615217162, vstest.console.dll, TestRunRequest:SendTestRunStatsChange: Starting.
TpTrace Verbose: 0 : 23148, 13, 2024/05/28, 23:38:58.098, 3970615217781, vstest.console.dll, InProgress is Get_Review_ShouldReturnReview
TpTrace Verbose: 0 : 23148, 13, 2024/05/28, 23:38:58.098, 3970615218484, vstest.console.dll, MulticastDelegateUtilities.SafeInvoke: TestRun.RunStatsChanged: Invoking callbacks was skipped because there are no subscribers.
TpTrace Information: 0 : 23148, 13, 2024/05/28, 23:38:58.098, 3970615218781, vstest.console.dll, TestRunRequest:SendTestRunStatsChange: Completed.
TpTrace Verbose: 0 : 23148, 13, 2024/05/28, 23:38:58.098, 3970615219123, vstest.console.dll, MulticastDelegateUtilities.SafeInvoke: LengthPrefixCommunicationChannel: MessageReceived: Invoking callback 1/1 for Microsoft.VisualStudio.TestPlatform.CommunicationUtilities.TestRequestSender+<>c__DisplayClass34_0., took 1 ms.
TpTrace Verbose: 0 : 23148, 4, 2024/05/28, 23:38:58.098, 3970615219110, vstest.console.dll, MulticastDelegateUtilities.SafeInvoke: InternalTestLoggerEvents.SendTestResult: Invoking callback 1/1 for Microsoft.VisualStudio.TestPlatform.CommandLine.Internal.ConsoleLogger., took 0 ms.
TpTrace Verbose: 0 : 23148, 13, 2024/05/28, 23:38:58.098, 3970615219615, vstest.console.dll, TcpClientExtensions.MessageLoopAsync: Polling on remoteEndPoint: 127.0.0.1:64017 localEndPoint: 127.0.0.1:64016 after 70 ms
TpTrace Verbose: 0 : 23148, 4, 2024/05/28, 23:38:58.098, 3970615221097, vstest.console.dll, MulticastDelegateUtilities.SafeInvoke: InternalTestLoggerEvents.SendTestResult: Invoking callback 1/1 for Microsoft.VisualStudio.TestPlatform.CommandLine.Internal.ConsoleLogger., took 0 ms.
TpTrace Verbose: 0 : 23148, 4, 2024/05/28, 23:38:58.099, 3970615224340, vstest.console.dll, MulticastDelegateUtilities.SafeInvoke: InternalTestLoggerEvents.SendTestResult: Invoking callback 1/1 for Microsoft.VisualStudio.TestPlatform.CommandLine.Internal.ConsoleLogger., took 0 ms.
TpTrace Verbose: 0 : 23148, 4, 2024/05/28, 23:38:58.100, 3970615233566, vstest.console.dll, MulticastDelegateUtilities.SafeInvoke: InternalTestLoggerEvents.SendTestResult: Invoking callback 1/1 for Microsoft.VisualStudio.TestPlatform.CommandLine.Internal.ConsoleLogger., took 0 ms.
TpTrace Verbose: 0 : 23148, 4, 2024/05/28, 23:38:58.100, 3970615237721, vstest.console.dll, MulticastDelegateUtilities.SafeInvoke: InternalTestLoggerEvents.SendTestResult: Invoking callback 1/1 for Microsoft.VisualStudio.TestPlatform.CommandLine.Internal.ConsoleLogger., took 0 ms.
TpTrace Verbose: 0 : 23148, 4, 2024/05/28, 23:38:58.100, 3970615241020, vstest.console.dll, MulticastDelegateUtilities.SafeInvoke: InternalTestLoggerEvents.SendTestResult: Invoking callback 1/1 for Microsoft.VisualStudio.TestPlatform.CommandLine.Internal.ConsoleLogger., took 0 ms.
TpTrace Verbose: 0 : 23148, 4, 2024/05/28, 23:38:58.101, 3970615245948, vstest.console.dll, MulticastDelegateUtilities.SafeInvoke: InternalTestLoggerEvents.SendTestResult: Invoking callback 1/1 for Microsoft.VisualStudio.TestPlatform.CommandLine.Internal.ConsoleLogger., took 0 ms.
TpTrace Verbose: 0 : 23148, 4, 2024/05/28, 23:38:58.101, 3970615247116, vstest.console.dll, MulticastDelegateUtilities.SafeInvoke: InternalTestLoggerEvents.SendTestResult: Invoking callback 1/1 for Microsoft.VisualStudio.TestPlatform.CommandLine.Internal.ConsoleLogger., took 0 ms.
TpTrace Verbose: 0 : 23148, 4, 2024/05/28, 23:38:58.101, 3970615247798, vstest.console.dll, MulticastDelegateUtilities.SafeInvoke: InternalTestLoggerEvents.SendTestResult: Invoking callback 1/1 for Microsoft.VisualStudio.TestPlatform.CommandLine.Internal.ConsoleLogger., took 0 ms.
TpTrace Verbose: 0 : 23148, 13, 2024/05/28, 23:38:58.120, 3970615436883, vstest.console.dll, TcpClientExtensions.MessageLoopAsync: NotifyDataAvailable remoteEndPoint: 127.0.0.1:64017 localEndPoint: 127.0.0.1:64016
TpTrace Verbose: 0 : 23148, 13, 2024/05/28, 23:38:58.120, 3970615440236, vstest.console.dll, TestRequestSender.OnExecutionMessageReceived: Received message: {"Version":7,"MessageType":"TestExecution.StatsChange","Payload":{"NewTestResults":[{"TestCase":{"Id":"8c7d7d75-0cbf-8387-9b1c-9ee808a9de86","FullyQualifiedName":"ShoppingAppTest.RepositoryTests.ReviewRepositoryTests.Get_Review_ShouldReturnReview","DisplayName":"Get_Review_ShouldReturnReview","ExecutorUri":"executor://NUnit3TestExecutor","Source":"C:\\Users\\vc\\Desktop\\Mini Project\\ShoppingAppSolution\\ShoppingAppTest\\bin\\Debug\\net6.0\\fine-code-coverage\\build-output\\ShoppingAppTest.dll","CodeFilePath":null,"LineNumber":0,"Properties":[{"Key":{"Id":"NUnit.Seed","Label":"Seed","Category":"","Description":"","Attributes":0,"ValueType":"System.String"},"Value":"1411196192"}]},"Attachments":[],"Outcome":1,"ErrorMessage":null,"ErrorStackTrace":null,"DisplayName":"Get_Review_ShouldReturnReview","Messages":[],"ComputerName":"86RBBX3","Duration":"00:00:00.0017570","StartTime":"2024-05-28T18:08:58.0935401+00:00","EndTime":"2024-05-28T18:08:58.0952964+00:00","Properties":[{"Key":{"Id":"NUnit.Seed","Label":"Seed","Category":"","Description":"","Attributes":0,"ValueType":"System.String"},"Value":"1411196192"}]},{"TestCase":{"Id":"1a33b9e8-8999-1bd1-421b-f1ea3ecd7753","FullyQualifiedName":"ShoppingAppTest.RepositoryTests.ReviewRepositoryTests.Get_Review_ShouldThrowNotFoundException","DisplayName":"Get_Review_ShouldThrowNotFoundException","ExecutorUri":"executor://NUnit3TestExecutor","Source":"C:\\Users\\vc\\Desktop\\Mini Project\\ShoppingAppSolution\\ShoppingAppTest\\bin\\Debug\\net6.0\\fine-code-coverage\\build-output\\ShoppingAppTest.dll","CodeFilePath":null,"LineNumber":0,"Properties":[{"Key":{"Id":"NUnit.Seed","Label":"Seed","Category":"","Description":"","Attributes":0,"ValueType":"System.String"},"Value":"1985444158"}]},"Attachments":[],"Outcome":1,"ErrorMessage":null,"ErrorStackTrace":null,"DisplayName":"Get_Review_ShouldThrowNotFoundException","Messages":[],"ComputerName":"86RBBX3","Duration":"00:00:00.0009780","StartTime":"2024-05-28T18:08:58.0953212+00:00","EndTime":"2024-05-28T18:08:58.0962993+00:00","Properties":[{"Key":{"Id":"NUnit.Seed","Label":"Seed","Category":"","Description":"","Attributes":0,"ValueType":"System.String"},"Value":"1985444158"}]},{"TestCase":{"Id":"87d77987-eda7-6b43-1da9-f67672382656","FullyQualifiedName":"ShoppingAppTest.RepositoryTests.ReviewRepositoryTests.Update_Review_ShouldUpdateReview","DisplayName":"Update_Review_ShouldUpdateReview","ExecutorUri":"executor://NUnit3TestExecutor","Source":"C:\\Users\\vc\\Desktop\\Mini Project\\ShoppingAppSolution\\ShoppingAppTest\\bin\\Debug\\net6.0\\fine-code-coverage\\build-output\\ShoppingAppTest.dll","CodeFilePath":null,"LineNumber":0,"Properties":[{"Key":{"Id":"NUnit.Seed","Label":"Seed","Category":"","Description":"","Attributes":0,"ValueType":"System.String"},"Value":"1256637967"}]},"Attachments":[],"Outcome":1,"ErrorMessage":null,"ErrorStackTrace":null,"DisplayName":"Update_Review_ShouldUpdateReview","Messages":[],"ComputerName":"86RBBX3","Duration":"00:00:00.0013510","StartTime":"2024-05-28T18:08:58.0963131+00:00","EndTime":"2024-05-28T18:08:58.0976641+00:00","Properties":[{"Key":{"Id":"NUnit.Seed","Label":"Seed","Category":"","Description":"","Attributes":0,"ValueType":"System.String"},"Value":"1256637967"}]},{"TestCase":{"Id":"50224583-80cf-09df-7202-a23c8e6c7ee0","FullyQualifiedName":"ShoppingAppTest.RepositoryTests.SellerRepositoryTests.Add_Seller_ShouldAddSeller","DisplayName":"Add_Seller_ShouldAddSeller","ExecutorUri":"executor://NUnit3TestExecutor","Source":"C:\\Users\\vc\\Desktop\\Mini Project\\ShoppingAppSolution\\ShoppingAppTest\\bin\\Debug\\net6.0\\fine-code-coverage\\build-output\\ShoppingAppTest.dll","CodeFilePath":null,"LineNumber":0,"Properties":[{"Key":{"Id":"NUnit.Seed","Label":"Seed","Category":"","Description":"","Attributes":0,"ValueType":"System.String"},"Value":"1666474675"}]},"Attachments":[],"Outcome":1,"ErrorMessage":null,"ErrorStackTrace":null,"DisplayName":"Add_Seller_ShouldAddSeller","Messages":[],"ComputerName":"86RBBX3","Duration":"00:00:00.0015230","StartTime":"2024-05-28T18:08:58.0977903+00:00","EndTime":"2024-05-28T18:08:58.0993134+00:00","Properties":[{"Key":{"Id":"NUnit.Seed","Label":"Seed","Category":"","Description":"","Attributes":0,"ValueType":"System.String"},"Value":"1666474675"}]},{"TestCase":{"Id":"ca977a7d-c105-9c08-d9fb-ee1f6b74f5ce","FullyQualifiedName":"ShoppingAppTest.RepositoryTests.SellerRepositoryTests.Delete_Seller_ShouldDeleteSeller","DisplayName":"Delete_Seller_ShouldDeleteSeller","ExecutorUri":"executor://NUnit3TestExecutor","Source":"C:\\Users\\vc\\Desktop\\Mini Project\\ShoppingAppSolution\\ShoppingAppTest\\bin\\Debug\\net6.0\\fine-code-coverage\\build-output\\ShoppingAppTest.dll","CodeFilePath":null,"LineNumber":0,"Properties":[{"Key":{"Id":"NUnit.Seed","Label":"Seed","Category":"","Description":"","Attributes":0,"ValueType":"System.String"},"Value":"1823188462"}]},"Attachments":[],"Outcome":1,"ErrorMessage":null,"ErrorStackTrace":null,"DisplayName":"Delete_Seller_ShouldDeleteSeller","Messages":[],"ComputerName":"86RBBX3","Duration":"00:00:00.0086770","StartTime":"2024-05-28T18:08:58.0993304+00:00","EndTime":"2024-05-28T18:08:58.1080072+00:00","Properties":[{"Key":{"Id":"NUnit.Seed","Label":"Seed","Category":"","Description":"","Attributes":0,"ValueType":"System.String"},"Value":"1823188462"}]},{"TestCase":{"Id":"4a652251-851b-6942-1ef6-878b6037d526","FullyQualifiedName":"ShoppingAppTest.RepositoryTests.SellerRepositoryTests.Get_Seller_ShouldReturnSeller","DisplayName":"Get_Seller_ShouldReturnSeller","ExecutorUri":"executor://NUnit3TestExecutor","Source":"C:\\Users\\vc\\Desktop\\Mini Project\\ShoppingAppSolution\\ShoppingAppTest\\bin\\Debug\\net6.0\\fine-code-coverage\\build-output\\ShoppingAppTest.dll","CodeFilePath":null,"LineNumber":0,"Properties":[{"Key":{"Id":"NUnit.Seed","Label":"Seed","Category":"","Description":"","Attributes":0,"ValueType":"System.String"},"Value":"1124225917"}]},"Attachments":[],"Outcome":1,"ErrorMessage":null,"ErrorStackTrace":null,"DisplayName":"Get_Seller_ShouldReturnSeller","Messages":[],"ComputerName":"86RBBX3","Duration":"00:00:00.0012110","StartTime":"2024-05-28T18:08:58.1080275+00:00","EndTime":"2024-05-28T18:08:58.1092382+00:00","Properties":[{"Key":{"Id":"NUnit.Seed","Label":"Seed","Category":"","Description":"","Attributes":0,"ValueType":"System.String"},"Value":"1124225917"}]},{"TestCase":{"Id":"4d004767-ca68-8fb0-5330-cec42ff65026","FullyQualifiedName":"ShoppingAppTest.RepositoryTests.SellerRepositoryTests.Get_Seller_ShouldThrowNotFoundException","DisplayName":"Get_Seller_ShouldThrowNotFoundException","ExecutorUri":"executor://NUnit3TestExecutor","Source":"C:\\Users\\vc\\Desktop\\Mini Project\\ShoppingAppSolution\\ShoppingAppTest\\bin\\Debug\\net6.0\\fine-code-coverage\\build-output\\ShoppingAppTest.dll","CodeFilePath":null,"LineNumber":0,"Properties":[{"Key":{"Id":"NUnit.Seed","Label":"Seed","Category":"","Description":"","Attributes":0,"ValueType":"System.String"},"Value":"1975034355"}]},"Attachments":[],"Outcome":1,"ErrorMessage":null,"ErrorStackTrace":null,"DisplayName":"Get_Seller_ShouldThrowNotFoundException","Messages":[],"ComputerName":"86RBBX3","Duration":"00:00:00.0010150","StartTime":"2024-05-28T18:08:58.1092534+00:00","EndTime":"2024-05-28T18:08:58.1102682+00:00","Properties":[{"Key":{"Id":"NUnit.Seed","Label":"Seed","Category":"","Description":"","Attributes":0,"ValueType":"System.String"},"Value":"1975034355"}]},{"TestCase":{"Id":"4a0c8d44-a533-197b-dc70-807dc94c9f1d","FullyQualifiedName":"ShoppingAppTest.RepositoryTests.SellerRepositoryTests.GetSellerByEmail_ShouldReturnSeller","DisplayName":"GetSellerByEmail_ShouldReturnSeller","ExecutorUri":"executor://NUnit3TestExecutor","Source":"C:\\Users\\vc\\Desktop\\Mini Project\\ShoppingAppSolution\\ShoppingAppTest\\bin\\Debug\\net6.0\\fine-code-coverage\\build-output\\ShoppingAppTest.dll","CodeFilePath":null,"LineNumber":0,"Properties":[{"Key":{"Id":"NUnit.Seed","Label":"Seed","Category":"","Description":"","Attributes":0,"ValueType":"System.String"},"Value":"328504747"}]},"Attachments":[],"Outcome":1,"ErrorMessage":null,"ErrorStackTrace":null,"DisplayName":"GetSellerByEmail_ShouldReturnSeller","Messages":[],"ComputerName":"86RBBX3","Duration":"00:00:00.0057960","StartTime":"2024-05-28T18:08:58.1102798+00:00","EndTime":"2024-05-28T18:08:58.1160761+00:00","Properties":[{"Key":{"Id":"NUnit.Seed","Label":"Seed","Category":"","Description":"","Attributes":0,"ValueType":"System.String"},"Value":"328504747"}]},{"TestCase":{"Id":"7f6d6b67-918f-f4f0-1b59-bc411a42a8d0","FullyQualifiedName":"ShoppingAppTest.RepositoryTests.SellerRepositoryTests.Update_Seller_ShouldUpdateSeller","DisplayName":"Update_Seller_ShouldUpdateSeller","ExecutorUri":"executor://NUnit3TestExecutor","Source":"C:\\Users\\vc\\Desktop\\Mini Project\\ShoppingAppSolution\\ShoppingAppTest\\bin\\Debug\\net6.0\\fine-code-coverage\\build-output\\ShoppingAppTest.dll","CodeFilePath":null,"LineNumber":0,"Properties":[{"Key":{"Id":"NUnit.Seed","Label":"Seed","Category":"","Description":"","Attributes":0,"ValueType":"System.String"},"Value":"1972197375"}]},"Attachments":[],"Outcome":1,"ErrorMessage":null,"ErrorStackTrace":null,"DisplayName":"Update_Seller_ShouldUpdateSeller","Messages":[],"ComputerName":"86RBBX3","Duration":"00:00:00.0011530","StartTime":"2024-05-28T18:08:58.1160961+00:00","EndTime":"2024-05-28T18:08:58.1172485+00:00","Properties":[{"Key":{"Id":"NUnit.Seed","Label":"Seed","Category":"","Description":"","Attributes":0,"ValueType":"System.String"},"Value":"1972197375"}]}],"TestRunStatistics":{"ExecutedTests":72,"Stats":{"Passed":68,"Failed":4}},"ActiveTests":[{"Id":"de1a3e03-5545-0822-c582-a538225c6414","FullyQualifiedName":"ShoppingAppTest.RepositoryTests.UserRepositoryTests.GetCustomerDetailByEmail_ShouldReturnUser","DisplayName":"GetCustomerDetailByEmail_ShouldReturnUser","ExecutorUri":"executor://NUnit3TestExecutor","Source":"C:\\Users\\vc\\Desktop\\Mini Project\\ShoppingAppSolution\\ShoppingAppTest\\bin\\Debug\\net6.0\\fine-code-coverage\\build-output\\ShoppingAppTest.dll","CodeFilePath":null,"LineNumber":0,"Properties":[{"Key":{"Id":"NUnit.Seed","Label":"Seed","Category":"","Description":"","Attributes":0,"ValueType":"System.String"},"Value":"563933418"}]}]}}
TpTrace Verbose: 0 : 23148, 13, 2024/05/28, 23:38:58.121, 3970615450332, vstest.console.dll, TestRunRequest:SendTestRunStatsChange: Starting.
TpTrace Verbose: 0 : 23148, 13, 2024/05/28, 23:38:58.121, 3970615450959, vstest.console.dll, InProgress is GetCustomerDetailByEmail_ShouldReturnUser
TpTrace Verbose: 0 : 23148, 13, 2024/05/28, 23:38:58.121, 3970615451430, vstest.console.dll, MulticastDelegateUtilities.SafeInvoke: TestRun.RunStatsChanged: Invoking callbacks was skipped because there are no subscribers.
TpTrace Information: 0 : 23148, 13, 2024/05/28, 23:38:58.121, 3970615451665, vstest.console.dll, TestRunRequest:SendTestRunStatsChange: Completed.
TpTrace Verbose: 0 : 23148, 13, 2024/05/28, 23:38:58.122, 3970615451919, vstest.console.dll, MulticastDelegateUtilities.SafeInvoke: LengthPrefixCommunicationChannel: MessageReceived: Invoking callback 1/1 for Microsoft.VisualStudio.TestPlatform.CommunicationUtilities.TestRequestSender+<>c__DisplayClass34_0., took 1 ms.
TpTrace Verbose: 0 : 23148, 4, 2024/05/28, 23:38:58.122, 3970615452262, vstest.console.dll, MulticastDelegateUtilities.SafeInvoke: InternalTestLoggerEvents.SendTestResult: Invoking callback 1/1 for Microsoft.VisualStudio.TestPlatform.CommandLine.Internal.ConsoleLogger., took 0 ms.
TpTrace Verbose: 0 : 23148, 13, 2024/05/28, 23:38:58.122, 3970615452498, vstest.console.dll, TcpClientExtensions.MessageLoopAsync: Polling on remoteEndPoint: 127.0.0.1:64017 localEndPoint: 127.0.0.1:64016 after 23 ms
TpTrace Verbose: 0 : 23148, 4, 2024/05/28, 23:38:58.122, 3970615454323, vstest.console.dll, MulticastDelegateUtilities.SafeInvoke: InternalTestLoggerEvents.SendTestResult: Invoking callback 1/1 for Microsoft.VisualStudio.TestPlatform.CommandLine.Internal.ConsoleLogger., took 0 ms.
TpTrace Verbose: 0 : 23148, 4, 2024/05/28, 23:38:58.122, 3970615455907, vstest.console.dll, MulticastDelegateUtilities.SafeInvoke: InternalTestLoggerEvents.SendTestResult: Invoking callback 1/1 for Microsoft.VisualStudio.TestPlatform.CommandLine.Internal.ConsoleLogger., took 0 ms.
TpTrace Verbose: 0 : 23148, 4, 2024/05/28, 23:38:58.122, 3970615456406, vstest.console.dll, MulticastDelegateUtilities.SafeInvoke: InternalTestLoggerEvents.SendTestResult: Invoking callback 1/1 for Microsoft.VisualStudio.TestPlatform.CommandLine.Internal.ConsoleLogger., took 0 ms.
TpTrace Verbose: 0 : 23148, 4, 2024/05/28, 23:38:58.122, 3970615456893, vstest.console.dll, MulticastDelegateUtilities.SafeInvoke: InternalTestLoggerEvents.SendTestResult: Invoking callback 1/1 for Microsoft.VisualStudio.TestPlatform.CommandLine.Internal.ConsoleLogger., took 0 ms.
TpTrace Verbose: 0 : 23148, 4, 2024/05/28, 23:38:58.122, 3970615457342, vstest.console.dll, MulticastDelegateUtilities.SafeInvoke: InternalTestLoggerEvents.SendTestResult: Invoking callback 1/1 for Microsoft.VisualStudio.TestPlatform.CommandLine.Internal.ConsoleLogger., took 0 ms.
TpTrace Verbose: 0 : 23148, 4, 2024/05/28, 23:38:58.122, 3970615457836, vstest.console.dll, MulticastDelegateUtilities.SafeInvoke: InternalTestLoggerEvents.SendTestResult: Invoking callback 1/1 for Microsoft.VisualStudio.TestPlatform.CommandLine.Internal.ConsoleLogger., took 0 ms.
TpTrace Verbose: 0 : 23148, 4, 2024/05/28, 23:38:58.122, 3970615458311, vstest.console.dll, MulticastDelegateUtilities.SafeInvoke: InternalTestLoggerEvents.SendTestResult: Invoking callback 1/1 for Microsoft.VisualStudio.TestPlatform.CommandLine.Internal.ConsoleLogger., took 0 ms.
TpTrace Verbose: 0 : 23148, 4, 2024/05/28, 23:38:58.122, 3970615458946, vstest.console.dll, MulticastDelegateUtilities.SafeInvoke: InternalTestLoggerEvents.SendTestResult: Invoking callback 1/1 for Microsoft.VisualStudio.TestPlatform.CommandLine.Internal.ConsoleLogger., took 0 ms.
TpTrace Verbose: 0 : 23148, 13, 2024/05/28, 23:38:58.181, 3970616046311, vstest.console.dll, TcpClientExtensions.MessageLoopAsync: NotifyDataAvailable remoteEndPoint: 127.0.0.1:64017 localEndPoint: 127.0.0.1:64016
TpTrace Verbose: 0 : 23148, 13, 2024/05/28, 23:38:58.181, 3970616050407, vstest.console.dll, TestRequestSender.OnExecutionMessageReceived: Received message: {"Version":7,"MessageType":"TestSession.Message","Payload":{"MessageLevel":0,"Message":"NUnit Adapter 4.4.0.0: Test execution complete"}}
TpTrace Verbose: 0 : 23148, 13, 2024/05/28, 23:38:58.182, 3970616053071, vstest.console.dll, TestRunRequest:SendTestRunMessage: Starting.
TpTrace Verbose: 0 : 23148, 13, 2024/05/28, 23:38:58.182, 3970616054319, vstest.console.dll, MulticastDelegateUtilities.SafeInvoke: TestRun.LogMessages: Invoking callback 1/1 for Microsoft.VisualStudio.TestPlatform.CommandLine.TestRunResultAggregator., took 0 ms.
TpTrace Verbose: 0 : 23148, 4, 2024/05/28, 23:38:58.182, 3970616054583, vstest.console.dll, MulticastDelegateUtilities.SafeInvoke: InternalTestLoggerEvents.SendTestRunMessage: Invoking callback 1/1 for Microsoft.VisualStudio.TestPlatform.CommandLine.Internal.ConsoleLogger., took 0 ms.
TpTrace Information: 0 : 23148, 13, 2024/05/28, 23:38:58.182, 3970616055090, vstest.console.dll, TestRunRequest:SendTestRunMessage: Completed.
TpTrace Verbose: 0 : 23148, 13, 2024/05/28, 23:38:58.182, 3970616058482, vstest.console.dll, MulticastDelegateUtilities.SafeInvoke: LengthPrefixCommunicationChannel: MessageReceived: Invoking callback 1/1 for Microsoft.VisualStudio.TestPlatform.CommunicationUtilities.TestRequestSender+<>c__DisplayClass34_0., took 0 ms.
TpTrace Verbose: 0 : 23148, 13, 2024/05/28, 23:38:58.182, 3970616059041, vstest.console.dll, TcpClientExtensions.MessageLoopAsync: Polling on remoteEndPoint: 127.0.0.1:64017 localEndPoint: 127.0.0.1:64016 after 60 ms
TpTrace Verbose: 0 : 23148, 13, 2024/05/28, 23:38:58.198, 3970616212236, vstest.console.dll, TcpClientExtensions.MessageLoopAsync: NotifyDataAvailable remoteEndPoint: 127.0.0.1:64017 localEndPoint: 127.0.0.1:64016
TpTrace Verbose: 0 : 23148, 13, 2024/05/28, 23:38:58.198, 3970616215311, vstest.console.dll, TestRequestSender.OnExecutionMessageReceived: Received message: {"Version":7,"MessageType":"TestExecution.Completed","Payload":{"TestRunCompleteArgs":{"TestRunStatistics":{"ExecutedTests":76,"Stats":{"Passed":72,"Failed":4}},"IsCanceled":false,"IsAborted":false,"Error":null,"AttachmentSets":[],"InvokedDataCollectors":[],"ElapsedTimeInRunningTests":"00:00:01.7817682","Metrics":{},"DiscoveredExtensions":{"TestDiscoverers":["NUnit.VisualStudio.TestAdapter.NUnit3TestDiscoverer, NUnit3.TestAdapter, Version=4.4.0.0, Culture=neutral, PublicKeyToken=4cb40d35494691ac"],"TestExecutors":["executor://NUnit3TestExecutor"],"TestExecutors2":[],"TestSettingsProviders":[]}},"LastRunTests":{"NewTestResults":[{"TestCase":{"Id":"de1a3e03-5545-0822-c582-a538225c6414","FullyQualifiedName":"ShoppingAppTest.RepositoryTests.UserRepositoryTests.GetCustomerDetailByEmail_ShouldReturnUser","DisplayName":"GetCustomerDetailByEmail_ShouldReturnUser","ExecutorUri":"executor://NUnit3TestExecutor","Source":"C:\\Users\\vc\\Desktop\\Mini Project\\ShoppingAppSolution\\ShoppingAppTest\\bin\\Debug\\net6.0\\fine-code-coverage\\build-output\\ShoppingAppTest.dll","CodeFilePath":null,"LineNumber":0,"Properties":[{"Key":{"Id":"NUnit.Seed","Label":"Seed","Category":"","Description":"","Attributes":0,"ValueType":"System.String"},"Value":"563933418"}]},"Attachments":[],"Outcome":1,"ErrorMessage":null,"ErrorStackTrace":null,"DisplayName":"GetCustomerDetailByEmail_ShouldReturnUser","Messages":[],"ComputerName":"86RBBX3","Duration":"00:00:00.0312220","StartTime":"2024-05-28T18:08:58.1173933+00:00","EndTime":"2024-05-28T18:08:58.1486149+00:00","Properties":[{"Key":{"Id":"NUnit.Seed","Label":"Seed","Category":"","Description":"","Attributes":0,"ValueType":"System.String"},"Value":"563933418"}]},{"TestCase":{"Id":"1d458b78-b671-b860-ef57-4628b4bd1092","FullyQualifiedName":"ShoppingAppTest.RepositoryTests.UserRepositoryTests.GetSellerDetailByEmail_ShouldReturnUser","DisplayName":"GetSellerDetailByEmail_ShouldReturnUser","ExecutorUri":"executor://NUnit3TestExecutor","Source":"C:\\Users\\vc\\Desktop\\Mini Project\\ShoppingAppSolution\\ShoppingAppTest\\bin\\Debug\\net6.0\\fine-code-coverage\\build-output\\ShoppingAppTest.dll","CodeFilePath":null,"LineNumber":0,"Properties":[{"Key":{"Id":"NUnit.Seed","Label":"Seed","Category":"","Description":"","Attributes":0,"ValueType":"System.String"},"Value":"319148105"}]},"Attachments":[],"Outcome":1,"ErrorMessage":null,"ErrorStackTrace":null,"DisplayName":"GetSellerDetailByEmail_ShouldReturnUser","Messages":[],"ComputerName":"86RBBX3","Duration":"00:00:00.0131940","StartTime":"2024-05-28T18:08:58.148658+00:00","EndTime":"2024-05-28T18:08:58.1618519+00:00","Properties":[{"Key":{"Id":"NUnit.Seed","Label":"Seed","Category":"","Description":"","Attributes":0,"ValueType":"System.String"},"Value":"319148105"}]},{"TestCase":{"Id":"04a8a0ab-253f-9a06-a95c-27d107a34674","FullyQualifiedName":"ShoppingAppTest.RepositoryTests.UserRepositoryTests.GetUserById_ShouldReturnUser","DisplayName":"GetUserById_ShouldReturnUser","ExecutorUri":"executor://NUnit3TestExecutor","Source":"C:\\Users\\vc\\Desktop\\Mini Project\\ShoppingAppSolution\\ShoppingAppTest\\bin\\Debug\\net6.0\\fine-code-coverage\\build-output\\ShoppingAppTest.dll","CodeFilePath":null,"LineNumber":0,"Properties":[{"Key":{"Id":"NUnit.Seed","Label":"Seed","Category":"","Description":"","Attributes":0,"ValueType":"System.String"},"Value":"1406704023"}]},"Attachments":[],"Outcome":1,"ErrorMessage":null,"ErrorStackTrace":null,"DisplayName":"GetUserById_ShouldReturnUser","Messages":[],"ComputerName":"86RBBX3","Duration":"00:00:00.0070610","StartTime":"2024-05-28T18:08:58.1618783+00:00","EndTime":"2024-05-28T18:08:58.1689386+00:00","Properties":[{"Key":{"Id":"NUnit.Seed","Label":"Seed","Category":"","Description":"","Attributes":0,"ValueType":"System.String"},"Value":"1406704023"}]},{"TestCase":{"Id":"24507efb-9298-1e5c-93e3-9d64789f7c63","FullyQualifiedName":"ShoppingAppTest.RepositoryTests.UserRepositoryTests.GetUserById_ShouldThrowNotFoundException","DisplayName":"GetUserById_ShouldThrowNotFoundException","ExecutorUri":"executor://NUnit3TestExecutor","Source":"C:\\Users\\vc\\Desktop\\Mini Project\\ShoppingAppSolution\\ShoppingAppTest\\bin\\Debug\\net6.0\\fine-code-coverage\\build-output\\ShoppingAppTest.dll","CodeFilePath":null,"LineNumber":0,"Properties":[{"Key":{"Id":"NUnit.Seed","Label":"Seed","Category":"","Description":"","Attributes":0,"ValueType":"System.String"},"Value":"1405913400"}]},"Attachments":[],"Outcome":1,"ErrorMessage":null,"ErrorStackTrace":null,"DisplayName":"GetUserById_ShouldThrowNotFoundException","Messages":[],"ComputerName":"86RBBX3","Duration":"00:00:00.0010990","StartTime":"2024-05-28T18:08:58.1689746+00:00","EndTime":"2024-05-28T18:08:58.1700734+00:00","Properties":[{"Key":{"Id":"NUnit.Seed","Label":"Seed","Category":"","Description":"","Attributes":0,"ValueType":"System.String"},"Value":"1405913400"}]}],"TestRunStatistics":{"ExecutedTests":76,"Stats":{"Passed":72,"Failed":4}},"ActiveTests":[]},"RunAttachments":[],"ExecutorUris":["executor://nunit3testexecutor/"]}}
TpTrace Verbose: 0 : 23148, 13, 2024/05/28, 23:38:58.198, 3970616217678, vstest.console.dll, TestRequestSender.EndSession: Sending end session.
TpTrace Verbose: 0 : 23148, 13, 2024/05/28, 23:38:58.198, 3970616219103, vstest.console.dll, ProxyOperationManager.Close: waiting for test host to exit for 100 ms
TpTrace Verbose: 0 : 23148, 11, 2024/05/28, 23:38:58.235, 3970616583951, vstest.console.dll, TestHostManagerCallbacks.ctor: Experimental forwarding output is disabled.
TpTrace Warning: 0 : 23148, 11, 2024/05/28, 23:38:58.235, 3970616585897, vstest.console.dll, TestHostManagerCallbacks.ErrorReceivedCallback Test host standard error line: 
TpTrace Verbose: 0 : 23148, 11, 2024/05/28, 23:38:58.248, 3970616712367, vstest.console.dll, TestHostProvider.ExitCallBack: Host exited starting callback.
TpTrace Information: 0 : 23148, 11, 2024/05/28, 23:38:58.248, 3970616713956, vstest.console.dll, TestHostManagerCallbacks.ExitCallBack: Testhost processId: 6996 exited with exitcode: 0 error: ''
TpTrace Verbose: 0 : 23148, 11, 2024/05/28, 23:38:58.248, 3970616714358, vstest.console.dll, DotnetTestHostManager.OnHostExited: invoking OnHostExited callback
TpTrace Verbose: 0 : 23148, 11, 2024/05/28, 23:38:58.248, 3970616714863, vstest.console.dll, CrossPlatEngine.TestHostManagerHostExited: calling on client process exit callback.
TpTrace Information: 0 : 23148, 11, 2024/05/28, 23:38:58.248, 3970616715349, vstest.console.dll, TestRequestSender.OnClientProcessExit: Test host process exited. Standard error: 
TpTrace Information: 0 : 23148, 11, 2024/05/28, 23:38:58.248, 3970616715787, vstest.console.dll, SocketServer.Stop: Stop server endPoint: 127.0.0.1:64016
TpTrace Information: 0 : 23148, 11, 2024/05/28, 23:38:58.248, 3970616716076, vstest.console.dll, SocketServer.Stop: Cancellation requested. Stopping message loop.
TpTrace Information: 0 : 23148, 13, 2024/05/28, 23:38:58.248, 3970616716586, vstest.console.dll, SocketServer.Stop: Stop server endPoint: 127.0.0.1:64016
TpTrace Verbose: 0 : 23148, 11, 2024/05/28, 23:38:58.248, 3970616716969, vstest.console.dll, MulticastDelegateUtilities.SafeInvoke: HostProviderEvents.OnHostExited: Invoking callback 1/1 for Microsoft.VisualStudio.TestPlatform.CrossPlatEngine.Client.ProxyOperationManager., took 0 ms.
TpTrace Information: 0 : 23148, 13, 2024/05/28, 23:38:58.252, 3970616752879, vstest.console.dll, SocketServer.Stop: Cancellation requested. Stopping message loop.
TpTrace Information: 0 : 23148, 13, 2024/05/28, 23:38:58.252, 3970616757321, vstest.console.dll, Closing the connection
TpTrace Verbose: 0 : 23148, 13, 2024/05/28, 23:38:58.252, 3970616759482, vstest.console.dll, ProxyDataCollectionManager.InvokeDataCollectionServiceAction: Starting.
TpTrace Information: 0 : 23148, 13, 2024/05/28, 23:38:58.252, 3970616759952, vstest.console.dll, ProxyDataCollectionManager.AfterTestRunEnd: Get attachment set and invoked data collectors processId: 23468 port: 64013
TpTrace Verbose: 0 : 23148, 13, 2024/05/28, 23:38:58.252, 3970616760453, vstest.console.dll, DataCollectionRequestSender.SendAfterTestRunStartAndGetResult: Send AfterTestRunEnd message with isCancelled: False
TpTrace Verbose: 0 : 23148, 13, 2024/05/28, 23:38:58.260, 3970616840282, vstest.console.dll, DataCollectionRequestSender.SendAfterTestRunStartAndGetResult: Received message: (DataCollection.AfterTestRunEndResult) -> {"MessageType":"DataCollection.AfterTestRunEndResult","Payload":{"AttachmentSets":[],"InvokedDataCollectors":[{"Uri":"datacollector://Microsoft/TestPlatform/Extensions/Blame/v1","FriendlyName":"Blame","AssemblyQualifiedName":"Microsoft.TestPlatform.Extensions.BlameDataCollector.BlameCollector, Microsoft.TestPlatform.Extensions.BlameDataCollector, Version=15.0.0.0, Culture=neutral, PublicKeyToken=b03f5f7f11d50a3a","FilePath":"C:\\Program Files\\dotnet\\sdk\\8.0.202\\Extensions\\Microsoft.TestPlatform.Extensions.BlameDataCollector.dll","HasAttachmentProcessor":false}],"Metrics":{}}}
TpTrace Information: 0 : 23148, 13, 2024/05/28, 23:38:58.267, 3970616908337, vstest.console.dll, ProxyDataCollectionManager.InvokeDataCollectionServiceAction: Completed.
TpTrace Warning: 0 : 23148, 10, 2024/05/28, 23:38:58.278, 3970617014763, vstest.console.dll, DataCollectionLauncher.ErrorReceivedCallback datacollector standard error line: 
TpTrace Information: 0 : 23148, 10, 2024/05/28, 23:38:58.286, 3970617094339, vstest.console.dll, DataCollectionLauncher.ExitCallBack: Data collector exited with exitcode: 0 error: ''
TpTrace Verbose: 0 : 23148, 13, 2024/05/28, 23:38:58.295, 3970617184812, vstest.console.dll, TestRunRequest:SendTestRunStatsChange: Starting.
TpTrace Verbose: 0 : 23148, 13, 2024/05/28, 23:38:58.295, 3970617185944, vstest.console.dll, MulticastDelegateUtilities.SafeInvoke: TestRun.RunStatsChanged: Invoking callbacks was skipped because there are no subscribers.
TpTrace Information: 0 : 23148, 13, 2024/05/28, 23:38:58.295, 3970617186326, vstest.console.dll, TestRunRequest:SendTestRunStatsChange: Completed.
TpTrace Verbose: 0 : 23148, 4, 2024/05/28, 23:38:58.295, 3970617188142, vstest.console.dll, MulticastDelegateUtilities.SafeInvoke: InternalTestLoggerEvents.SendTestResult: Invoking callback 1/1 for Microsoft.VisualStudio.TestPlatform.CommandLine.Internal.ConsoleLogger., took 0 ms.
TpTrace Verbose: 0 : 23148, 4, 2024/05/28, 23:38:58.295, 3970617189027, vstest.console.dll, MulticastDelegateUtilities.SafeInvoke: InternalTestLoggerEvents.SendTestResult: Invoking callback 1/1 for Microsoft.VisualStudio.TestPlatform.CommandLine.Internal.ConsoleLogger., took 0 ms.
TpTrace Verbose: 0 : 23148, 13, 2024/05/28, 23:38:58.295, 3970617189190, vstest.console.dll, ParallelProxyExecutionManager: HandlePartialRunComplete: Total workloads = 1, Total started clients = 1 Total completed clients = 1, Run complete = True, Run canceled: False.
TpTrace Verbose: 0 : 23148, 4, 2024/05/28, 23:38:58.295, 3970617189499, vstest.console.dll, MulticastDelegateUtilities.SafeInvoke: InternalTestLoggerEvents.SendTestResult: Invoking callback 1/1 for Microsoft.VisualStudio.TestPlatform.CommandLine.Internal.ConsoleLogger., took 0 ms.
TpTrace Verbose: 0 : 23148, 4, 2024/05/28, 23:38:58.295, 3970617190213, vstest.console.dll, MulticastDelegateUtilities.SafeInvoke: InternalTestLoggerEvents.SendTestResult: Invoking callback 1/1 for Microsoft.VisualStudio.TestPlatform.CommandLine.Internal.ConsoleLogger., took 0 ms.
TpTrace Verbose: 0 : 23148, 13, 2024/05/28, 23:38:58.295, 3970617189759, vstest.console.dll, ParallelProxyExecutionManager: HandlePartialRunComplete: All runs completed stopping all managers.
TpTrace Verbose: 0 : 23148, 13, 2024/05/28, 23:38:58.295, 3970617191614, vstest.console.dll, ParallelOperationManager.StopAllManagers: Stopping all managers.
TpTrace Verbose: 0 : 23148, 13, 2024/05/28, 23:38:58.296, 3970617191929, vstest.console.dll, ParallelOperationManager.ClearSlots: Clearing all slots. Slots should accept more work: False
TpTrace Verbose: 0 : 23148, 13, 2024/05/28, 23:38:58.296, 3970617192232, vstest.console.dll, ParallelOperationManager.SetOccupiedSlotCount: Setting slot counts AvailableSlotCount = 1, OccupiedSlotCount = 0.
TpTrace Verbose: 0 : 23148, 13, 2024/05/28, 23:38:58.296, 3970617192567, vstest.console.dll, Occupied slots:

TpTrace Verbose: 0 : 23148, 4, 2024/05/28, 23:38:58.301, 3970617250645, vstest.console.dll, MulticastDelegateUtilities.SafeInvoke: InternalTestLoggerEvents.SendTestRunComplete: Invoking callback 1/2 for Microsoft.TestPlatform.Extensions.BlameDataCollector.BlameLogger., took 0 ms.
TpTrace Verbose: 0 : 23148, 4, 2024/05/28, 23:38:58.307, 3970617302231, vstest.console.dll, MulticastDelegateUtilities.SafeInvoke: InternalTestLoggerEvents.SendTestRunComplete: Invoking callback 2/2 for Microsoft.VisualStudio.TestPlatform.CommandLine.Internal.ConsoleLogger., took 5 ms.
TpTrace Verbose: 0 : 23148, 13, 2024/05/28, 23:38:58.307, 3970617305730, vstest.console.dll, TestRunRequest:TestRunComplete: Starting. IsAborted:False IsCanceled:False.
TpTrace Verbose: 0 : 23148, 13, 2024/05/28, 23:38:58.307, 3970617307697, vstest.console.dll, ParallelOperationManager.DoActionOnAllManagers: Calling an action on all managers.
TpTrace Verbose: 0 : 23148, 13, 2024/05/28, 23:38:58.308, 3970617317896, vstest.console.dll, TestLoggerManager.HandleTestRunComplete: Ignoring as the object is disposed.
TpTrace Verbose: 0 : 23148, 13, 2024/05/28, 23:38:58.308, 3970617320316, vstest.console.dll, MulticastDelegateUtilities.SafeInvoke: TestRun.TestRunComplete: Invoking callback 1/2 for Microsoft.VisualStudio.TestPlatform.CommandLine.TestRunResultAggregator., took 0 ms.
TpTrace Verbose: 0 : 23148, 13, 2024/05/28, 23:38:58.309, 3970617321979, vstest.console.dll, MulticastDelegateUtilities.SafeInvoke: TestRun.TestRunComplete: Invoking callback 2/2 for Microsoft.VisualStudio.TestPlatform.CommandLine.Processors.RunTestsArgumentExecutor+TestRunRequestEventsRegistrar., took 0 ms.
TpTrace Information: 0 : 23148, 13, 2024/05/28, 23:38:58.309, 3970617322944, vstest.console.dll, TestRunRequest:TestRunComplete: Completed.
TpTrace Verbose: 0 : 23148, 13, 2024/05/28, 23:38:58.309, 3970617323318, vstest.console.dll, TestRequestSender.SetOperationComplete: Setting operation complete.
TpTrace Information: 0 : 23148, 13, 2024/05/28, 23:38:58.309, 3970617323621, vstest.console.dll, SocketServer.Stop: Stop server endPoint: 127.0.0.1:64016
TpTrace Verbose: 0 : 23148, 1, 2024/05/28, 23:38:58.309, 3970617323621, vstest.console.dll, TestRunRequest.Dispose: Starting.
TpTrace Information: 0 : 23148, 1, 2024/05/28, 23:38:58.309, 3970617325463, vstest.console.dll, TestRunRequest.Dispose: Completed.
TpTrace Information: 0 : 23148, 1, 2024/05/28, 23:38:58.309, 3970617326431, vstest.console.dll, TestRequestManager.RunTests: run tests completed.
TpTrace Information: 0 : 23148, 13, 2024/05/28, 23:38:58.309, 3970617323934, vstest.console.dll, SocketServer.Stop: Cancellation requested. Stopping message loop.
TpTrace Information: 0 : 23148, 1, 2024/05/28, 23:38:58.309, 3970617327279, vstest.console.dll, RunTestsArgumentProcessor:Execute: Test run is completed.
TpTrace Verbose: 0 : 23148, 13, 2024/05/28, 23:38:58.309, 3970617328867, vstest.console.dll, MulticastDelegateUtilities.SafeInvoke: LengthPrefixCommunicationChannel: MessageReceived: Invoking callback 1/1 for Microsoft.VisualStudio.TestPlatform.CommunicationUtilities.TestRequestSender+<>c__DisplayClass34_0., took 111 ms.
TpTrace Information: 0 : 23148, 13, 2024/05/28, 23:38:58.309, 3970617329665, vstest.console.dll, SocketServer.PrivateStop: Stopping server endPoint: 127.0.0.1:64016 error: 
TpTrace Verbose: 0 : 23148, 1, 2024/05/28, 23:38:58.309, 3970617330017, vstest.console.dll, Executor.Execute: Exiting with exit code of 1
TpTrace Verbose: 0 : 23148, 13, 2024/05/28, 23:38:58.310, 3970617336129, vstest.console.dll, LengthPrefixCommunicationChannel.Dispose: Dispose reader and writer.
TpTrace Information: 0 : 23148, 13, 2024/05/28, 23:38:58.310, 3970617336850, vstest.console.dll, SocketServer.Stop: Raise disconnected event endPoint: 127.0.0.1:64016 error: 
